0 0.000801643 
0.01 0.00137756 
0.02 0.00252955 
0.03 0.00425168 
0.04 0.00653131 
0.05 0.00935606 
0.06 0.012717 
0.07 0.0166031 
0.08 0.0209973 
0.09 0.0258812 
0.1 0.0312399 
0.11 0.0370588 
0.12 0.043318 
0.13 0.0499942 
0.14 0.0570672 
0.15 0.0645194 
0.16 0.0723294 
0.17 0.0804713 
0.18 0.088921 
0.19 0.0976588 
0.2 0.106663 
0.21 0.115908 
0.22 0.125367 
0.23 0.135019 
0.24 0.144844 
0.25 0.154818 
0.26 0.164915 
0.27 0.175112 
0.28 0.185394 
0.29 0.195738 
0.3 0.206122 
0.31 0.216525 
0.32 0.226934 
0.33 0.237332 
0.34 0.247701 
0.35 0.258025 
0.36 0.268292 
0.37 0.278495 
0.38 0.28862 
0.39 0.298656 
0.4 0.308595 
0.41 0.318437 
0.42 0.328174 
0.43 0.337802 
0.44 0.347317 
0.45 0.356724 
0.46 0.366024 
0.47 0.375219 
0.48 0.384311 
0.49 0.39331 
0.5 0.402226 
0.51 0.411067 
0.52 0.419842 
0.53 0.428562 
0.54 0.437246 
0.55 0.445906 
0.56 0.454555 
0.57 0.463206 
0.58 0.471882 
0.59 0.4806 
0.6 0.489375 
0.61 0.498227 
0.62 0.507178 
0.63 0.51625 
0.64 0.525464 
0.65 0.534837 
0.66 0.544394 
0.67 0.554162 
0.68 0.564162 
0.69 0.574416 
0.7 0.584947 
0.71 0.595783 
0.72 0.606948 
0.73 0.618463 
0.74 0.63035 
0.75 0.642633 
0.76 0.655337 
0.77 0.66848 
0.78 0.682081 
0.79 0.69616 
0.8 0.710739 
0.81 0.725833 
0.82 0.741452 
0.83 0.75761 
0.84 0.774321 
0.85 0.791591 
0.86 0.809421 
0.87 0.827811 
0.88 0.846764 
0.89 0.866276 
0.9 0.886337 
0.91 0.90693 
0.92 0.928045 
0.93 0.949662 
0.94 0.971758 
0.95 0.9943 
0.96 1.01726 
0.97 1.04061 
0.98 1.06431 
0.99 1.08831 
1 1.11259 
1.01 1.13709 
1.02 1.16178 
1.03 1.18661 
1.04 1.21153 
1.05 1.23648 
1.06 1.26142 
1.07 1.2863 
1.08 1.31105 
1.09 1.33562 
1.1 1.35994 
1.11 1.38396 
1.12 1.40759 
1.13 1.43078 
1.14 1.45344 
1.15 1.47552 
1.16 1.49694 
1.17 1.51761 
1.18 1.53747 
1.19 1.55646 
1.2 1.5745 
1.21 1.59152 
1.22 1.60747 
1.23 1.6223 
1.24 1.63597 
1.25 1.64844 
1.26 1.65969 
1.27 1.66972 
1.28 1.67854 
1.29 1.68615 
1.3 1.69258 
1.31 1.69786 
1.32 1.70202 
1.33 1.70511 
1.34 1.70717 
1.35 1.70826 
1.36 1.70844 
1.37 1.70776 
1.38 1.70628 
1.39 1.70406 
1.4 1.70116 
1.41 1.69763 
1.42 1.69353 
1.43 1.68888 
1.44 1.68373 
1.45 1.67811 
1.46 1.67203 
1.47 1.6655 
1.48 1.65849 
1.49 1.651 
1.5 1.64298 
1.51 1.63439 
1.52 1.62518 
1.53 1.61528 
1.54 1.60463 
1.55 1.59315 
1.56 1.58076 
1.57 1.56738 
1.58 1.55292 
1.59 1.53728 
1.6 1.52035 
1.61 1.50205 
1.62 1.48227 
1.63 1.46089 
1.64 1.43779 
1.65 1.41287 
1.66 1.386 
1.67 1.35706 
1.68 1.32593 
1.69 1.29254 
1.7 1.25683 
1.71 1.21877 
1.72 1.17839 
1.73 1.13572 
1.74 1.09087 
1.75 1.04394 
1.76 0.99509 
1.77 0.9445 
1.78 0.892383 
1.79 0.838991 
1.8 0.784596 
1.81 0.729496 
1.82 0.674014 
1.83 0.618507 
1.84 0.563353 
1.85 0.508942 
1.86 0.455683 
1.87 0.404006 
1.88 0.354349 
1.89 0.30714 
1.9 0.262793 
1.91 0.221719 
1.92 0.18432 
1.93 0.150978 
1.94 0.122049 
1.95 0.0978763 
1.96 0.07879 
1.97 0.0650813 
1.98 0.0569914 
1.99 0.0547313 
2 0.0584953 
2.01 0.0684461 
2.02 0.084704 
2.03 0.107362 
2.04 0.136499 
2.05 0.17217 
2.06 0.214385 
2.07 0.263109 
2.08 0.318273 
2.09 0.379765 
2.1 0.447406 
2.11 0.520947 
2.12 0.600091 
2.13 0.684495 
2.14 0.773751 
2.15 0.867377 
2.16 0.964833 
2.17 1.06554 
2.18 1.16884 
2.19 1.27402 
2.2 1.38025 
2.21 1.48669 
2.22 1.59245 
2.23 1.69663 
2.24 1.79833 
2.25 1.89678 
2.26 1.99129 
2.27 2.08131 
2.28 2.16629 
2.29 2.24579 
2.3 2.3194 
2.31 2.38684 
2.32 2.44782 
2.33 2.50208 
2.34 2.54943 
2.35 2.58967 
2.36 2.62266 
2.37 2.64823 
2.38 2.66627 
2.39 2.67664 
2.4 2.67927 
2.41 2.67405 
2.42 2.66088 
2.43 2.63969 
2.44 2.6104 
2.45 2.57295 
2.46 2.52726 
2.47 2.47327 
2.48 2.41093 
2.49 2.34024 
2.5 2.26119 
2.51 2.17383 
2.52 2.07827 
2.53 1.97467 
2.54 1.86319 
2.55 1.74402 
2.56 1.6174 
2.57 1.48362 
2.58 1.34296 
2.59 1.19573 
2.6 1.04224 
2.61 0.882871 
2.62 0.717991 
2.63 0.548001 
2.64 0.373342 
2.65 0.19451 
2.66 0.0120309 
2.67 -0.173547 
2.68 -0.361624 
2.69 -0.551511 
2.7 -0.74247 
2.71 -0.933781 
2.72 -1.12469 
2.73 -1.31435 
2.74 -1.50186 
2.75 -1.68637 
2.76 -1.86709 
2.77 -2.04319 
2.78 -2.2138 
2.79 -2.37822 
2.8 -2.53596 
2.81 -2.68663 
2.82 -2.82983 
2.83 -2.96518 
2.84 -3.09241 
2.85 -3.21134 
2.86 -3.32173 
2.87 -3.42334 
2.88 -3.51609 
2.89 -3.59991 
2.9 -3.67471 
2.91 -3.74039 
2.92 -3.79692 
2.93 -3.84437 
2.94 -3.8828 
2.95 -3.91216 
2.96 -3.9324 
2.97 -3.94352 
2.98 -3.94556 
2.99 -3.93853 
3 -3.92237 
3.01 -3.89705 
3.02 -3.86264 
3.03 -3.81913 
3.04 -3.76648 
3.05 -3.70467 
3.06 -3.63372 
3.07 -3.55369 
3.08 -3.46457 
3.09 -3.36637 
3.1 -3.25917 
3.11 -3.1431 
3.12 -3.01826 
3.13 -2.88473 
3.14 -2.74266 
3.15 -2.59228 
3.16 -2.4338 
3.17 -2.2674 
3.18 -2.09332 
3.19 -1.91186 
3.2 -1.72338 
3.21 -1.52816 
3.22 -1.32655 
3.23 -1.11894 
3.24 -0.905788 
3.25 -0.687523 
3.26 -0.464537 
3.27 -0.237283 
3.28 -0.00627002 
3.29 0.228021 
3.3 0.465147 
3.31 0.704621 
3.32 0.945868 
3.33 1.1883 
3.34 1.43135 
3.35 1.67449 
3.36 1.91712 
3.37 2.15868 
3.38 2.39874 
3.39 2.63693 
3.4 2.87291 
3.41 3.10629 
3.42 3.33668 
3.43 3.56365 
3.44 3.78673 
3.45 4.00551 
3.46 4.21961 
3.47 4.42859 
3.48 4.63191 
3.49 4.82906 
3.5 5.01958 
3.51 5.20299 
3.52 5.3788 
3.53 5.54664 
3.54 5.70632 
3.55 5.85768 
3.56 6.00057 
3.57 6.13489 
3.58 6.26058 
3.59 6.37763 
3.6 6.48596 
3.61 6.58551 
3.62 6.67626 
3.63 6.75825 
3.64 6.83147 
3.65 6.89584 
3.66 6.95138 
3.67 6.99813 
3.68 7.03615 
3.69 7.06545 
3.7 7.0861 
3.71 7.09825 
3.72 7.10206 
3.73 7.09767 
3.74 7.08521 
3.75 7.0649 
3.76 7.03702 
3.77 7.00177 
3.78 6.95938 
3.79 6.9101 
3.8 6.85426 
3.81 6.79215 
3.82 6.72402 
3.83 6.65018 
3.84 6.57098 
3.85 6.48678 
3.86 6.39791 
3.87 6.30469 
3.88 6.20753 
3.89 6.10685 
3.9 6.00304 
3.91 5.89643 
3.92 5.78744 
3.93 5.67652 
3.94 5.5641 
3.95 5.45052 
3.96 5.33621 
3.97 5.22162 
3.98 5.10717 
3.99 4.99319 
4 4.87996 
4.01 4.76784 
4.02 4.65718 
4.03 4.54823 
4.04 4.4412 
4.05 4.33634 
4.06 4.23393 
4.07 4.13421 
4.08 4.03733 
4.09 3.94348 
4.1 3.85288 
4.11 3.76575 
4.12 3.68222 
4.13 3.60239 
4.14 3.52647 
4.15 3.45464 
4.16 3.38704 
4.17 3.32377 
4.18 3.26498 
4.19 3.21081 
4.2 3.16138 
4.21 3.11672 
4.22 3.07691 
4.23 3.04203 
4.24 3.01215 
4.25 2.98724 
4.26 2.96728 
4.27 2.95226 
4.28 2.94217 
4.29 2.93691 
4.3 2.93632 
4.31 2.94028 
4.32 2.94866 
4.33 2.96126 
4.34 2.97781 
4.35 2.99804 
4.36 3.02173 
4.37 3.04858 
4.38 3.07822 
4.39 3.1103 
4.4 3.14446 
4.41 3.18035 
4.42 3.21757 
4.43 3.25567 
4.44 3.29431 
4.45 3.33312 
4.46 3.37172 
4.47 3.4097 
4.48 3.44672 
4.49 3.48249 
4.5 3.51668 
4.51 3.54898 
4.52 3.57907 
4.53 3.60677 
4.54 3.6319 
4.55 3.65426 
4.56 3.67368 
4.57 3.69004 
4.58 3.70329 
4.59 3.71334 
4.6 3.72008 
4.61 3.72347 
4.62 3.72352 
4.63 3.72023 
4.64 3.71354 
4.65 3.70343 
4.66 3.68995 
4.67 3.67312 
4.68 3.65291 
4.69 3.6293 
4.7 3.60229 
4.71 3.57191 
4.72 3.53813 
4.73 3.50089 
4.74 3.46019 
4.75 3.41606 
4.76 3.36854 
4.77 3.31761 
4.78 3.26328 
4.79 3.20561 
4.8 3.14466 
4.81 3.08043 
4.82 3.01292 
4.83 2.94216 
4.84 2.86822 
4.85 2.79108 
4.86 2.7107 
4.87 2.62706 
4.88 2.54017 
4.89 2.44999 
4.9 2.35643 
4.91 2.25943 
4.92 2.15902 
4.93 2.05524 
4.94 1.94808 
4.95 1.83757 
4.96 1.72379 
4.97 1.60687 
4.98 1.48687 
4.99 1.36386 
5 1.23798 
5.01 1.1094 
5.02 0.9783 
5.03 0.844811 
5.04 0.709148 
5.05 0.571605 
5.06 0.432477 
5.07 0.292025 
5.08 0.150547 
5.09 0.00841656 
5.1 -0.133978 
5.11 -0.276291 
5.12 -0.418178 
5.13 -0.559232 
5.14 -0.699023 
5.15 -0.83718 
5.16 -0.973394 
5.17 -1.10732 
5.18 -1.23858 
5.19 -1.36683 
5.2 -1.49179 
5.21 -1.61314 
5.22 -1.73052 
5.23 -1.84355 
5.24 -1.95194 
5.25 -2.05541 
5.26 -2.15363 
5.27 -2.24626 
5.28 -2.33301 
5.29 -2.41369 
5.3 -2.48803 
5.31 -2.55576 
5.32 -2.61666 
5.33 -2.67059 
5.34 -2.71739 
5.35 -2.75685 
5.36 -2.7888 
5.37 -2.8131 
5.38 -2.82969 
5.39 -2.83842 
5.4 -2.83914 
5.41 -2.83177 
5.42 -2.81629 
5.43 -2.79261 
5.44 -2.76064 
5.45 -2.7203 
5.46 -2.67162 
5.47 -2.61458 
5.48 -2.54912 
5.49 -2.47519 
5.5 -2.39284 
5.51 -2.30212 
5.52 -2.20304 
5.53 -2.09562 
5.54 -1.97996 
5.55 -1.85622 
5.56 -1.72451 
5.57 -1.58493 
5.58 -1.43763 
5.59 -1.28288 
5.6 -1.12089 
5.61 -0.951857 
5.62 -0.776027 
5.63 -0.59373 
5.64 -0.405319 
5.65 -0.211108 
5.66 -0.0114233 
5.67 0.193314 
5.68 0.402629 
5.69 0.61608 
5.7 0.833247 
5.71 1.05363 
5.72 1.27667 
5.73 1.50182 
5.74 1.72859 
5.75 1.95645 
5.76 2.18481 
5.77 2.41311 
5.78 2.64089 
5.79 2.86772 
5.8 3.09315 
5.81 3.31678 
5.82 3.53828 
5.83 3.75741 
5.84 3.97385 
5.85 4.18719 
5.86 4.39699 
5.87 4.60281 
5.88 4.80434 
5.89 5.00122 
5.9 5.19299 
5.91 5.37917 
5.92 5.55939 
5.93 5.7333 
5.94 5.90044 
5.95 6.06039 
5.96 6.21284 
5.97 6.3576 
5.98 6.49438 
5.99 6.62286 
6 6.74287 
6.01 6.85437 
6.02 6.95725 
6.03 7.05137 
6.04 7.13662 
6.05 7.21304 
6.06 7.28064 
6.07 7.33934 
6.08 7.38905 
6.09 7.42979 
6.1 7.46163 
6.11 7.48454 
6.12 7.49842 
6.13 7.50328 
6.14 7.49919 
6.15 7.48617 
6.16 7.46413 
6.17 7.43308 
6.18 7.39314 
6.19 7.34443 
6.2 7.28698 
6.21 7.22083 
6.22 7.14618 
6.23 7.06326 
6.24 6.9722 
6.25 6.87311 
6.26 6.76621 
6.27 6.65181 
6.28 6.53015 
6.29 6.40138 
6.3 6.26575 
6.31 6.12363 
6.32 5.97535 
6.33 5.82116 
6.34 5.66134 
6.35 5.49627 
6.36 5.3264 
6.37 5.15204 
6.38 4.97348 
6.39 4.79112 
6.4 4.60543 
6.41 4.41681 
6.42 4.22557 
6.43 4.03209 
6.44 3.83688 
6.45 3.6404 
6.46 3.44299 
6.47 3.24503 
6.48 3.04699 
6.49 2.84932 
6.5 2.65235 
6.51 2.45632 
6.52 2.26156 
6.53 2.06847 
6.54 1.87729 
6.55 1.68818 
6.56 1.50134 
6.57 1.31714 
6.58 1.13589 
6.59 0.957788 
6.6 0.783028 
6.61 0.611971 
6.62 0.444982 
6.63 0.282238 
6.64 0.123856 
6.65 -0.0298897 
6.66 -0.17861 
6.67 -0.322021 
6.68 -0.459974 
6.69 -0.592259 
6.7 -0.718553 
6.71 -0.838595 
6.72 -0.952279 
6.73 -1.05951 
6.74 -1.16005 
6.75 -1.25366 
6.76 -1.34028 
6.77 -1.41989 
6.78 -1.49235 
6.79 -1.55747 
6.8 -1.61517 
6.81 -1.66549 
6.82 -1.7084 
6.83 -1.74375 
6.84 -1.77145 
6.85 -1.79158 
6.86 -1.80418 
6.87 -1.80917 
6.88 -1.80648 
6.89 -1.79621 
6.9 -1.7785 
6.91 -1.75342 
6.92 -1.72096 
6.93 -1.68128 
6.94 -1.63463 
6.95 -1.58119 
6.96 -1.52103 
6.97 -1.45432 
6.98 -1.38135 
6.99 -1.30241 
7 -1.21766 
7.01 -1.12726 
7.02 -1.03156 
7.03 -0.930931 
7.04 -0.825621 
7.05 -0.715831 
7.06 -0.601895 
7.07 -0.484235 
7.08 -0.363173 
7.09 -0.238921 
7.1 -0.111774 
7.11 0.0178468 
7.12 0.149565 
7.13 0.283128 
7.14 0.418252 
7.15 0.554498 
7.16 0.691415 
7.17 0.828697 
7.18 0.966085 
7.19 1.10319 
7.2 1.23958 
7.21 1.37494 
7.22 1.50908 
7.23 1.64175 
7.24 1.77257 
7.25 1.90128 
7.26 2.02775 
7.27 2.15183 
7.28 2.27319 
7.29 2.39146 
7.3 2.50647 
7.31 2.6181 
7.32 2.72609 
7.33 2.83013 
7.34 2.93003 
7.35 3.02571 
7.36 3.11705 
7.37 3.20374 
7.38 3.28555 
7.39 3.36241 
7.4 3.43421 
7.41 3.50071 
7.42 3.56162 
7.43 3.61688 
7.44 3.66646 
7.45 3.71021 
7.46 3.74789 
7.47 3.7794 
7.48 3.8048 
7.49 3.82402 
7.5 3.83687 
7.51 3.84324 
7.52 3.84319 
7.53 3.83676 
7.54 3.82381 
7.55 3.80422 
7.56 3.77806 
7.57 3.74545 
7.58 3.70635 
7.59 3.66067 
7.6 3.60847 
7.61 3.54996 
7.62 3.48523 
7.63 3.41424 
7.64 3.33705 
7.65 3.25392 
7.66 3.16504 
7.67 3.07046 
7.68 2.97023 
7.69 2.8646 
7.7 2.75387 
7.71 2.63815 
7.72 2.5175 
7.73 2.39214 
7.74 2.26243 
7.75 2.12855 
7.76 1.9906 
7.77 1.84876 
7.78 1.70338 
7.79 1.55474 
7.8 1.40293 
7.81 1.24812 
7.82 1.0906 
7.83 0.930725 
7.84 0.768659 
7.85 0.604533 
7.86 0.438643 
7.87 0.271379 
7.88 0.103002 
7.89 -0.0663381 
7.9 -0.236372 
7.91 -0.40669 
7.92 -0.576964 
7.93 -0.747033 
7.94 -0.916688 
7.95 -1.08555 
7.96 -1.25326 
7.97 -1.41964 
7.98 -1.58454 
7.99 -1.74767 
8 -1.90864 
8.01 -2.06723 
8.02 -2.22335 
8.03 -2.37675 
8.04 -2.5271 
8.05 -2.67415 
8.06 -2.81783 
8.07 -2.95802 
8.08 -3.0944 
8.09 -3.22671 
8.1 -3.35487 
8.11 -3.47883 
8.12 -3.59836 
8.13 -3.71316 
8.14 -3.82311 
8.15 -3.92817 
8.16 -4.02817 
8.17 -4.12284 
8.18 -4.21202 
8.19 -4.29573 
8.2 -4.37387 
8.21 -4.44625 
8.22 -4.5127 
8.23 -4.57322 
8.24 -4.62783 
8.25 -4.6764 
8.26 -4.71876 
8.27 -4.7549 
8.28 -4.78492 
8.29 -4.80876 
8.3 -4.82628 
8.31 -4.83746 
8.32 -4.84242 
8.33 -4.84124 
8.34 -4.83381 
8.35 -4.82014 
8.36 -4.8004 
8.37 -4.77477 
8.38 -4.74326 
8.39 -4.7059 
8.4 -4.6629 
8.41 -4.61453 
8.42 -4.56094 
8.43 -4.5022 
8.44 -4.43852 
8.45 -4.37025 
8.46 -4.29767 
8.47 -4.22089 
8.48 -4.14013 
8.49 -4.05579 
8.5 -3.9682 
8.51 -3.87757 
8.52 -3.78409 
8.53 -3.68814 
8.54 -3.59018 
8.55 -3.49049 
8.56 -3.38929 
8.57 -3.28696 
8.58 -3.18399 
8.59 -3.08071 
8.6 -2.97731 
8.61 -2.87405 
8.62 -2.7713 
8.63 -2.66941 
8.64 -2.56849 
8.65 -2.46866 
8.66 -2.37021 
8.67 -2.27342 
8.68 -2.17839 
8.69 -2.08514 
8.7 -1.99386 
8.71 -1.90482 
8.72 -1.81815 
8.73 -1.73384 
8.74 -1.65197 
8.75 -1.57277 
8.76 -1.49639 
8.77 -1.42281 
8.78 -1.35202 
8.79 -1.2842 
8.8 -1.21952 
8.81 -1.15797 
8.82 -1.09947 
8.83 -1.04412 
8.84 -0.992093 
8.85 -0.943398 
8.86 -0.897926 
8.87 -0.855681 
8.88 -0.81681 
8.89 -0.78137 
8.9 -0.749244 
8.91 -0.720355 
8.92 -0.694799 
8.93 -0.672666 
8.94 -0.653863 
8.95 -0.638262 
8.96 -0.625909 
8.97 -0.616927 
8.98 -0.61129 
8.99 -0.608868 
9 -0.609666 
9.01 -0.613838 
9.02 -0.621434 
9.03 -0.632331 
9.04 -0.646451 
9.05 -0.663873 
9.06 -0.684639 
9.07 -0.708601 
9.08 -0.735584 
9.09 -0.76558 
9.1 -0.798631 
9.11 -0.834599 
9.12 -0.873235 
9.13 -0.914413 
9.14 -0.958122 
9.15 -1.00423 
9.16 -1.05243 
9.17 -1.10249 
9.18 -1.15433 
9.19 -1.20782 
9.2 -1.26264 
9.21 -1.31846 
9.22 -1.37514 
9.23 -1.43257 
9.24 -1.49047 
9.25 -1.54849 
9.26 -1.60646 
9.27 -1.66431 
9.28 -1.72189 
9.29 -1.77892 
9.3 -1.83519 
9.31 -1.89071 
9.32 -1.94543 
9.33 -1.99908 
9.34 -2.05148 
9.35 -2.10258 
9.36 -2.15241 
9.37 -2.20081 
9.38 -2.24754 
9.39 -2.29254 
9.4 -2.33586 
9.41 -2.37739 
9.42 -2.41689 
9.43 -2.45422 
9.44 -2.48941 
9.45 -2.52241 
9.46 -2.55296 
9.47 -2.58087 
9.48 -2.60611 
9.49 -2.62869 
9.5 -2.6484 
9.51 -2.66503 
9.52 -2.67852 
9.53 -2.68892 
9.54 -2.69615 
9.55 -2.70001 
9.56 -2.70045 
9.57 -2.6976 
9.58 -2.69148 
9.59 -2.682 
9.6 -2.6691 
9.61 -2.6529 
9.62 -2.63353 
9.63 -2.61095 
9.64 -2.58507 
9.65 -2.55601 
9.66 -2.52397 
9.67 -2.48898 
9.68 -2.45099 
9.69 -2.41008 
9.7 -2.36651 
9.71 -2.32041 
9.72 -2.2718 
9.73 -2.22075 
9.74 -2.16751 
9.75 -2.11233 
9.76 -2.05524 
9.77 -1.99629 
9.78 -1.93569 
9.79 -1.87373 
9.8 -1.81054 
9.81 -1.74615 
9.82 -1.68074 
9.83 -1.61462 
9.84 -1.548 
9.85 -1.48091 
9.86 -1.41349 
9.87 -1.34606 
9.88 -1.27889 
9.89 -1.21208 
9.9 -1.14574 
9.91 -1.08015 
9.92 -1.01565 
9.93 -0.952401 
9.94 -0.890467 
9.95 -0.830084 
9.96 -0.771599 
9.97 -0.715224 
9.98 -0.661018 
9.99 -0.609123 
10 -0.559842 
10.01 -0.513412 
10.02 -0.46988 
10.03 -0.429295 
10.04 -0.391876 
10.05 -0.35786 
10.06 -0.327296 
10.07 -0.300163 
10.08 -0.276595 
10.09 -0.256825 
10.1 -0.240942 
10.11 -0.228894 
10.12 -0.220731 
10.13 -0.21665 
10.14 -0.216767 
10.15 -0.221014 
10.16 -0.229348 
10.17 -0.2419 
10.18 -0.258799 
10.19 -0.279985 
10.2 -0.305336 
10.21 -0.334888 
10.22 -0.368749 
10.23 -0.406863 
10.24 -0.449043 
10.25 -0.49521 
10.26 -0.545422 
10.27 -0.599638 
10.28 -0.657642 
10.29 -0.719256 
10.3 -0.784477 
10.31 -0.853291 
10.32 -0.925496 
10.33 -1.00086 
10.34 -1.07933 
10.35 -1.16091 
10.36 -1.24547 
10.37 -1.33276 
10.38 -1.42267 
10.39 -1.51522 
10.4 -1.61032 
10.41 -1.70771 
10.42 -1.80719 
10.43 -1.9087 
10.44 -2.01219 
10.45 -2.11738 
10.46 -2.224 
10.47 -2.3319 
10.48 -2.44102 
10.49 -2.55109 
10.5 -2.66176 
10.51 -2.77279 
10.52 -2.88409 
10.53 -2.99541 
10.54 -3.10638 
10.55 -3.21671 
10.56 -3.32629 
10.57 -3.43496 
10.58 -3.54239 
10.59 -3.64827 
10.6 -3.75247 
10.61 -3.85492 
10.62 -3.95538 
10.63 -4.05356 
10.64 -4.14931 
10.65 -4.24262 
10.66 -4.33335 
10.67 -4.42121 
10.68 -4.50604 
10.69 -4.58783 
10.7 -4.66652 
10.71 -4.74188 
10.72 -4.8137 
10.73 -4.88197 
10.74 -4.9467 
10.75 -5.00772 
10.76 -5.0648 
10.77 -5.1179 
10.78 -5.16706 
10.79 -5.21219 
10.8 -5.25306 
10.81 -5.28956 
10.82 -5.32174 
10.83 -5.34958 
10.84 -5.37291 
10.85 -5.39156 
10.86 -5.40561 
10.87 -5.41511 
10.88 -5.41997 
10.89 -5.42003 
10.9 -5.41534 
10.91 -5.40604 
10.92 -5.39212 
10.93 -5.37346 
10.94 -5.35009 
10.95 -5.32218 
10.96 -5.28983 
10.97 -5.25297 
10.98 -5.21159 
10.99 -5.16589 
11 -5.11605 
11.01 -5.06209 
11.02 -5.00402 
11.03 -4.94203 
11.04 -4.87641 
11.05 -4.80728 
11.06 -4.73469 
11.07 -4.65882 
11.08 -4.58002 
11.09 -4.49852 
11.1 -4.4144 
11.11 -4.32783 
11.12 -4.23915 
11.13 -4.14866 
11.14 -4.05652 
11.15 -3.96284 
11.16 -3.86796 
11.17 -3.77225 
11.18 -3.67591 
11.19 -3.57905 
11.2 -3.48196 
11.21 -3.38502 
11.22 -3.2885 
11.23 -3.19252 
11.24 -3.09728 
11.25 -3.00315 
11.26 -2.91041 
11.27 -2.81919 
11.28 -2.72957 
11.29 -2.64187 
11.3 -2.55639 
11.31 -2.47324 
11.32 -2.39245 
11.33 -2.31419 
11.34 -2.23875 
11.35 -2.16626 
11.36 -2.09669 
11.37 -2.0301 
11.38 -1.96674 
11.39 -1.90674 
11.4 -1.85005 
11.41 -1.79666 
11.42 -1.74672 
11.43 -1.70038 
11.44 -1.6576 
11.45 -1.61827 
11.46 -1.58245 
11.47 -1.55026 
11.48 -1.52168 
11.49 -1.49649 
11.5 -1.47464 
11.51 -1.45617 
11.52 -1.44105 
11.53 -1.42903 
11.54 -1.41991 
11.55 -1.41366 
11.56 -1.41023 
11.57 -1.40938 
11.58 -1.4108 
11.59 -1.41436 
11.6 -1.42 
11.61 -1.4275 
11.62 -1.43649 
11.63 -1.44674 
11.64 -1.45816 
11.65 -1.47057 
11.66 -1.48362 
11.67 -1.497 
11.68 -1.51063 
11.69 -1.52437 
11.7 -1.53791 
11.71 -1.55096 
11.72 -1.56338 
11.73 -1.57515 
11.74 -1.58605 
11.75 -1.59579 
11.76 -1.60426 
11.77 -1.61146 
11.78 -1.61733 
11.79 -1.62162 
11.8 -1.62421 
11.81 -1.62518 
11.82 -1.62455 
11.83 -1.62221 
11.84 -1.61803 
11.85 -1.61213 
11.86 -1.60465 
11.87 -1.59561 
11.88 -1.58495 
11.89 -1.57281 
11.9 -1.55945 
11.91 -1.54504 
11.92 -1.52961 
11.93 -1.5133 
11.94 -1.4964 
11.95 -1.47916 
11.96 -1.46166 
11.97 -1.44395 
11.98 -1.42631 
11.99 -1.40901 
12 -1.39214 
12.01 -1.37569 
12.02 -1.35984 
12.03 -1.34486 
12.04 -1.33083 
12.05 -1.31771 
12.06 -1.30555 
12.07 -1.29453 
12.08 -1.28477 
12.09 -1.27617 
12.1 -1.26866 
12.11 -1.26236 
12.12 -1.25737 
12.13 -1.25359 
12.14 -1.25086 
12.15 -1.2492 
12.16 -1.2487 
12.17 -1.24926 
12.18 -1.25069 
12.19 -1.25286 
12.2 -1.25584 
12.21 -1.25955 
12.22 -1.26375 
12.23 -1.26822 
12.24 -1.27294 
12.25 -1.27785 
12.26 -1.28271 
12.27 -1.2872 
12.28 -1.29123 
12.29 -1.29473 
12.3 -1.2975 
12.31 -1.29922 
12.32 -1.29969 
12.33 -1.29888 
12.34 -1.29667 
12.35 -1.29276 
12.36 -1.28694 
12.37 -1.27919 
12.38 -1.26947 
12.39 -1.25759 
12.4 -1.2433 
12.41 -1.2266 
12.42 -1.20751 
12.43 -1.18594 
12.44 -1.16165 
12.45 -1.13462 
12.46 -1.10493 
12.47 -1.07258 
12.48 -1.03741 
12.49 -0.999349 
12.5 -0.958526 
12.51 -0.915025 
12.52 -0.868754 
12.53 -0.819629 
12.54 -0.767762 
12.55 -0.713321 
12.56 -0.656307 
12.57 -0.596644 
12.58 -0.534429 
12.59 -0.469886 
12.6 -0.403117 
12.61 -0.334082 
12.62 -0.262849 
12.63 -0.189671 
12.64 -0.114748 
12.65 -0.0380991 
12.66 0.0402289 
12.67 0.119995 
12.68 0.200928 
12.69 0.282936 
12.7 0.365996 
12.71 0.449915 
12.72 0.534395 
12.73 0.61928 
12.74 0.704553 
12.75 0.790079 
12.76 0.875558 
12.77 0.960765 
12.78 1.04566 
12.79 1.13018 
12.8 1.21406 
12.81 1.29705 
12.82 1.37908 
12.83 1.46017 
12.84 1.54012 
12.85 1.61868 
12.86 1.69575 
12.87 1.77134 
12.88 1.84536 
12.89 1.91755 
12.9 1.98776 
12.91 2.05599 
12.92 2.12223 
12.93 2.18624 
12.94 2.24783 
12.95 2.30697 
12.96 2.36369 
12.97 2.41782 
12.98 2.46914 
12.99 2.51758 
13 2.5632 
13.01 2.60592 
13.02 2.64553 
13.03 2.68192 
13.04 2.71515 
13.05 2.74524 
13.06 2.772 
13.07 2.79529 
13.08 2.81516 
13.09 2.83168 
13.1 2.84471 
13.11 2.8541 
13.12 2.85985 
13.13 2.86205 
13.14 2.86066 
13.15 2.8555 
13.16 2.84652 
13.17 2.83381 
13.18 2.8174 
13.19 2.79713 
13.2 2.77289 
13.21 2.74479 
13.22 2.71291 
13.23 2.67718 
13.24 2.63749 
13.25 2.59392 
13.26 2.54664 
13.27 2.49568 
13.28 2.44096 
13.29 2.38256 
13.3 2.32071 
13.31 2.25554 
13.32 2.18704 
13.33 2.11527 
13.34 2.04047 
13.35 1.96287 
13.36 1.88255 
13.37 1.79952 
13.38 1.71403 
13.39 1.62636 
13.4 1.53665 
13.41 1.44495 
13.42 1.35146 
13.43 1.25654 
13.44 1.16042 
13.45 1.0632 
13.46 0.965023 
13.47 0.866231 
13.48 0.767112 
13.49 0.66778 
13.5 0.568345 
13.51 0.469105 
13.52 0.370402 
13.53 0.272417 
13.54 0.175248 
13.55 0.0791437 
13.56 -0.0155271 
13.57 -0.108527 
13.58 -0.199775 
13.59 -0.289106 
13.6 -0.376195 
13.61 -0.460777 
13.62 -0.54278 
13.63 -0.622126 
13.64 -0.698552 
13.65 -0.771774 
13.66 -0.841692 
13.67 -0.908283 
13.68 -0.971367 
13.69 -1.03066 
13.7 -1.08603 
13.71 -1.13748 
13.72 -1.18493 
13.73 -1.22814 
13.74 -1.26694 
13.75 -1.30133 
13.76 -1.33133 
13.77 -1.35673 
13.78 -1.37737 
13.79 -1.39326 
13.8 -1.40446 
13.81 -1.4109 
13.82 -1.41242 
13.83 -1.40902 
13.84 -1.40087 
13.85 -1.38801 
13.86 -1.37036 
13.87 -1.34795 
13.88 -1.32097 
13.89 -1.2896 
13.9 -1.25381 
13.91 -1.21361 
13.92 -1.16916 
13.93 -1.12069 
13.94 -1.06824 
13.95 -1.01177 
13.96 -0.951413 
13.97 -0.887419 
13.98 -0.819898 
13.99 -0.748827 
14 -0.674293 
14.01 -0.596554 
14.02 -0.515809 
14.03 -0.432082 
14.04 -0.345434 
14.05 -0.25612 
14.06 -0.16442 
14.07 -0.0704423 
14.08 0.0257506 
14.09 0.123916 
14.1 0.223711 
14.11 0.324933 
14.12 0.42751 
14.13 0.531252 
14.14 0.635815 
14.15 0.740945 
14.16 0.846569 
14.17 0.952572 
14.18 1.05866 
14.19 1.16456 
14.2 1.27016 
14.21 1.37541 
14.22 1.4801 
14.23 1.58391 
14.24 1.68669 
14.25 1.78841 
14.26 1.88889 
14.27 1.98782 
14.28 2.08496 
14.29 2.18023 
14.3 2.27349 
14.31 2.36442 
14.32 2.4527 
14.33 2.53823 
14.34 2.62091 
14.35 2.70046 
14.36 2.77658 
14.37 2.84913 
14.38 2.91806 
14.39 2.98323 
14.4 3.04433 
14.41 3.10123 
14.42 3.15392 
14.43 3.20234 
14.44 3.24625 
14.45 3.28545 
14.46 3.31995 
14.47 3.34973 
14.48 3.37461 
14.49 3.39438 
14.5 3.40902 
14.51 3.41858 
14.52 3.42299 
14.53 3.42208 
14.54 3.4158 
14.55 3.40426 
14.56 3.3875 
14.57 3.36539 
14.58 3.33789 
14.59 3.30512 
14.6 3.26723 
14.61 3.22419 
14.62 3.17597 
14.63 3.1227 
14.64 3.06463 
14.65 3.00186 
14.66 2.93438 
14.67 2.86236 
14.68 2.7861 
14.69 2.70583 
14.7 2.62162 
14.71 2.53363 
14.72 2.4422 
14.73 2.34766 
14.74 2.25014 
14.75 2.1498 
14.76 2.04699 
14.77 1.9421 
14.78 1.83537 
14.79 1.72696 
14.8 1.61718 
14.81 1.50649 
14.82 1.3952 
14.83 1.28346 
14.84 1.17153 
14.85 1.05981 
14.86 0.94867 
14.87 0.83827 
14.88 0.728788 
14.89 0.620585 
14.9 0.514059 
14.91 0.409426 
14.92 0.306814 
14.93 0.206503 
14.94 0.108878 
14.95 0.0141741 
14.96 -0.0775337 
14.97 -0.16608 
14.98 -0.251139 
14.99 -0.332462 
15 -0.409996 
15.01 -0.483675 
15.02 -0.553253 
15.03 -0.61847 
15.04 -0.679258 
15.05 -0.735611 
15.06 -0.787352 
15.07 -0.834217 
15.08 -0.876107 
15.09 -0.913076 
15.1 -0.945065 
15.11 -0.971869 
15.12 -0.993388 
15.13 -1.00972 
15.14 -1.02093 
15.15 -1.02691 
15.16 -1.02755 
15.17 -1.02298 
15.18 -1.01334 
15.19 -0.998634 
15.2 -0.978769 
15.21 -0.953842 
15.22 -0.924072 
15.23 -0.889555 
15.24 -0.850243 
15.25 -0.8062 
15.26 -0.757682 
15.27 -0.704883 
15.28 -0.647824 
15.29 -0.586555 
15.3 -0.521334 
15.31 -0.452451 
15.32 -0.38001 
15.33 -0.304057 
15.34 -0.224817 
15.35 -0.142631 
15.36 -0.057685 
15.37 0.0299683 
15.38 0.120151 
15.39 0.212512 
15.4 0.306775 
15.41 0.402844 
15.42 0.50057 
15.43 0.599601 
15.44 0.699575 
15.45 0.800322 
15.46 0.901723 
15.47 1.00348 
15.48 1.10519 
15.49 1.20663 
15.5 1.30771 
15.51 1.40819 
15.52 1.5077 
15.53 1.60594 
15.54 1.70282 
15.55 1.7982 
15.56 1.8917 
15.57 1.98298 
15.58 2.0719 
15.59 2.15838 
15.6 2.24213 
15.61 2.32279 
15.62 2.40019 
15.63 2.47427 
15.64 2.54484 
15.65 2.61157 
15.66 2.67422 
15.67 2.73277 
15.68 2.78712 
15.69 2.83697 
15.7 2.88207 
15.71 2.92238 
15.72 2.9579 
15.73 2.98841 
15.74 3.01369 
15.75 3.03369 
15.76 3.04849 
15.77 3.05803 
15.78 3.0621 
15.79 3.06064 
15.8 3.05379 
15.81 3.04158 
15.82 3.02387 
15.83 3.00059 
15.84 2.97188 
15.85 2.93791 
15.86 2.89863 
15.87 2.85399 
15.88 2.80414 
15.89 2.74936 
15.9 2.68975 
15.91 2.62528 
15.92 2.55611 
15.93 2.48256 
15.94 2.40486 
15.95 2.32304 
15.96 2.23722 
15.97 2.14772 
15.98 2.05488 
15.99 1.95878 
16 1.85954 
16.01 1.75745 
16.02 1.65293 
16.03 1.54619 
16.04 1.43734 
16.05 1.32667 
16.06 1.21465 
16.07 1.10162 
16.08 0.987735 
16.09 0.873236 
16.1 0.75857 
16.11 0.644132 
16.12 0.530094 
16.13 0.416613 
16.14 0.304045 
16.15 0.192783 
16.16 0.0830136 
16.17 -0.0251858 
16.18 -0.131571 
16.19 -0.235774 
16.2 -0.337579 
16.21 -0.436947 
16.22 -0.533742 
16.23 -0.627643 
16.24 -0.71839 
16.25 -0.805932 
16.26 -0.890205 
16.27 -0.970944 
16.28 -1.04786 
16.29 -1.12086 
16.3 -1.18996 
16.31 -1.25499 
16.32 -1.31566 
16.33 -1.37187 
16.34 -1.42366 
16.35 -1.47095 
16.36 -1.5135 
16.37 -1.55117 
16.38 -1.58403 
16.39 -1.61212 
16.4 -1.63526 
16.41 -1.65331 
16.42 -1.66633 
16.43 -1.67447 
16.44 -1.67766 
16.45 -1.67578 
16.46 -1.66889 
16.47 -1.65718 
16.48 -1.64073 
16.49 -1.61947 
16.5 -1.59344 
16.51 -1.56287 
16.52 -1.52797 
16.53 -1.48872 
16.54 -1.44514 
16.55 -1.39747 
16.56 -1.34599 
16.57 -1.29075 
16.58 -1.23178 
16.59 -1.16926 
16.6 -1.10352 
16.61 -1.03472 
16.62 -0.962904 
16.63 -0.88822 
16.64 -0.811019 
16.65 -0.73158 
16.66 -0.649988 
16.67 -0.566364 
16.68 -0.481048 
16.69 -0.394401 
16.7 -0.306578 
16.71 -0.217674 
16.72 -0.127976 
16.73 -0.0378703 
16.74 0.0524271 
16.75 0.142845 
16.76 0.23318 
16.77 0.323063 
16.78 0.412228 
16.79 0.500608 
16.8 0.588094 
16.81 0.674377 
16.82 0.75916 
16.83 0.842353 
16.84 0.923906 
16.85 1.00358 
16.86 1.08105 
16.87 1.1562 
16.88 1.22904 
16.89 1.29942 
16.9 1.36706 
16.91 1.43178 
16.92 1.4936 
16.93 1.55247 
16.94 1.60812 
16.95 1.66034 
16.96 1.7091 
16.97 1.75442 
16.98 1.79609 
16.99 1.83385 
17 1.86763 
17.01 1.89749 
17.02 1.92329 
17.03 1.94479 
17.04 1.96188 
17.05 1.97462 
17.06 1.98299 
17.07 1.98677 
17.08 1.98583 
17.09 1.98023 
17.1 1.97005 
17.11 1.95516 
17.12 1.93542 
17.13 1.91087 
17.14 1.88168 
17.15 1.84782 
17.16 1.80917 
17.17 1.76574 
17.18 1.71775 
17.19 1.66527 
17.2 1.60824 
17.21 1.54666 
17.22 1.48074 
17.23 1.41068 
17.24 1.33651 
17.25 1.25822 
17.26 1.17604 
17.27 1.09025 
17.28 1.00101 
17.29 0.908333 
17.3 0.812442 
17.31 0.713709 
17.32 0.612389 
17.33 0.508575 
17.34 0.402461 
17.35 0.294451 
17.36 0.184909 
17.37 0.0740038 
17.38 -0.0380891 
17.39 -0.150986 
17.4 -0.264254 
17.41 -0.377656 
17.42 -0.491046 
17.43 -0.604101 
17.44 -0.716368 
17.45 -0.827542 
17.46 -0.937488 
17.47 -1.04596 
17.48 -1.15253 
17.49 -1.25685 
17.5 -1.35878 
17.51 -1.45816 
17.52 -1.55465 
17.53 -1.64788 
17.54 -1.73769 
17.55 -1.82399 
17.56 -1.90653 
17.57 -1.98494 
17.58 -2.05902 
17.59 -2.12872 
17.6 -2.19388 
17.61 -2.25414 
17.62 -2.30923 
17.63 -2.35913 
17.64 -2.40377 
17.65 -2.44286 
17.66 -2.47615 
17.67 -2.5036 
17.68 -2.52522 
17.69 -2.54086 
17.7 -2.55029 
17.71 -2.55344 
17.72 -2.55043 
17.73 -2.54124 
17.74 -2.52569 
17.75 -2.50374 
17.76 -2.47555 
17.77 -2.44124 
17.78 -2.40077 
17.79 -2.35409 
17.8 -2.30141 
17.81 -2.243 
17.82 -2.17891 
17.83 -2.10915 
17.84 -2.0339 
17.85 -1.95352 
17.86 -1.86817 
17.87 -1.77792 
17.88 -1.68292 
17.89 -1.58355 
17.9 -1.48012 
17.91 -1.37274 
17.92 -1.26156 
17.93 -1.14695 
17.94 -1.0293 
17.95 -0.908802 
17.96 -0.7856 
17.97 -0.660042 
17.98 -0.532603 
17.99 -0.40359 
18 -0.273176 
18.01 -0.141684 
18.02 -0.00961712 
18.03 0.122632 
18.04 0.25488 
18.05 0.386887 
18.06 0.51821 
18.07 0.648433 
18.08 0.777367 
18.09 0.904878 
18.1 1.03063 
18.11 1.15421 
18.12 1.27538 
18.13 1.39403 
18.14 1.50991 
18.15 1.62263 
18.16 1.73194 
18.17 1.83775 
18.18 1.93994 
18.19 2.03818 
18.2 2.13219 
18.21 2.22192 
18.22 2.3073 
18.23 2.38809 
18.24 2.46399 
18.25 2.53488 
18.26 2.6008 
18.27 2.66157 
18.28 2.71692 
18.29 2.76676 
18.3 2.81113 
18.31 2.85002 
18.32 2.8832 
18.33 2.91054 
18.34 2.93214 
18.35 2.94805 
18.36 2.95815 
18.37 2.96232 
18.38 2.96062 
18.39 2.9532 
18.4 2.94005 
18.41 2.92107 
18.42 2.8963 
18.43 2.86597 
18.44 2.83019 
18.45 2.78889 
18.46 2.74213 
18.47 2.69013 
18.48 2.63313 
18.49 2.57114 
18.5 2.50419 
18.51 2.43251 
18.52 2.3564 
18.53 2.27598 
18.54 2.19128 
18.55 2.10249 
18.56 2.00995 
18.57 1.91387 
18.58 1.81428 
18.59 1.71134 
18.6 1.60538 
18.61 1.49669 
18.62 1.38537 
18.63 1.27152 
18.64 1.15547 
18.65 1.03759 
18.66 0.918063 
18.67 0.796999 
18.68 0.674694 
18.69 0.551569 
18.7 0.427895 
18.71 0.30378 
18.72 0.179452 
18.73 0.0553125 
18.74 -0.0683085 
18.75 -0.191281 
18.76 -0.313448 
18.77 -0.434453 
18.78 -0.553922 
18.79 -0.671677 
18.8 -0.787605 
18.81 -0.901417 
18.82 -1.01272 
18.83 -1.1213 
18.84 -1.22708 
18.85 -1.32988 
18.86 -1.42936 
18.87 -1.52528 
18.88 -1.61759 
18.89 -1.70623 
18.9 -1.79091 
18.91 -1.8714 
18.92 -1.94762 
18.93 -2.0196 
18.94 -2.08714 
18.95 -2.14998 
18.96 -2.20802 
18.97 -2.26128 
18.98 -2.30968 
18.99 -2.35297 
19 -2.39102 
19.01 -2.42386 
19.02 -2.45151 
19.03 -2.47379 
19.04 -2.49053 
19.05 -2.5018 
19.06 -2.50768 
19.07 -2.5081 
19.08 -2.50292 
19.09 -2.49216 
19.1 -2.476 
19.11 -2.45448 
19.12 -2.42752 
19.13 -2.39514 
19.14 -2.35757 
19.15 -2.31499 
19.16 -2.26739 
19.17 -2.21481 
19.18 -2.15751 
19.19 -2.09576 
19.2 -2.02965 
19.21 -1.95923 
19.22 -1.8847 
19.23 -1.80643 
19.24 -1.72457 
19.25 -1.63918 
19.26 -1.55044 
19.27 -1.4587 
19.28 -1.36423 
19.29 -1.26712 
19.3 -1.1675 
19.31 -1.06573 
19.32 -0.962149 
19.33 -0.856921 
19.34 -0.750166 
19.35 -0.642206 
19.36 -0.53346 
19.37 -0.424176 
19.38 -0.314476 
19.39 -0.204629 
19.4 -0.095066 
19.41 0.0138932 
19.42 0.122123 
19.43 0.229439 
19.44 0.335463 
19.45 0.439851 
19.46 0.542464 
19.47 0.643188 
19.48 0.741709 
19.49 0.837665 
19.5 0.930895 
19.51 1.02136 
19.52 1.10885 
19.53 1.19304 
19.54 1.27374 
19.55 1.35094 
19.56 1.42455 
19.57 1.49429 
19.58 1.55994 
19.59 1.62147 
19.6 1.67889 
19.61 1.73198 
19.62 1.78047 
19.63 1.82431 
19.64 1.86354 
19.65 1.89802 
19.66 1.92751 
19.67 1.95191 
19.68 1.97132 
19.69 1.98572 
19.7 1.99491 
19.71 1.99879 
19.72 1.99748 
19.73 1.99107 
19.74 1.97948 
19.75 1.96259 
19.76 1.94053 
19.77 1.91352 
19.78 1.88158 
19.79 1.84466 
19.8 1.80286 
19.81 1.75649 
19.82 1.70572 
19.83 1.65055 
19.84 1.59109 
19.85 1.52766 
19.86 1.46056 
19.87 1.38988 
19.88 1.31571 
19.89 1.23838 
19.9 1.15826 
19.91 1.07557 
19.92 0.990392 
19.93 0.903031 
19.94 0.813926 
19.95 0.723387 
19.96 0.631552 
19.97 0.538672 
19.98 0.445199 
19.99 0.351524 
20 0.257822 
20.01 0.164278 
20.02 0.0712876 
20.03 -0.0207227 
20.04 -0.111547 
20.05 -0.201071 
20.06 -0.289 
20.07 -0.374927 
20.08 -0.45862 
20.09 -0.540026 
20.1 -0.618986 
20.11 -0.695162 
20.12 -0.768318 
20.13 -0.838441 
20.14 -0.905493 
20.15 -0.969235 
20.16 -1.02942 
20.17 -1.08605 
20.18 -1.13916 
20.19 -1.18863 
20.2 -1.23422 
20.21 -1.2759 
20.22 -1.31376 
20.23 -1.34778 
20.24 -1.37776 
20.25 -1.4036 
20.26 -1.4254 
20.27 -1.44324 
20.28 -1.45696 
20.29 -1.46641 
20.3 -1.47169 
20.31 -1.47292 
20.32 -1.47003 
20.33 -1.46285 
20.34 -1.45143 
20.35 -1.43595 
20.36 -1.41644 
20.37 -1.39276 
20.38 -1.36494 
20.39 -1.33318 
20.4 -1.29764 
20.41 -1.25827 
20.42 -1.21507 
20.43 -1.16827 
20.44 -1.11814 
20.45 -1.06475 
20.46 -1.00808 
20.47 -0.948354 
20.48 -0.885904 
20.49 -0.820896 
20.5 -0.753354 
20.51 -0.683443 
20.52 -0.611518 
20.53 -0.537843 
20.54 -0.462479 
20.55 -0.385546 
20.56 -0.307382 
20.57 -0.22833 
20.58 -0.148518 
20.59 -0.0680279 
20.6 0.0128468 
20.61 0.0937121 
20.62 0.174356 
20.63 0.2547 
20.64 0.334513 
20.65 0.413388 
20.66 0.491037 
20.67 0.56737 
20.68 0.642222 
20.69 0.715213 
20.7 0.785999 
20.71 0.854469 
20.72 0.920551 
20.73 0.983961 
20.74 1.04435 
20.75 1.10159 
20.76 1.15569 
20.77 1.20649 
20.78 1.25369 
20.79 1.29715 
20.8 1.33692 
20.81 1.37299 
20.82 1.40514 
20.83 1.43321 
20.84 1.45729 
20.85 1.47746 
20.86 1.49362 
20.87 1.50559 
20.88 1.51342 
20.89 1.51729 
20.9 1.51716 
20.91 1.51288 
20.92 1.50444 
20.93 1.49202 
20.94 1.4757 
20.95 1.45534 
20.96 1.43089 
20.97 1.40252 
20.98 1.3704 
20.99 1.33446 
21 1.29461 
21.01 1.251 
21.02 1.20386 
21.03 1.15322 
21.04 1.09899 
21.05 1.04129 
21.06 0.980371 
21.07 0.916404 
21.08 0.849348 
21.09 0.779262 
21.1 0.706435 
21.11 0.631122 
21.12 0.553355 
21.13 0.473158 
21.14 0.390786 
21.15 0.306563 
21.16 0.2206 
21.17 0.132897 
21.18 0.0436411 
21.19 -0.0468249 
21.2 -0.138311 
21.21 -0.230818 
21.22 -0.324239 
21.23 -0.418254 
21.24 -0.512609 
21.25 -0.607274 
21.26 -0.702205 
21.27 -0.797128 
21.28 -0.891726 
21.29 -0.985904 
21.3 -1.07966 
21.31 -1.17278 
21.32 -1.26494 
21.33 -1.35595 
21.34 -1.44583 
21.35 -1.53443 
21.36 -1.62141 
21.37 -1.70654 
21.38 -1.78977 
21.39 -1.87107 
21.4 -1.95013 
21.41 -2.02668 
21.42 -2.10065 
21.43 -2.17206 
21.44 -2.2407 
21.45 -2.30629 
21.46 -2.36872 
21.47 -2.42803 
21.48 -2.48414 
21.49 -2.53677 
21.5 -2.58577 
21.51 -2.63119 
21.52 -2.67304 
21.53 -2.71113 
21.54 -2.74526 
21.55 -2.77547 
21.56 -2.80186 
21.57 -2.82431 
21.58 -2.84264 
21.59 -2.85685 
21.6 -2.86708 
21.61 -2.87334 
21.62 -2.87544 
21.63 -2.87334 
21.64 -2.8672 
21.65 -2.85711 
21.66 -2.84296 
21.67 -2.82465 
21.68 -2.80232 
21.69 -2.77616 
21.7 -2.74613 
21.71 -2.71212 
21.72 -2.67423 
21.73 -2.6327 
21.74 -2.58758 
21.75 -2.53878 
21.76 -2.48633 
21.77 -2.4305 
21.78 -2.37141 
21.79 -2.30902 
21.8 -2.2433 
21.81 -2.17447 
21.82 -2.10276 
21.83 -2.02816 
21.84 -1.95062 
21.85 -1.8703 
21.86 -1.78749 
21.87 -1.70228 
21.88 -1.61464 
21.89 -1.5247 
21.9 -1.43277 
21.91 -1.33908 
21.92 -1.24366 
21.93 -1.14662 
21.94 -1.04831 
21.95 -0.949051 
21.96 -0.848977 
21.97 -0.748168 
21.98 -0.646937 
21.99 -0.545687 
22 -0.444623 
22.01 -0.343816 
22.02 -0.243511 
22.03 -0.144117 
22.04 -0.0459091 
22.05 0.051042 
22.06 0.146581 
22.07 0.240331 
22.08 0.331968 
22.09 0.421415 
22.1 0.508625 
22.11 0.59333 
22.12 0.6752 
22.13 0.754139 
22.14 0.830176 
22.15 0.90316 
22.16 0.972782 
22.17 1.0389 
22.18 1.10157 
22.19 1.16074 
22.2 1.21617 
22.21 1.26764 
22.22 1.3152 
22.23 1.35889 
22.24 1.39852 
22.25 1.43386 
22.26 1.46491 
22.27 1.49178 
22.28 1.51438 
22.29 1.53248 
22.3 1.54603 
22.31 1.55517 
22.32 1.55992 
22.33 1.56011 
22.34 1.55565 
22.35 1.54668 
22.36 1.53335 
22.37 1.51555 
22.38 1.49318 
22.39 1.46636 
22.4 1.43533 
22.41 1.40009 
22.42 1.36054 
22.43 1.31677 
22.44 1.26905 
22.45 1.21751 
22.46 1.16208 
22.47 1.10283 
22.48 1.04002 
22.49 0.973902 
22.5 0.904488 
22.51 0.831796 
22.52 0.756092 
22.53 0.677703 
22.54 0.596742 
22.55 0.513224 
22.56 0.427375 
22.57 0.339581 
22.58 0.250077 
22.59 0.158915 
22.6 0.0662832 
22.61 -0.0273996 
22.62 -0.121782 
22.63 -0.21674 
22.64 -0.312125 
22.65 -0.407545 
22.66 -0.502575 
22.67 -0.597022 
22.68 -0.690789 
22.69 -0.783576 
22.7 -0.87495 
22.71 -0.964668 
22.72 -1.05267 
22.73 -1.13878 
22.74 -1.22261 
22.75 -1.30389 
22.76 -1.38259 
22.77 -1.45867 
22.78 -1.53183 
22.79 -1.60178 
22.8 -1.6685 
22.81 -1.73201 
22.82 -1.79214 
22.83 -1.84861 
22.84 -1.90135 
22.85 -1.95045 
22.86 -1.99586 
22.87 -2.03733 
22.88 -2.07476 
22.89 -2.10825 
22.9 -2.13786 
22.91 -2.16342 
22.92 -2.18478 
22.93 -2.20202 
22.94 -2.21527 
22.95 -2.22445 
22.96 -2.22939 
22.97 -2.23012 
22.98 -2.22682 
22.99 -2.21952 
23 -2.20806 
23.01 -2.19241 
23.02 -2.17279 
23.03 -2.14932 
23.04 -2.1219 
23.05 -2.09047 
23.06 -2.05522 
23.07 -2.01636 
23.08 -1.97387 
23.09 -1.92767 
23.1 -1.87789 
23.11 -1.8248 
23.12 -1.76849 
23.13 -1.70888 
23.14 -1.64604 
23.15 -1.58027 
23.16 -1.51176 
23.17 -1.44048 
23.18 -1.36648 
23.19 -1.29003 
23.2 -1.21143 
23.21 -1.13076 
23.22 -1.04802 
23.23 -0.963485 
23.24 -0.87751 
23.25 -0.790277 
23.26 -0.701816 
23.27 -0.612332 
23.28 -0.522219 
23.29 -0.431747 
23.3 -0.340971 
23.31 -0.250026 
23.32 -0.159278 
23.33 -0.0690674 
23.34 0.0205115 
23.35 0.109398 
23.36 0.197306 
23.37 0.283876 
23.38 0.368965 
23.39 0.452562 
23.4 0.534479 
23.41 0.614376 
23.42 0.692074 
23.43 0.767601 
23.44 0.84089 
23.45 0.91166 
23.46 0.979689 
23.47 1.045 
23.48 1.10763 
23.49 1.16737 
23.5 1.22398 
23.51 1.27744 
23.52 1.32785 
23.53 1.3751 
23.54 1.41895 
23.55 1.45933 
23.56 1.49636 
23.57 1.53005 
23.58 1.56018 
23.59 1.58664 
23.6 1.60955 
23.61 1.62902 
23.62 1.64491 
23.63 1.6571 
23.64 1.66567 
23.65 1.67081 
23.66 1.67252 
23.67 1.67065 
23.68 1.66524 
23.69 1.65653 
23.7 1.64459 
23.71 1.62933 
23.72 1.61073 
23.73 1.58903 
23.74 1.56442 
23.75 1.53687 
23.76 1.50634 
23.77 1.47304 
23.78 1.43726 
23.79 1.39905 
23.8 1.35839 
23.81 1.31543 
23.82 1.27049 
23.83 1.22374 
23.84 1.17516 
23.85 1.12484 
23.86 1.07309 
23.87 1.02016 
23.88 0.966065 
23.89 0.910834 
23.9 0.85473 
23.91 0.798061 
23.92 0.740908 
23.93 0.683262 
23.94 0.625333 
23.95 0.567477 
23.96 0.509874 
23.97 0.452525 
23.98 0.395568 
23.99 0.339349 
24 0.284117 
24.01 0.229892 
24.02 0.176725 
24.03 0.1249 
24.04 0.0747136 
24.05 0.0262168 
24.06 -0.0206144 
24.07 -0.0655911 
24.08 -0.10841 
24.09 -0.148967 
24.1 -0.187325 
24.11 -0.223394 
24.12 -0.256889 
24.13 -0.287639 
24.14 -0.315697 
24.15 -0.341054 
24.16 -0.363469 
24.17 -0.382705 
24.18 -0.398768 
24.19 -0.411713 
24.2 -0.421375 
24.21 -0.427498 
24.22 -0.430042 
24.23 -0.429122 
24.24 -0.424691 
24.25 -0.416531 
24.26 -0.404573 
24.27 -0.388975 
24.28 -0.36983 
24.29 -0.347016 
24.3 -0.320459 
24.31 -0.290338 
24.32 -0.256867 
24.33 -0.220034 
24.34 -0.179761 
24.35 -0.136189 
24.36 -0.0895905 
24.37 -0.0400495 
24.38 0.0125208 
24.39 0.0680616 
24.4 0.126316 
24.41 0.187133 
24.42 0.250587 
24.43 0.316703 
24.44 0.385262 
24.45 0.456045 
24.46 0.52906 
24.47 0.604366 
24.48 0.681787 
24.49 0.761034 
24.5 0.842008 
24.51 0.924748 
24.52 1.00912 
24.53 1.09479 
24.54 1.18155 
24.55 1.26939 
24.56 1.35823 
24.57 1.44776 
24.58 1.53768 
24.59 1.62793 
24.6 1.71846 
24.61 1.809 
24.62 1.8992 
24.63 1.98889 
24.64 2.07806 
24.65 2.1665 
24.66 2.25383 
24.67 2.33983 
24.68 2.42445 
24.69 2.50755 
24.7 2.58879 
24.71 2.66784 
24.72 2.74464 
24.73 2.81914 
24.74 2.89103 
24.75 2.95996 
24.76 3.02582 
24.77 3.08862 
24.78 3.14814 
24.79 3.20407 
24.8 3.25623 
24.81 3.30468 
24.82 3.34933 
24.83 3.38992 
24.84 3.42625 
24.85 3.45838 
24.86 3.48636 
24.87 3.51 
24.88 3.52909 
24.89 3.54368 
24.9 3.5539 
24.91 3.5597 
24.92 3.56089 
24.93 3.55749 
24.94 3.54972 
24.95 3.53768 
24.96 3.52128 
24.97 3.50051 
24.98 3.47564 
24.99 3.44693 
25 3.41436 
25.01 3.37795 
25.02 3.33797 
25.03 3.29473 
25.04 3.24837 
25.05 3.19888 
25.06 3.14646 
25.07 3.0915 
25.08 3.03421 
25.09 2.97461 
25.1 2.91284 
25.11 2.84928 
25.12 2.78424 
25.13 2.71781 
25.14 2.65007 
25.15 2.58136 
25.16 2.51207 
25.17 2.44233 
25.18 2.37217 
25.19 2.30183 
25.2 2.2317 
25.21 2.16197 
25.22 2.09265 
25.23 2.02386 
25.24 1.95596 
25.25 1.88919 
25.26 1.82358 
25.27 1.75916 
25.28 1.69623 
25.29 1.63508 
25.3 1.57578 
25.31 1.5183 
25.32 1.46285 
25.33 1.40974 
25.34 1.35911 
25.35 1.31089 
25.36 1.2652 
25.37 1.22234 
25.38 1.18251 
25.39 1.14565 
25.4 1.1118 
25.41 1.08122 
25.42 1.05415 
25.43 1.0306 
25.44 1.01053 
25.45 0.994094 
25.46 0.98156 
25.47 0.972973 
25.48 0.96821 
25.49 0.967309 
25.5 0.970491 
25.51 0.977831 
25.52 0.989168 
25.53 1.00441 
25.54 1.02368 
25.55 1.04709 
25.56 1.07447 
25.57 1.1056 
25.58 1.14051 
25.59 1.17927 
25.6 1.22175 
25.61 1.26763 
25.62 1.3168 
25.63 1.36928 
25.64 1.42496 
25.65 1.48348 
25.66 1.54456 
25.67 1.60814 
25.68 1.67412 
25.69 1.7421 
25.7 1.81167 
25.71 1.88264 
25.72 1.95488 
25.73 2.02801 
25.74 2.10154 
25.75 2.17519 
25.76 2.24883 
25.77 2.32219 
25.78 2.39483 
25.79 2.46644 
25.8 2.53693 
25.81 2.6062 
25.82 2.67388 
25.83 2.73964 
25.84 2.80339 
25.85 2.86513 
25.86 2.92458 
25.87 2.98141 
25.88 3.03548 
25.89 3.08679 
25.9 3.1352 
25.91 3.18035 
25.92 3.22204 
25.93 3.26029 
25.94 3.29504 
25.95 3.32601 
25.96 3.35294 
25.97 3.37585 
25.98 3.3948 
25.99 3.40959 
26 3.41999 
26.01 3.42596 
26.02 3.42763 
26.03 3.42493 
26.04 3.41762 
26.05 3.40563 
26.06 3.38909 
26.07 3.36802 
26.08 3.34225 
26.09 3.3116 
26.1 3.27619 
26.11 3.23611 
26.12 3.19124 
26.13 3.14136 
26.14 3.08652 
26.15 3.02688 
26.16 2.96238 
26.17 2.89282 
26.18 2.81818 
26.19 2.73864 
26.2 2.65425 
26.21 2.56486 
26.22 2.47039 
26.23 2.37104 
26.24 2.26698 
26.25 2.15817 
26.26 2.04453 
26.27 1.92627 
26.28 1.80369 
26.29 1.6769 
26.3 1.54589 
26.31 1.41086 
26.32 1.27222 
26.33 1.13024 
26.34 0.985009 
26.35 0.836709 
26.36 0.6858 
26.37 0.532714 
26.38 0.377655 
26.39 0.220828 
26.4 0.0626968 
26.41 -0.0961893 
26.42 -0.255506 
26.43 -0.415055 
26.44 -0.574439 
26.45 -0.733096 
26.46 -0.890632 
26.47 -1.04687 
26.48 -1.20151 
26.49 -1.35406 
26.5 -1.50408 
26.51 -1.6514 
26.52 -1.79585 
26.53 -1.93704 
26.54 -2.07453 
26.55 -2.20814 
26.56 -2.33779 
26.57 -2.46322 
26.58 -2.584 
26.59 -2.69991 
26.6 -2.81088 
26.61 -2.91676 
26.62 -3.01717 
26.63 -3.11186 
26.64 -3.20079 
26.65 -3.28394 
26.66 -3.36102 
26.67 -3.43177 
26.68 -3.49617 
26.69 -3.55427 
26.7 -3.60593 
26.71 -3.6509 
26.72 -3.68913 
26.73 -3.72075 
26.74 -3.74575 
26.75 -3.76393 
26.76 -3.77523 
26.77 -3.77981 
26.78 -3.7778 
26.79 -3.76911 
26.8 -3.7537 
26.81 -3.73177 
26.82 -3.70359 
26.83 -3.66921 
26.84 -3.62862 
26.85 -3.58202 
26.86 -3.52978 
26.87 -3.4721 
26.88 -3.40901 
26.89 -3.34069 
26.9 -3.26755 
26.91 -3.18991 
26.92 -3.10789 
26.93 -3.02165 
26.94 -2.93156 
26.95 -2.83807 
26.96 -2.74136 
26.97 -2.64157 
26.98 -2.53903 
26.99 -2.43423 
27 -2.32746 
27.01 -2.21889 
27.02 -2.10882 
27.03 -1.99777 
27.04 -1.88618 
27.05 -1.77424 
27.06 -1.66219 
27.07 -1.5505 
27.08 -1.43965 
27.09 -1.32986 
27.1 -1.22125 
27.11 -1.11419 
27.12 -1.0091 
27.13 -0.906223 
27.14 -0.805656 
27.15 -0.707662 
27.16 -0.612685 
27.17 -0.521019 
27.18 -0.432726 
27.19 -0.347945 
27.2 -0.267037 
27.21 -0.190322 
27.22 -0.117857 
27.23 -0.0496687 
27.24 0.0139686 
27.25 0.0727025 
27.26 0.126423 
27.27 0.175162 
27.28 0.21875 
27.29 0.256855 
27.3 0.289335 
27.31 0.316276 
27.32 0.337653 
27.33 0.353209 
27.34 0.362771 
27.35 0.366439 
27.36 0.36431 
27.37 0.356235 
27.38 0.342029 
27.39 0.321769 
27.4 0.295657 
27.41 0.26368 
27.42 0.225691 
27.43 0.181752 
27.44 0.132139 
27.45 0.077004 
27.46 0.0162817 
27.47 -0.0499807 
27.48 -0.121465 
27.49 -0.197871 
27.5 -0.279149 
27.51 -0.365254 
27.52 -0.455874 
27.53 -0.550604 
27.54 -0.649267 
27.55 -0.751817 
27.56 -0.857992 
27.57 -0.96734 
27.58 -1.07956 
27.59 -1.19458 
27.6 -1.31218 
27.61 -1.4319 
27.62 -1.55331 
27.63 -1.67623 
27.64 -1.8005 
27.65 -1.92565 
27.66 -2.05119 
27.67 -2.17684 
27.68 -2.30248 
27.69 -2.42775 
27.7 -2.55212 
27.71 -2.67529 
27.72 -2.79713 
27.73 -2.9174 
27.74 -3.03563 
27.75 -3.15143 
27.76 -3.26466 
27.77 -3.3752 
27.78 -3.48265 
27.79 -3.58658 
27.8 -3.68686 
27.81 -3.78343 
27.82 -3.87602 
27.83 -3.96422 
27.84 -4.04783 
27.85 -4.12685 
27.86 -4.20111 
27.87 -4.27021 
27.88 -4.33391 
27.89 -4.39223 
27.9 -4.44514 
27.91 -4.49236 
27.92 -4.53363 
27.93 -4.56897 
27.94 -4.59848 
27.95 -4.622 
27.96 -4.63927 
27.97 -4.65028 
27.98 -4.6552 
27.99 -4.65402 
28 -4.6465 
28.01 -4.63259 
28.02 -4.61248 
28.03 -4.58628 
28.04 -4.55386 
28.05 -4.51511 
28.06 -4.47022 
28.07 -4.41945 
28.08 -4.36276 
28.09 -4.30008 
28.1 -4.23157 
28.11 -4.15756 
28.12 -4.0782 
28.13 -3.99343 
28.14 -3.90338 
28.15 -3.80846 
28.16 -3.70894 
28.17 -3.60488 
28.18 -3.49637 
28.19 -3.38382 
28.2 -3.26765 
28.21 -3.148 
28.22 -3.02497 
28.23 -2.89891 
28.24 -2.77031 
28.25 -2.63945 
28.26 -2.50642 
28.27 -2.37154 
28.28 -2.23531 
28.29 -2.09815 
28.3 -1.9602 
28.31 -1.82167 
28.32 -1.68306 
28.33 -1.54483 
28.34 -1.40716 
28.35 -1.27018 
28.36 -1.13425 
28.37 -0.999854 
28.38 -0.867206 
28.39 -0.73636 
28.4 -0.607575 
28.41 -0.481331 
28.42 -0.357946 
28.43 -0.237469 
28.44 -0.120034 
28.45 -0.00604602 
28.46 0.104133 
28.47 0.210442 
28.48 0.312865 
28.49 0.41112 
28.5 0.504829 
28.51 0.593872 
28.52 0.678287 
28.53 0.757906 
28.54 0.832361 
28.55 0.901458 
28.56 0.965263 
28.57 1.02375 
28.58 1.07665 
28.59 1.12372 
28.6 1.16503 
28.61 1.20069 
28.62 1.23052 
28.63 1.2543 
28.64 1.27206 
28.65 1.28398 
28.66 1.29003 
28.67 1.29001 
28.68 1.28391 
28.69 1.27196 
28.7 1.2543 
28.71 1.23081 
28.72 1.20146 
28.73 1.16652 
28.74 1.12627 
28.75 1.08072 
28.76 1.02984 
28.77 0.973888 
28.78 0.913252 
28.79 0.848088 
28.8 0.778391 
28.81 0.704366 
28.82 0.626446 
28.83 0.544916 
28.84 0.459808 
28.85 0.371258 
28.86 0.279679 
28.87 0.185455 
28.88 0.0886947 
28.89 -0.01052 
28.9 -0.111822 
28.91 -0.214747 
28.92 -0.319083 
28.93 -0.424761 
28.94 -0.531487 
28.95 -0.638767 
28.96 -0.74629 
28.97 -0.853988 
28.98 -0.961674 
28.99 -1.0689 
29 -1.17528 
29.01 -1.28073 
29.02 -1.38516 
29.03 -1.48823 
29.04 -1.58951 
29.05 -1.68884 
29.06 -1.78622 
29.07 -1.8814 
29.08 -1.97396 
29.09 -2.06366 
29.1 -2.15055 
29.11 -2.23449 
29.12 -2.31512 
29.13 -2.39217 
29.14 -2.46564 
29.15 -2.53553 
29.16 -2.60156 
29.17 -2.66341 
29.18 -2.72105 
29.19 -2.77456 
29.2 -2.82377 
29.21 -2.86836 
29.22 -2.90819 
29.23 -2.94337 
29.24 -2.97385 
29.25 -2.99932 
29.26 -3.01961 
29.27 -3.03481 
29.28 -3.04499 
29.29 -3.04996 
29.3 -3.0495 
29.31 -3.04368 
29.32 -3.03269 
29.33 -3.01645 
29.34 -2.99476 
29.35 -2.96766 
29.36 -2.93539 
29.37 -2.89805 
29.38 -2.85549 
29.39 -2.80771 
29.4 -2.755 
29.41 -2.69758 
29.42 -2.63541 
29.43 -2.56847 
29.44 -2.49704 
29.45 -2.42144 
29.46 -2.34179 
29.47 -2.25804 
29.48 -2.17044 
29.49 -2.07938 
29.5 -1.98509 
29.51 -1.88757 
29.52 -1.78699 
29.53 -1.68377 
29.54 -1.57827 
29.55 -1.47054 
29.56 -1.36072 
29.57 -1.24919 
29.58 -1.13643 
29.59 -1.0226 
29.6 -0.907813 
29.61 -0.792404 
29.62 -0.676872 
29.63 -0.561503 
29.64 -0.446368 
29.65 -0.331701 
29.66 -0.217968 
29.67 -0.105516 
29.68 0.00558907 
29.69 0.115237 
29.7 0.223035 
29.71 0.328576 
29.72 0.431745 
29.73 0.532525 
29.74 0.630644 
29.75 0.725695 
29.76 0.817511 
29.77 0.906131 
29.78 0.991426 
29.79 1.07303 
29.8 1.15074 
29.81 1.22459 
29.82 1.29459 
29.83 1.36048 
29.84 1.42198 
29.85 1.47912 
29.86 1.53201 
29.87 1.58047 
29.88 1.62422 
29.89 1.66322 
29.9 1.69761 
29.91 1.72735 
29.92 1.75218 
29.93 1.772 
29.94 1.78698 
29.95 1.7972 
29.96 1.80246 
29.97 1.80264 
29.98 1.79786 
29.99 1.78834 
30 1.77399 
30.01 1.75466 
30.02 1.73045 
30.03 1.70164 
30.04 1.66828 
30.05 1.63025 
30.06 1.5876 
30.07 1.54064 
30.08 1.48956 
30.09 1.43429 
30.1 1.37484 
30.11 1.31149 
30.12 1.24457 
30.13 1.1741 
30.14 1.10006 
30.15 1.0227 
30.16 0.942409 
30.17 0.859359 
30.18 0.773535 
30.19 0.685141 
30.2 0.594615 
30.21 0.502265 
30.22 0.408152 
30.23 0.312435 
30.24 0.215569 
30.25 0.117991 
30.26 0.019859 
30.27 -0.0787105 
30.28 -0.177322 
30.29 -0.275475 
30.3 -0.372927 
30.31 -0.469602 
30.32 -0.565215 
30.33 -0.659272 
30.34 -0.751452 
30.35 -0.841703 
30.36 -0.929868 
30.37 -1.01553 
30.38 -1.09832 
30.39 -1.17819 
30.4 -1.25511 
30.41 -1.32877 
30.42 -1.39879 
30.43 -1.46509 
30.44 -1.52771 
30.45 -1.5865 
30.46 -1.64109 
30.47 -1.69134 
30.48 -1.73736 
30.49 -1.77912 
30.5 -1.81632 
30.51 -1.84874 
30.52 -1.8765 
30.53 -1.89968 
30.54 -1.91809 
30.55 -1.93149 
30.56 -1.93994 
30.57 -1.94361 
30.58 -1.94245 
30.59 -1.93621 
30.6 -1.92489 
30.61 -1.90871 
30.62 -1.88773 
30.63 -1.86179 
30.64 -1.83079 
30.65 -1.79497 
30.66 -1.75452 
30.67 -1.70936 
30.68 -1.65937 
30.69 -1.60475 
30.7 -1.54578 
30.71 -1.48252 
30.72 -1.41484 
30.73 -1.34287 
30.74 -1.26697 
30.75 -1.18731 
30.76 -1.10381 
30.77 -1.01653 
30.78 -0.925834 
30.79 -0.832011 
30.8 -0.735072 
30.81 -0.635033 
30.82 -0.532216 
30.83 -0.42702 
30.84 -0.319569 
30.85 -0.209865 
30.86 -0.0981709 
30.87 0.01505 
30.88 0.129536 
30.89 0.245252 
30.9 0.362006 
30.91 0.479328 
30.92 0.596844 
30.93 0.714471 
30.94 0.832095 
30.95 0.949309 
30.96 1.06567 
30.97 1.18103 
30.98 1.29535 
30.99 1.40833 
31 1.5195 
31.01 1.62863 
31.02 1.7357 
31.03 1.84052 
31.04 1.94266 
31.05 2.04183 
31.06 2.138 
31.07 2.23111 
31.08 2.32081 
31.09 2.40676 
31.1 2.4889 
31.11 2.56727 
31.12 2.64162 
31.13 2.71161 
31.14 2.77712 
31.15 2.8382 
31.16 2.89476 
31.17 2.94646 
31.18 2.99311 
31.19 3.03479 
31.2 3.07152 
31.21 3.10307 
31.22 3.12923 
31.23 3.15005 
31.24 3.1657 
31.25 3.17606 
31.26 3.18092 
31.27 3.18032 
31.28 3.17448 
31.29 3.16344 
31.3 3.14704 
31.31 3.12527 
31.32 3.0984 
31.33 3.0666 
31.34 3.02981 
31.35 2.98799 
31.36 2.9414 
31.37 2.89035 
31.38 2.83489 
31.39 2.77498 
31.4 2.71085 
31.41 2.64288 
31.42 2.57126 
31.43 2.49598 
31.44 2.4172 
31.45 2.33535 
31.46 2.25073 
31.47 2.1634 
31.48 2.07348 
31.49 1.98139 
31.5 1.88755 
31.51 1.79211 
31.52 1.69517 
31.53 1.59709 
31.54 1.49837 
31.55 1.39925 
31.56 1.2998 
31.57 1.20029 
31.58 1.10118 
31.59 1.00278 
31.6 0.905174 
31.61 0.808474 
31.62 0.713075 
31.63 0.619348 
31.64 0.527381 
31.65 0.437208 
31.66 0.349119 
31.67 0.263508 
31.68 0.180514 
31.69 0.100105 
31.7 0.0224459 
31.71 -0.0520975 
31.72 -0.123325 
31.73 -0.191286 
31.74 -0.255938 
31.75 -0.316976 
31.76 -0.374146 
31.77 -0.427473 
31.78 -0.477016 
31.79 -0.522568 
31.8 -0.563847 
31.81 -0.600832 
31.82 -0.63365 
31.83 -0.662214 
31.84 -0.686252 
31.85 -0.705672 
31.86 -0.720623 
31.87 -0.731142 
31.88 -0.737016 
31.89 -0.738106 
31.9 -0.734552 
31.91 -0.726505 
31.92 -0.713855 
31.93 -0.69644 
31.94 -0.67437 
31.95 -0.647887 
31.96 -0.617013 
31.97 -0.581608 
31.98 -0.541739 
31.99 -0.497697 
32 -0.449642 
32.01 -0.397497 
32.02 -0.341278 
32.03 -0.281284 
32.04 -0.217795 
32.05 -0.150833 
32.06 -0.0803885 
32.07 -0.00673188 
32.08 0.0697609 
32.09 0.148946 
32.1 0.230819 
32.11 0.315159 
32.12 0.401531 
32.13 0.489654 
32.14 0.579471 
32.15 0.670803 
32.16 0.763204 
32.17 0.856276 
32.18 0.949897 
32.19 1.04395 
32.2 1.13806 
32.21 1.23177 
32.22 1.32489 
32.23 1.41737 
32.24 1.50893 
32.25 1.59914 
32.26 1.68774 
32.27 1.7747 
32.28 1.85985 
32.29 1.94278 
32.3 2.02319 
32.31 2.10105 
32.32 2.17631 
32.33 2.24864 
32.34 2.31771 
32.35 2.38345 
32.36 2.44589 
32.37 2.50482 
32.38 2.55991 
32.39 2.61102 
32.4 2.65824 
32.41 2.70148 
32.42 2.74044 
32.43 2.77494 
32.44 2.80506 
32.45 2.83082 
32.46 2.852 
32.47 2.86837 
32.48 2.87998 
32.49 2.88695 
32.5 2.8892 
32.51 2.88648 
32.52 2.87881 
32.53 2.86638 
32.54 2.84921 
32.55 2.82714 
32.56 2.80012 
32.57 2.76838 
32.58 2.73208 
32.59 2.69113 
32.6 2.64546 
32.61 2.59528 
32.62 2.54088 
32.63 2.48227 
32.64 2.41939 
32.65 2.35239 
32.66 2.28163 
32.67 2.20726 
32.68 2.12922 
32.69 2.04764 
32.7 1.96288 
32.71 1.87521 
32.72 1.78466 
32.73 1.6913 
32.74 1.59547 
32.75 1.49756 
32.76 1.39768 
32.77 1.29589 
32.78 1.19248 
32.79 1.0879 
32.8 0.982386 
32.81 0.875981 
32.82 0.768903 
32.83 0.66159 
32.84 0.554361 
32.85 0.447279 
32.86 0.340464 
32.87 0.2343 
32.88 0.129158 
32.89 0.0251373 
32.9 -0.0777227 
32.91 -0.179129 
32.92 -0.278679 
32.93 -0.376211 
32.94 -0.471733 
32.95 -0.565065 
32.96 -0.655831 
32.97 -0.743808 
32.98 -0.829023 
32.99 -0.91142 
33 -0.990688 
33.01 -1.06656 
33.02 -1.13903 
33.03 -1.20816 
33.04 -1.27372 
33.05 -1.33544 
33.06 -1.39327 
33.07 -1.44731 
33.08 -1.4975 
33.09 -1.54355 
33.1 -1.58536 
33.11 -1.62309 
33.12 -1.65676 
33.13 -1.68616 
33.14 -1.71115 
33.15 -1.73186 
33.16 -1.74842 
33.17 -1.76071 
33.18 -1.76857 
33.19 -1.77207 
33.2 -1.77144 
33.21 -1.76668 
33.22 -1.75763 
33.23 -1.74433 
33.24 -1.72704 
33.25 -1.70589 
33.26 -1.68078 
33.27 -1.6517 
33.28 -1.61891 
33.29 -1.58266 
33.3 -1.54293 
33.31 -1.49968 
33.32 -1.45314 
33.33 -1.40363 
33.34 -1.35126 
33.35 -1.29598 
33.36 -1.23796 
33.37 -1.17758 
33.38 -1.11506 
33.39 -1.05039 
33.4 -0.983687 
33.41 -0.915336 
33.42 -0.845676 
33.43 -0.774788 
33.44 -0.702741 
33.45 -0.629872 
33.46 -0.556593 
33.47 -0.483068 
33.48 -0.40933 
33.49 -0.335629 
33.5 -0.262389 
33.51 -0.189853 
33.52 -0.118036 
33.53 -0.0470779 
33.54 0.0226414 
33.55 0.0908137 
33.56 0.157394 
33.57 0.222333 
33.58 0.285328 
33.59 0.346043 
33.6 0.404403 
33.61 0.460439 
33.62 0.513964 
33.63 0.564643 
33.64 0.612347 
33.65 0.657152 
33.66 0.69899 
33.67 0.737569 
33.68 0.772706 
33.69 0.804477 
33.7 0.832926 
33.71 0.85784 
33.72 0.878997 
33.73 0.896442 
33.74 0.910301 
33.75 0.920469 
33.76 0.926712 
33.77 0.929021 
33.78 0.927567 
33.79 0.922359 
33.8 0.913197 
33.81 0.900008 
33.82 0.882974 
33.83 0.86222 
33.84 0.83762 
33.85 0.809063 
33.86 0.776712 
33.87 0.740789 
33.88 0.701277 
33.89 0.658057 
33.9 0.611247 
33.91 0.561131 
33.92 0.507815 
33.93 0.45121 
33.94 0.391379 
33.95 0.32863 
33.96 0.263187 
33.97 0.195032 
33.98 0.124185 
33.99 0.0509347 
34 -0.024388 
34.01 -0.101704 
34.02 -0.181012 
34.03 -0.262066 
34.04 -0.344474 
34.05 -0.428041 
34.06 -0.512748 
34.07 -0.598418 
34.08 -0.684645 
34.09 -0.771139 
34.1 -0.857852 
34.11 -0.944676 
34.12 -1.03124 
34.13 -1.11719 
34.14 -1.2024 
34.15 -1.28685 
34.16 -1.37024 
34.17 -1.45218 
34.18 -1.53249 
34.19 -1.61116 
34.2 -1.68802 
34.21 -1.76268 
34.22 -1.83492 
34.23 -1.90473 
34.24 -1.97206 
34.25 -2.03659 
34.26 -2.09805 
34.27 -2.15642 
34.28 -2.21173 
34.29 -2.26377 
34.3 -2.31225 
34.31 -2.3571 
34.32 -2.39842 
34.33 -2.43613 
34.34 -2.46994 
34.35 -2.49976 
34.36 -2.5257 
34.37 -2.54782 
34.38 -2.56589 
34.39 -2.57977 
34.4 -2.58958 
34.41 -2.59546 
34.42 -2.59731 
34.43 -2.59494 
34.44 -2.58845 
34.45 -2.57806 
34.46 -2.56378 
34.47 -2.54545 
34.48 -2.52312 
34.49 -2.49703 
34.5 -2.46733 
34.51 -2.43392 
34.52 -2.39677 
34.53 -2.35613 
34.54 -2.31225 
34.55 -2.26512 
34.56 -2.21467 
34.57 -2.16112 
34.58 -2.10478 
34.59 -2.04573 
34.6 -1.98393 
34.61 -1.9195 
34.62 -1.85279 
34.63 -1.784 
34.64 -1.71309 
34.65 -1.64014 
34.66 -1.56549 
34.67 -1.48942 
34.68 -1.412 
34.69 -1.33323 
34.7 -1.25341 
34.71 -1.1729 
34.72 -1.09185 
34.73 -1.01023 
34.74 -0.928262 
34.75 -0.846336 
34.76 -0.764676 
34.77 -0.68328 
34.78 -0.602266 
34.79 -0.522 
34.8 -0.442781 
34.81 -0.364641 
34.82 -0.287613 
34.83 -0.211998 
34.84 -0.13816 
34.85 -0.0662038 
34.86 0.00389088 
34.87 0.071925 
34.88 0.137533 
34.89 0.200541 
34.9 0.260992 
34.91 0.318801 
34.92 0.373645 
34.93 0.42529 
34.94 0.473772 
34.95 0.519112 
34.96 0.561074 
34.97 0.599392 
34.98 0.634068 
34.99 0.665209 
35 0.692699 
35.01 0.716277 
35.02 0.735898 
35.03 0.75172 
35.04 0.763755 
35.05 0.771792 
35.06 0.775736 
35.07 0.775756 
35.08 0.771985 
35.09 0.764303 
35.1 0.752584 
35.11 0.736978 
35.12 0.717718 
35.13 0.6948 
35.14 0.668101 
35.15 0.637722 
35.16 0.603954 
35.17 0.566917 
35.18 0.52652 
35.19 0.482809 
35.2 0.436084 
35.21 0.386578 
35.22 0.334269 
35.23 0.279155 
35.24 0.221504 
35.25 0.161638 
35.26 0.0996341 
35.27 0.0354674 
35.28 -0.0306516 
35.29 -0.0983488 
35.3 -0.16744 
35.31 -0.237938 
35.32 -0.309702 
35.33 -0.382354 
35.34 -0.455614 
35.35 -0.52946 
35.36 -0.603833 
35.37 -0.678406 
35.38 -0.752825 
35.39 -0.827 
35.4 -0.900928 
35.41 -0.974364 
35.42 -1.04693 
35.43 -1.11846 
35.44 -1.18898 
35.45 -1.25834 
35.46 -1.32617 
35.47 -1.39222 
35.48 -1.45651 
35.49 -1.51898 
35.5 -1.57933 
35.51 -1.63726 
35.52 -1.69275 
35.53 -1.74584 
35.54 -1.79633 
35.55 -1.8439 
35.56 -1.88847 
35.57 -1.93014 
35.58 -1.96883 
35.59 -2.00423 
35.6 -2.0362 
35.61 -2.06486 
35.62 -2.09022 
35.63 -2.11207 
35.64 -2.1302 
35.65 -2.14471 
35.66 -2.15571 
35.67 -2.16307 
35.68 -2.16658 
35.69 -2.16627 
35.7 -2.16233 
35.71 -2.15474 
35.72 -2.14332 
35.73 -2.12802 
35.74 -2.10908 
35.75 -2.08659 
35.76 -2.06041 
35.77 -2.03049 
35.78 -1.99702 
35.79 -1.96022 
35.8 -1.92005 
35.81 -1.87641 
35.82 -1.82948 
35.83 -1.77955 
35.84 -1.72671 
35.85 -1.67086 
35.86 -1.61212 
35.87 -1.55082 
35.88 -1.48717 
35.89 -1.42112 
35.9 -1.35274 
35.91 -1.28233 
35.92 -1.21021 
35.93 -1.13644 
35.94 -1.06101 
35.95 -0.98421 
35.96 -0.906415 
35.97 -0.827775 
35.98 -0.748281 
35.99 -0.668126 
36 -0.587703 
36.01 -0.50725 
36.02 -0.426773 
36.03 -0.346372 
36.04 -0.266405 
36.05 -0.187183 
36.06 -0.108743 
36.07 -0.0311027 
36.08 0.0454632 
36.09 0.120603 
36.1 0.19421 
36.11 0.266315 
36.12 0.336735 
36.13 0.405121 
36.14 0.471302 
36.15 0.535333 
36.16 0.597148 
36.17 0.656441 
36.18 0.712981 
36.19 0.766808 
36.2 0.817959 
36.21 0.866212 
36.22 0.9113 
36.23 0.953218 
36.24 0.992073 
36.25 1.02775 
36.26 1.05999 
36.27 1.08872 
36.28 1.11408 
36.29 1.13607 
36.3 1.15447 
36.31 1.16916 
36.32 1.18026 
36.33 1.1879 
36.34 1.19192 
36.35 1.19215 
36.36 1.1887 
36.37 1.18175 
36.38 1.17126 
36.39 1.15707 
36.4 1.13922 
36.41 1.11794 
36.42 1.09331 
36.43 1.0652 
36.44 1.03358 
36.45 0.998717 
36.46 0.960788 
36.47 0.919733 
36.48 0.875495 
36.49 0.828285 
36.5 0.778386 
36.51 0.725834 
36.52 0.670556 
36.53 0.612705 
36.54 0.552612 
36.55 0.490429 
36.56 0.426101 
36.57 0.359714 
36.58 0.291604 
36.59 0.222029 
36.6 0.15099 
36.61 0.0785204 
36.62 0.00492222 
36.63 -0.0694638 
36.64 -0.144556 
36.65 -0.220365 
36.66 -0.296667 
36.67 -0.373083 
36.68 -0.449432 
36.69 -0.525733 
36.7 -0.601847 
36.71 -0.677405 
36.72 -0.752146 
36.73 -0.826069 
36.74 -0.899128 
36.75 -0.971006 
36.76 -1.04138 
36.77 -1.11018 
36.78 -1.17744 
36.79 -1.24292 
36.8 -1.30628 
36.81 -1.36739 
36.82 -1.4263 
36.83 -1.48292 
36.84 -1.5369 
36.85 -1.58805 
36.86 -1.63644 
36.87 -1.68204 
36.88 -1.72461 
36.89 -1.76388 
36.9 -1.79987 
36.91 -1.83266 
36.92 -1.86209 
36.93 -1.88786 
36.94 -1.90995 
36.95 -1.92849 
36.96 -1.94341 
36.97 -1.95445 
36.98 -1.96152 
36.99 -1.96475 
37 -1.96421 
37.01 -1.95969 
37.02 -1.95103 
37.03 -1.93837 
37.04 -1.92186 
37.05 -1.90138 
37.06 -1.87678 
37.07 -1.84811 
37.08 -1.81561 
37.09 -1.7793 
37.1 -1.73901 
37.11 -1.69477 
37.12 -1.64684 
37.13 -1.59537 
37.14 -1.54024 
37.15 -1.48144 
37.16 -1.41921 
37.17 -1.35381 
37.18 -1.28523 
37.19 -1.21342 
37.2 -1.13859 
37.21 -1.06106 
37.22 -0.980958 
37.23 -0.898225 
37.24 -0.813015 
37.25 -0.725696 
37.26 -0.636505 
37.27 -0.545441 
37.28 -0.452603 
37.29 -0.35836 
37.3 -0.263057 
37.31 -0.166777 
37.32 -0.0695731 
37.33 0.0282421 
37.34 0.126262 
37.35 0.224316 
37.36 0.322383 
37.37 0.420234 
37.38 0.517454 
37.39 0.613793 
37.4 0.709236 
37.41 0.803663 
37.42 0.8967 
37.43 0.988025 
37.44 1.07759 
37.45 1.16534 
37.46 1.251 
37.47 1.33422 
37.48 1.41488 
37.49 1.49302 
37.5 1.56846 
37.51 1.64084 
37.52 1.71 
37.53 1.77601 
37.54 1.83879 
37.55 1.89804 
37.56 1.95355 
37.57 2.00537 
37.58 2.05352 
37.59 2.09781 
37.6 2.13798 
37.61 2.17403 
37.62 2.2061 
37.63 2.23407 
37.64 2.2577 
37.65 2.27695 
37.66 2.29198 
37.67 2.3028 
37.68 2.30922 
37.69 2.31114 
37.7 2.30872 
37.71 2.30209 
37.72 2.29114 
37.73 2.27574 
37.74 2.25603 
37.75 2.23223 
37.76 2.20434 
37.77 2.17223 
37.78 2.136 
37.79 2.09592 
37.8 2.05212 
37.81 2.00451 
37.82 1.95313 
37.83 1.89826 
37.84 1.84015 
37.85 1.77878 
37.86 1.71415 
37.87 1.64652 
37.88 1.57622 
37.89 1.50334 
37.9 1.42785 
37.91 1.34997 
37.92 1.27009 
37.93 1.1884 
37.94 1.10491 
37.95 1.01977 
37.96 0.933381 
37.97 0.846041 
37.98 0.757811 
37.99 0.668778 
38 0.579289 
38.01 0.489719 
38.02 0.400192 
38.03 0.310743 
38.04 0.221641 
38.05 0.133287 
38.06 0.0458725 
38.07 -0.0405982 
38.08 -0.125958 
38.09 -0.209823 
38.1 -0.29193 
38.11 -0.372265 
38.12 -0.450767 
38.13 -0.527119 
38.14 -0.601013 
38.15 -0.672412 
38.16 -0.741344 
38.17 -0.807598 
38.18 -0.870854 
38.19 -0.931026 
38.2 -0.988196 
38.21 -1.04227 
38.22 -1.09295 
38.23 -1.1401 
38.24 -1.18381 
38.25 -1.22411 
38.26 -1.26076 
38.27 -1.29357 
38.28 -1.32262 
38.29 -1.34802 
38.3 -1.36965 
38.31 -1.3873 
38.32 -1.40098 
38.33 -1.41087 
38.34 -1.41697 
38.35 -1.41908 
38.36 -1.41715 
38.37 -1.4114 
38.38 -1.40194 
38.39 -1.38862 
38.4 -1.37137 
38.41 -1.35039 
38.42 -1.32588 
38.43 -1.29782 
38.44 -1.26609 
38.45 -1.23085 
38.46 -1.1924 
38.47 -1.15081 
38.48 -1.10598 
38.49 -1.05803 
38.5 -1.00726 
38.51 -0.953876 
38.52 -0.897837 
38.53 -0.839187 
38.54 -0.778235 
38.55 -0.715285 
38.56 -0.650381 
38.57 -0.583536 
38.58 -0.515023 
38.59 -0.44522 
38.6 -0.374281 
38.61 -0.302216 
38.62 -0.229229 
38.63 -0.15572 
38.64 -0.0819393 
38.65 -0.00791057 
38.66 0.0662434 
38.67 0.14015 
38.68 0.213482 
38.69 0.286178 
38.7 0.3582 
38.71 0.429255 
38.72 0.498979 
38.73 0.567253 
38.74 0.634087 
38.75 0.699279 
38.76 0.762466 
38.77 0.82347 
38.78 0.882328 
38.79 0.938961 
38.8 0.993051 
38.81 1.04436 
38.82 1.09293 
38.83 1.13877 
38.84 1.18166 
38.85 1.22134 
38.86 1.25779 
38.87 1.29112 
38.88 1.32122 
38.89 1.34781 
38.9 1.37084 
38.91 1.39045 
38.92 1.40664 
38.93 1.41919 
38.94 1.42799 
38.95 1.43318 
38.96 1.43487 
38.97 1.43292 
38.98 1.42717 
38.99 1.41775 
39 1.40484 
39.01 1.38843 
39.02 1.36835 
39.03 1.34467 
39.04 1.31763 
39.05 1.28734 
39.06 1.25368 
39.07 1.21665 
39.08 1.17651 
39.09 1.13348 
39.1 1.08751 
39.11 1.03856 
39.12 0.986879 
39.13 0.932755 
39.14 0.876247 
39.15 0.817307 
39.16 0.756118 
39.17 0.693034 
39.18 0.628224 
39.19 0.56166 
39.2 0.493463 
39.21 0.423996 
39.22 0.353541 
39.23 0.282123 
39.24 0.209798 
39.25 0.136884 
39.26 0.0637324 
39.27 -0.00955958 
39.28 -0.0829811 
39.29 -0.156288 
39.3 -0.229095 
39.31 -0.301228 
39.32 -0.372701 
39.33 -0.443374 
39.34 -0.512882 
39.35 -0.580971 
39.36 -0.647643 
39.37 -0.712851 
39.38 -0.776294 
39.39 -0.83767 
39.4 -0.896944 
39.41 -0.954154 
39.42 -1.0091 
39.43 -1.06147 
39.44 -1.11118 
39.45 -1.1583 
39.46 -1.20277 
39.47 -1.24428 
39.48 -1.2827 
39.49 -1.31811 
39.5 -1.35055 
39.51 -1.3798 
39.52 -1.40564 
39.53 -1.42816 
39.54 -1.44747 
39.55 -1.46345 
39.56 -1.47588 
39.57 -1.48478 
39.58 -1.49032 
39.59 -1.4925 
39.6 -1.49111 
39.61 -1.48612 
39.62 -1.47773 
39.63 -1.46604 
39.64 -1.45091 
39.65 -1.43226 
39.66 -1.41028 
39.67 -1.38516 
39.68 -1.35687 
39.69 -1.32529 
39.7 -1.29058 
39.71 -1.253 
39.72 -1.21262 
39.73 -1.16935 
39.74 -1.12326 
39.75 -1.07466 
39.76 -1.02374 
39.77 -0.970438 
39.78 -0.914787 
39.79 -0.857077 
39.8 -0.797596 
39.81 -0.736378 
39.82 -0.673413 
39.83 -0.608949 
39.84 -0.543344 
39.85 -0.476736 
39.86 -0.409109 
39.87 -0.340633 
39.88 -0.271682 
39.89 -0.202491 
39.9 -0.133058 
39.91 -0.0634756 
39.92 0.00591001 
39.93 0.0747894 
39.94 0.143119 
39.95 0.210885 
39.96 0.277821 
39.97 0.34358 
39.98 0.408057 
39.99 0.471317 
