0 0.00071964 
0.01 0.000962891 
0.02 0.00137779 
0.03 0.00176269 
0.04 0.00192163 
0.05 0.0018009 
0.06 0.00141119 
0.07 0.000759939 
0.08 -0.000141874 
0.09 -0.00128296 
0.1 -0.00265376 
0.11 -0.00424728 
0.12 -0.00605826 
0.13 -0.00808106 
0.14 -0.0103076 
0.15 -0.0127272 
0.16 -0.0153277 
0.17 -0.0180962 
0.18 -0.0210199 
0.19 -0.0240855 
0.2 -0.0272786 
0.21 -0.0305843 
0.22 -0.0339866 
0.23 -0.0374691 
0.24 -0.0410155 
0.25 -0.0446098 
0.26 -0.0482366 
0.27 -0.0518807 
0.28 -0.0555272 
0.29 -0.0591615 
0.3 -0.0627689 
0.31 -0.0663342 
0.32 -0.0698415 
0.33 -0.0732746 
0.34 -0.0766179 
0.35 -0.0798564 
0.36 -0.082976 
0.37 -0.0859623 
0.38 -0.0888008 
0.39 -0.0914762 
0.4 -0.0939729 
0.41 -0.0962773 
0.42 -0.09838 
0.43 -0.100277 
0.44 -0.101967 
0.45 -0.103454 
0.46 -0.104737 
0.47 -0.105817 
0.48 -0.106688 
0.49 -0.107337 
0.5 -0.107742 
0.51 -0.107876 
0.52 -0.107716 
0.53 -0.107242 
0.54 -0.106443 
0.55 -0.105329 
0.56 -0.103929 
0.57 -0.102287 
0.58 -0.100435 
0.59 -0.0983831 
0.6 -0.096123 
0.61 -0.0936495 
0.62 -0.0909755 
0.63 -0.0881322 
0.64 -0.0851603 
0.65 -0.0820996 
0.66 -0.0789841 
0.67 -0.0758396 
0.68 -0.0726771 
0.69 -0.0694896 
0.7 -0.0662609 
0.71 -0.0629836 
0.72 -0.0596698 
0.73 -0.0563457 
0.74 -0.0530386 
0.75 -0.0497683 
0.76 -0.0465443 
0.77 -0.0433648 
0.78 -0.0402151 
0.79 -0.0370709 
0.8 -0.0339034 
0.81 -0.0306821 
0.82 -0.0273742 
0.83 -0.0239451 
0.84 -0.020367 
0.85 -0.0166285 
0.86 -0.0127327 
0.87 -0.00868252 
0.88 -0.00446228 
0.89 -3.27596e-05 
0.9 0.00465923 
0.91 0.00965968 
0.92 0.0149825 
0.93 0.0205961 
0.94 0.0264333 
0.95 0.0324176 
0.96 0.0384816 
0.97 0.0445684 
0.98 0.0506226 
0.99 0.0565871 
1 0.0624186 
1.01 0.0681085 
1.02 0.0736883 
1.03 0.0792178 
1.04 0.0847708 
1.05 0.0904223 
1.06 0.0962378 
1.07 0.102272 
1.08 0.108575 
1.09 0.115199 
1.1 0.12218 
1.11 0.129516 
1.12 0.13716 
1.13 0.145037 
1.14 0.153052 
1.15 0.161092 
1.16 0.169025 
1.17 0.176733 
1.18 0.184126 
1.19 0.19109 
1.2 0.197392 
1.21 0.20263 
1.22 0.206286 
1.23 0.207867 
1.24 0.207059 
1.25 0.203829 
1.26 0.198376 
1.27 0.190978 
1.28 0.181863 
1.29 0.171194 
1.3 0.159119 
1.31 0.145839 
1.32 0.131607 
1.33 0.116704 
1.34 0.101404 
1.35 0.0859602 
1.36 0.0706213 
1.37 0.0556391 
1.38 0.041279 
1.39 0.0278274 
1.4 0.0155998 
1.41 0.00493964 
1.42 -0.00379649 
1.43 -0.0102562 
1.44 -0.0140994 
1.45 -0.0149965 
1.46 -0.0126441 
1.47 -0.00684218 
1.48 0.00239207 
1.49 0.0147911 
1.5 0.0299337 
1.51 0.0473851 
1.52 0.0667947 
1.53 0.0879492 
1.54 0.110779 
1.55 0.13529 
1.56 0.161459 
1.57 0.189166 
1.58 0.21821 
1.59 0.248386 
1.6 0.279573 
1.61 0.311779 
1.62 0.345114 
1.63 0.37971 
1.64 0.415584 
1.65 0.452332 
1.66 0.488735 
1.67 0.522675 
1.68 0.551578 
1.69 0.573169 
1.7 0.586145 
1.71 0.590335 
1.72 0.586241 
1.73 0.574369 
1.74 0.554903 
1.75 0.527798 
1.76 0.49305 
1.77 0.450863 
1.78 0.401594 
1.79 0.345595 
1.8 0.283119 
1.81 0.214346 
1.82 0.139459 
1.83 0.058696 
1.84 -0.0276313 
1.85 -0.119095 
1.86 -0.215087 
1.87 -0.314819 
1.88 -0.417398 
1.89 -0.521931 
1.9 -0.627572 
1.91 -0.733504 
1.92 -0.838897 
1.93 -0.942866 
1.94 -1.04446 
1.95 -1.14267 
1.96 -1.23647 
1.97 -1.32487 
1.98 -1.40693 
1.99 -1.48175 
2 -1.54847 
2.01 -1.60622 
2.02 -1.65414 
2.03 -1.69141 
2.04 -1.71724 
2.05 -1.73083 
2.06 -1.73145 
2.07 -1.71839 
2.08 -1.69098 
2.09 -1.64861 
2.1 -1.59075 
2.11 -1.51702 
2.12 -1.42723 
2.13 -1.3213 
2.14 -1.19916 
2.15 -1.06087 
2.16 -0.906728 
2.17 -0.73751 
2.18 -0.55451 
2.19 -0.359535 
2.2 -0.155158 
2.21 0.0545743 
2.22 0.263726 
2.23 0.46575 
2.24 0.656136 
2.25 0.833837 
2.26 1.00016 
2.27 1.1566 
2.28 1.30358 
2.29 1.44062 
2.3 1.56718 
2.31 1.68334 
2.32 1.78986 
2.33 1.88778 
2.34 1.97806 
2.35 2.06134 
2.36 2.13809 
2.37 2.2087 
2.38 2.27363 
2.39 2.3335 
2.4 2.389 
2.41 2.44083 
2.42 2.48961 
2.43 2.53595 
2.44 2.58045 
2.45 2.62317 
2.46 2.66217 
2.47 2.69267 
2.48 2.70866 
2.49 2.70628 
2.5 2.68558 
2.51 2.64918 
2.52 2.59986 
2.53 2.53911 
2.54 2.46728 
2.55 2.38456 
2.56 2.29173 
2.57 2.19035 
2.58 2.08214 
2.59 1.96806 
2.6 1.84732 
2.61 1.71751 
2.62 1.57592 
2.63 1.4212 
2.64 1.2539 
2.65 1.07577 
2.66 0.888526 
2.67 0.693237 
2.68 0.49044 
2.69 0.280694 
2.7 0.0649124 
2.71 -0.155638 
2.72 -0.379497 
2.73 -0.605183 
2.74 -0.831321 
2.75 -1.05665 
2.76 -1.27996 
2.77 -1.49998 
2.78 -1.71543 
2.79 -1.92518 
2.8 -2.12829 
2.81 -2.32391 
2.82 -2.51129 
2.83 -2.69005 
2.84 -2.86038 
2.85 -3.02286 
2.86 -3.17817 
2.87 -3.32695 
2.88 -3.46979 
2.89 -3.60711 
2.9 -3.73899 
2.91 -3.86513 
2.92 -3.98508 
2.93 -4.0984 
2.94 -4.20472 
2.95 -4.30373 
2.96 -4.39511 
2.97 -4.4784 
2.98 -4.55309 
2.99 -4.6186 
3 -4.67439 
3.01 -4.71992 
3.02 -4.75467 
3.03 -4.77816 
3.04 -4.79013 
3.05 -4.79088 
3.06 -4.78155 
3.07 -4.76369 
3.08 -4.73842 
3.09 -4.70582 
3.1 -4.66515 
3.11 -4.61556 
3.12 -4.55654 
3.13 -4.48798 
3.14 -4.40985 
3.15 -4.32204 
3.16 -4.22424 
3.17 -4.11605 
3.18 -3.99709 
3.19 -3.86705 
3.2 -3.72573 
3.21 -3.57297 
3.22 -3.40894 
3.23 -3.23465 
3.24 -3.05226 
3.25 -2.86418 
3.26 -2.6717 
3.27 -2.47461 
3.28 -2.27197 
3.29 -2.06311 
3.3 -1.84792 
3.31 -1.62669 
3.32 -1.3997 
3.33 -1.16699 
3.34 -0.928377 
3.35 -0.683576 
3.36 -0.432791 
3.37 -0.17805 
3.38 0.0759709 
3.39 0.323619 
3.4 0.561448 
3.41 0.789559 
3.42 1.01011 
3.43 1.22509 
3.44 1.43527 
3.45 1.64036 
3.46 1.83991 
3.47 2.03399 
3.48 2.22306 
3.49 2.40648 
3.5 2.58149 
3.51 2.74419 
3.52 2.89201 
3.53 3.02474 
3.54 3.14368 
3.55 3.25016 
3.56 3.34481 
3.57 3.4276 
3.58 3.49832 
3.59 3.55703 
3.6 3.60428 
3.61 3.64091 
3.62 3.66767 
3.63 3.68505 
3.64 3.69309 
3.65 3.69129 
3.66 3.6788 
3.67 3.65502 
3.68 3.62013 
3.69 3.5749 
3.7 3.52019 
3.71 3.45649 
3.72 3.38403 
3.73 3.30312 
3.74 3.21428 
3.75 3.11816 
3.76 3.01547 
3.77 2.90695 
3.78 2.79344 
3.79 2.67561 
3.8 2.55382 
3.81 2.42802 
3.82 2.2979 
3.83 2.16307 
3.84 2.02309 
3.85 1.87769 
3.86 1.72705 
3.87 1.57182 
3.88 1.41295 
3.89 1.25137 
3.9 1.088 
3.91 0.923731 
3.92 0.759452 
3.93 0.596053 
3.94 0.434544 
3.95 0.276105 
3.96 0.121925 
3.97 -0.0269666 
3.98 -0.169653 
3.99 -0.305229 
4 -0.433143 
4.01 -0.553917 
4.02 -0.669326 
4.03 -0.781547 
4.04 -0.891901 
4.05 -1.0003 
4.06 -1.10568 
4.07 -1.20681 
4.08 -1.30296 
4.09 -1.39423 
4.1 -1.48148 
4.11 -1.56567 
4.12 -1.6471 
4.13 -1.72524 
4.14 -1.79917 
4.15 -1.86808 
4.16 -1.93138 
4.17 -1.98865 
4.18 -2.03955 
4.19 -2.08374 
4.2 -2.12073 
4.21 -2.14985 
4.22 -2.17044 
4.23 -2.182 
4.24 -2.1841 
4.25 -2.17625 
4.26 -2.15793 
4.27 -2.12869 
4.28 -2.08819 
4.29 -2.03599 
4.3 -1.97172 
4.31 -1.89524 
4.32 -1.80678 
4.33 -1.70664 
4.34 -1.59508 
4.35 -1.47237 
4.36 -1.33908 
4.37 -1.19616 
4.38 -1.04527 
4.39 -0.889562 
4.4 -0.733368 
4.41 -0.580182 
4.42 -0.43088 
4.43 -0.284096 
4.44 -0.13806 
4.45 0.00796686 
4.46 0.153297 
4.47 0.296108 
4.48 0.434034 
4.49 0.564814 
4.5 0.686684 
4.51 0.798345 
4.52 0.898802 
4.53 0.987449 
4.54 1.06432 
4.55 1.1301 
4.56 1.18565 
4.57 1.23167 
4.58 1.26866 
4.59 1.29717 
4.6 1.31801 
4.61 1.33215 
4.62 1.34064 
4.63 1.34458 
4.64 1.3452 
4.65 1.3437 
4.66 1.34119 
4.67 1.33869 
4.68 1.33738 
4.69 1.33841 
4.7 1.34226 
4.71 1.34783 
4.72 1.35237 
4.73 1.35282 
4.74 1.34756 
4.75 1.33706 
4.76 1.3231 
4.77 1.30747 
4.78 1.29114 
4.79 1.27442 
4.8 1.25751 
4.81 1.24108 
4.82 1.22624 
4.83 1.21419 
4.84 1.20598 
4.85 1.20259 
4.86 1.20493 
4.87 1.21336 
4.88 1.22644 
4.89 1.24009 
4.9 1.24872 
4.91 1.24795 
4.92 1.23655 
4.93 1.21603 
4.94 1.1886 
4.95 1.15559 
4.96 1.11706 
4.97 1.07263 
4.98 1.02222 
4.99 0.965925 
5 0.903045 
5.01 0.831837 
5.02 0.750535 
5.03 0.658608 
5.04 0.556898 
5.05 0.446781 
5.06 0.329409 
5.07 0.205542 
5.08 0.0757048 
5.09 -0.0595927 
5.1 -0.199633 
5.11 -0.343393 
5.12 -0.489689 
5.13 -0.637452 
5.14 -0.785824 
5.15 -0.934147 
5.16 -1.08214 
5.17 -1.23019 
5.18 -1.37918 
5.19 -1.52987 
5.2 -1.68229 
5.21 -1.83579 
5.22 -1.98953 
5.23 -2.1429 
5.24 -2.2954 
5.25 -2.44646 
5.26 -2.59533 
5.27 -2.74113 
5.28 -2.88282 
5.29 -3.01932 
5.3 -3.14967 
5.31 -3.27352 
5.32 -3.39179 
5.33 -3.5066 
5.34 -3.61991 
5.35 -3.73211 
5.36 -3.84198 
5.37 -3.94772 
5.38 -4.04802 
5.39 -4.1423 
5.4 -4.2304 
5.41 -4.31195 
5.42 -4.38613 
5.43 -4.45195 
5.44 -4.50846 
5.45 -4.55484 
5.46 -4.59029 
5.47 -4.61414 
5.48 -4.62612 
5.49 -4.62648 
5.5 -4.61589 
5.51 -4.59518 
5.52 -4.5652 
5.53 -4.52669 
5.54 -4.47995 
5.55 -4.42482 
5.56 -4.36083 
5.57 -4.28755 
5.58 -4.20467 
5.59 -4.11192 
5.6 -4.00907 
5.61 -3.89591 
5.62 -3.77221 
5.63 -3.63763 
5.64 -3.49182 
5.65 -3.33459 
5.66 -3.16582 
5.67 -2.98541 
5.68 -2.7934 
5.69 -2.59038 
5.7 -2.37784 
5.71 -2.15782 
5.72 -1.93236 
5.73 -1.70327 
5.74 -1.47188 
5.75 -1.23895 
5.76 -1.00468 
5.77 -0.769083 
5.78 -0.532365 
5.79 -0.294936 
5.8 -0.0572342 
5.81 0.180247 
5.82 0.416753 
5.83 0.651266 
5.84 0.882751 
5.85 1.11036 
5.86 1.33348 
5.87 1.55175 
5.88 1.76498 
5.89 1.97292 
5.9 2.17504 
5.91 2.37057 
5.92 2.55888 
5.93 2.73962 
5.94 2.91263 
5.95 3.07782 
5.96 3.23513 
5.97 3.38463 
5.98 3.52645 
5.99 3.66077 
6 3.78789 
6.01 3.90817 
6.02 4.02189 
6.03 4.12889 
6.04 4.22856 
6.05 4.32004 
6.06 4.40252 
6.07 4.47522 
6.08 4.53757 
6.09 4.58942 
6.1 4.63121 
6.11 4.66371 
6.12 4.6876 
6.13 4.70334 
6.14 4.71104 
6.15 4.7104 
6.16 4.70073 
6.17 4.68144 
6.18 4.65248 
6.19 4.61433 
6.2 4.56764 
6.21 4.51297 
6.22 4.4507 
6.23 4.38119 
6.24 4.30483 
6.25 4.22202 
6.26 4.13315 
6.27 4.03838 
6.28 3.93744 
6.29 3.82984 
6.3 3.71515 
6.31 3.59332 
6.32 3.46469 
6.33 3.32979 
6.34 3.18919 
6.35 3.04347 
6.36 2.8932 
6.37 2.73875 
6.38 2.58032 
6.39 2.418 
6.4 2.25195 
6.41 2.08249 
6.42 1.91007 
6.43 1.73521 
6.44 1.5585 
6.45 1.38053 
6.46 1.20176 
6.47 1.02262 
6.48 0.843542 
6.49 0.664924 
6.5 0.486916 
6.51 0.309373 
6.52 0.132055 
6.53 -0.0451739 
6.54 -0.222254 
6.55 -0.398893 
6.56 -0.574567 
6.57 -0.748659 
6.58 -0.920661 
6.59 -1.09031 
6.6 -1.25745 
6.61 -1.42184 
6.62 -1.583 
6.63 -1.74046 
6.64 -1.89378 
6.65 -2.04241 
6.66 -2.1857 
6.67 -2.32329 
6.68 -2.45533 
6.69 -2.58215 
6.7 -2.70383 
6.71 -2.82 
6.72 -2.93018 
6.73 -3.03404 
6.74 -3.13147 
6.75 -3.22244 
6.76 -3.30694 
6.77 -3.385 
6.78 -3.4565 
6.79 -3.5211 
6.8 -3.57844 
6.81 -3.62829 
6.82 -3.67047 
6.83 -3.70469 
6.84 -3.73062 
6.85 -3.74794 
6.86 -3.75635 
6.87 -3.75542 
6.88 -3.74453 
6.89 -3.72309 
6.9 -3.691 
6.91 -3.64882 
6.92 -3.59774 
6.93 -3.53926 
6.94 -3.47467 
6.95 -3.40461 
6.96 -3.32892 
6.97 -3.24706 
6.98 -3.15868 
6.99 -3.06378 
7 -2.96249 
7.01 -2.85503 
7.02 -2.74184 
7.03 -2.62369 
7.04 -2.50146 
7.05 -2.37597 
7.06 -2.24793 
7.07 -2.11795 
7.08 -1.98633 
7.09 -1.85297 
7.1 -1.71761 
7.11 -1.58013 
7.12 -1.44057 
7.13 -1.29895 
7.14 -1.15528 
7.15 -1.00957 
7.16 -0.861922 
7.17 -0.712408 
7.18 -0.561161 
7.19 -0.408639 
7.2 -0.255748 
7.21 -0.103591 
7.22 0.0468881 
7.23 0.195044 
7.24 0.340531 
7.25 0.48329 
7.26 0.623424 
7.27 0.760911 
7.28 0.895376 
7.29 1.02623 
7.3 1.15307 
7.31 1.27587 
7.32 1.39474 
7.33 1.50975 
7.34 1.62087 
7.35 1.72813 
7.36 1.83159 
7.37 1.93122 
7.38 2.02691 
7.39 2.11864 
7.4 2.20636 
7.41 2.2897 
7.42 2.36807 
7.43 2.44092 
7.44 2.50802 
7.45 2.56941 
7.46 2.62533 
7.47 2.67616 
7.48 2.72245 
7.49 2.76461 
7.5 2.80256 
7.51 2.83581 
7.52 2.86368 
7.53 2.88566 
7.54 2.90133 
7.55 2.91043 
7.56 2.91291 
7.57 2.90885 
7.58 2.89833 
7.59 2.88132 
7.6 2.85789 
7.61 2.82828 
7.62 2.79277 
7.63 2.75159 
7.64 2.70498 
7.65 2.6534 
7.66 2.59736 
7.67 2.5373 
7.68 2.47349 
7.69 2.40626 
7.7 2.33594 
7.71 2.26265 
7.72 2.18625 
7.73 2.10664 
7.74 2.02401 
7.75 1.93878 
7.76 1.85145 
7.77 1.76266 
7.78 1.67302 
7.79 1.58281 
7.8 1.49164 
7.81 1.39891 
7.82 1.30441 
7.83 1.20833 
7.84 1.11076 
7.85 1.01132 
7.86 0.909542 
7.87 0.805245 
7.88 0.69853 
7.89 0.589534 
7.9 0.478376 
7.91 0.365265 
7.92 0.250445 
7.93 0.13406 
7.94 0.0162111 
7.95 -0.102842 
7.96 -0.222698 
7.97 -0.343034 
7.98 -0.463617 
7.99 -0.583975 
8 -0.703145 
8.01 -0.819957 
8.02 -0.933614 
8.03 -1.04402 
8.04 -1.15162 
8.05 -1.25713 
8.06 -1.36123 
8.07 -1.46428 
8.08 -1.56599 
8.09 -1.66561 
8.1 -1.76249 
8.11 -1.85636 
8.12 -1.94714 
8.13 -2.03471 
8.14 -2.11887 
8.15 -2.19949 
8.16 -2.27635 
8.17 -2.34912 
8.18 -2.41748 
8.19 -2.48131 
8.2 -2.54058 
8.21 -2.59517 
8.22 -2.6449 
8.23 -2.68976 
8.24 -2.72985 
8.25 -2.76523 
8.26 -2.79569 
8.27 -2.82099 
8.28 -2.84092 
8.29 -2.85526 
8.3 -2.86364 
8.31 -2.86567 
8.32 -2.86106 
8.33 -2.84959 
8.34 -2.83091 
8.35 -2.80471 
8.36 -2.77092 
8.37 -2.72971 
8.38 -2.68123 
8.39 -2.62548 
8.4 -2.56252 
8.41 -2.49255 
8.42 -2.41584 
8.43 -2.33254 
8.44 -2.24283 
8.45 -2.14707 
8.46 -2.04568 
8.47 -1.93903 
8.48 -1.82745 
8.49 -1.71138 
8.5 -1.59126 
8.51 -1.46731 
8.52 -1.33955 
8.53 -1.20808 
8.54 -1.07338 
8.55 -0.936596 
8.56 -0.799827 
8.57 -0.665636 
8.58 -0.536078 
8.59 -0.412062 
8.6 -0.293507 
8.61 -0.180041 
8.62 -0.0716074 
8.63 0.0315076 
8.64 0.129043 
8.65 0.220973 
8.66 0.307399 
8.67 0.388469 
8.68 0.464456 
8.69 0.535753 
8.7 0.602669 
8.71 0.665326 
8.72 0.723844 
8.73 0.778535 
8.74 0.829786 
8.75 0.877856 
8.76 0.922886 
8.77 0.965005 
8.78 1.00423 
8.79 1.04031 
8.8 1.07278 
8.81 1.10139 
8.82 1.12625 
8.83 1.14771 
8.84 1.16613 
8.85 1.18183 
8.86 1.19509 
8.87 1.2059 
8.88 1.21392 
8.89 1.21888 
8.9 1.22106 
8.91 1.22124 
8.92 1.22027 
8.93 1.21876 
8.94 1.21728 
8.95 1.21647 
8.96 1.21696 
8.97 1.21937 
8.98 1.22438 
8.99 1.23249 
9 1.24283 
9.01 1.25228 
9.02 1.25666 
9.03 1.25323 
9.04 1.24202 
9.05 1.22484 
9.06 1.20349 
9.07 1.17888 
9.08 1.15081 
9.09 1.1181 
9.1 1.07923 
9.11 1.03333 
9.12 0.980758 
9.13 0.922571 
9.14 0.859681 
9.15 0.792463 
9.16 0.72087 
9.17 0.644754 
9.18 0.564232 
9.19 0.480017 
9.2 0.393442 
9.21 0.306072 
9.22 0.219277 
9.23 0.134215 
9.24 0.052161 
9.25 -0.0253396 
9.26 -0.0969131 
9.27 -0.162155 
9.28 -0.222016 
9.29 -0.278232 
9.3 -0.33222 
9.31 -0.384378 
9.32 -0.434229 
9.33 -0.481135 
9.34 -0.52504 
9.35 -0.566735 
9.36 -0.607445 
9.37 -0.648164 
9.38 -0.689402 
9.39 -0.7315 
9.4 -0.774962 
9.41 -0.820362 
9.42 -0.868096 
9.43 -0.918351 
9.44 -0.97114 
9.45 -1.02611 
9.46 -1.08236 
9.47 -1.13865 
9.48 -1.19393 
9.49 -1.24735 
9.5 -1.29809 
9.51 -1.34514 
9.52 -1.38738 
9.53 -1.4237 
9.54 -1.45282 
9.55 -1.47333 
9.56 -1.48453 
9.57 -1.48759 
9.58 -1.48543 
9.59 -1.48083 
9.6 -1.47481 
9.61 -1.4667 
9.62 -1.45535 
9.63 -1.43999 
9.64 -1.42048 
9.65 -1.39712 
9.66 -1.37024 
9.67 -1.33967 
9.68 -1.30462 
9.69 -1.26408 
9.7 -1.21762 
9.71 -1.16599 
9.72 -1.111 
9.73 -1.05482 
9.74 -0.999017 
9.75 -0.943893 
9.76 -0.888514 
9.77 -0.831643 
9.78 -0.772715 
9.79 -0.712023 
9.8 -0.650119 
9.81 -0.587225 
9.82 -0.523189 
9.83 -0.457697 
9.84 -0.390324 
9.85 -0.320541 
9.86 -0.247932 
9.87 -0.172413 
9.88 -0.0941016 
9.89 -0.0130243 
9.9 0.0708297 
9.91 0.157157 
9.92 0.245239 
9.93 0.334227 
9.94 0.423357 
9.95 0.511859 
9.96 0.598948 
9.97 0.684106 
9.98 0.767143 
9.99 0.847765 
10 0.925162 
10.01 0.998266 
10.02 1.06647 
10.03 1.12998 
10.04 1.1895 
10.05 1.24579 
10.06 1.29947 
10.07 1.35113 
10.08 1.40112 
10.09 1.44921 
10.1 1.49457 
10.11 1.53623 
10.12 1.57354 
10.13 1.6063 
10.14 1.63465 
10.15 1.65886 
10.16 1.67897 
10.17 1.69456 
10.18 1.70493 
10.19 1.70951 
10.2 1.70816 
10.21 1.70093 
10.22 1.68796 
10.23 1.6695 
10.24 1.64595 
10.25 1.61771 
10.26 1.58503 
10.27 1.54825 
10.28 1.50805 
10.29 1.46532 
10.3 1.42088 
10.31 1.37538 
10.32 1.32953 
10.33 1.28414 
10.34 1.23982 
10.35 1.19658 
10.36 1.15381 
10.37 1.11056 
10.38 1.06574 
10.39 1.01818 
10.4 0.966873 
10.41 0.911444 
10.42 0.852231 
10.43 0.789881 
10.44 0.724773 
10.45 0.656673 
10.46 0.584727 
10.47 0.507832 
10.48 0.425344 
10.49 0.337684 
10.5 0.246196 
10.51 0.152381 
10.52 0.0572901 
10.53 -0.0383883 
10.54 -0.133962 
10.55 -0.228666 
10.56 -0.321823 
10.57 -0.412844 
10.58 -0.501089 
10.59 -0.586004 
10.6 -0.667498 
10.61 -0.746007 
10.62 -0.822085 
10.63 -0.896025 
10.64 -0.967903 
10.65 -1.03778 
10.66 -1.10575 
10.67 -1.1718 
10.68 -1.23592 
10.69 -1.29809 
10.7 -1.35827 
10.71 -1.4163 
10.72 -1.47205 
10.73 -1.52574 
10.74 -1.57783 
10.75 -1.6287 
10.76 -1.6785 
10.77 -1.7273 
10.78 -1.77517 
10.79 -1.8219 
10.8 -1.86684 
10.81 -1.90921 
10.82 -1.9484 
10.83 -1.98396 
10.84 -2.01535 
10.85 -2.042 
10.86 -2.06359 
10.87 -2.08024 
10.88 -2.09217 
10.89 -2.09946 
10.9 -2.1021 
10.91 -2.10019 
10.92 -2.09392 
10.93 -2.08363 
10.94 -2.06972 
10.95 -2.05242 
10.96 -2.03151 
10.97 -2.00632 
10.98 -1.97606 
10.99 -1.94028 
11 -1.89879 
11.01 -1.85132 
11.02 -1.79746 
11.03 -1.73691 
11.04 -1.66979 
11.05 -1.59666 
11.06 -1.51839 
11.07 -1.43598 
11.08 -1.35057 
11.09 -1.26318 
11.1 -1.17456 
11.11 -1.08509 
11.12 -0.99492 
11.13 -0.904029 
11.14 -0.81223 
11.15 -0.719285 
11.16 -0.625121 
11.17 -0.529826 
11.18 -0.433395 
11.19 -0.335582 
11.2 -0.236129 
11.21 -0.135095 
11.22 -0.0329908 
11.23 0.0693051 
11.24 0.170671 
11.25 0.269923 
11.26 0.366106 
11.27 0.458678 
11.28 0.547349 
11.29 0.631789 
11.3 0.711627 
11.31 0.786691 
11.32 0.857071 
11.33 0.922873 
11.34 0.984042 
11.35 1.04053 
11.36 1.09247 
11.37 1.14009 
11.38 1.18343 
11.39 1.22244 
11.4 1.25708 
11.41 1.28718 
11.42 1.31226 
11.43 1.33163 
11.44 1.3448 
11.45 1.35158 
11.46 1.35168 
11.47 1.34457 
11.48 1.32973 
11.49 1.30721 
11.5 1.2775 
11.51 1.24114 
11.52 1.19856 
11.53 1.15022 
11.54 1.09656 
11.55 1.03791 
11.56 0.974484 
11.57 0.906637 
11.58 0.834924 
11.59 0.759867 
11.6 0.681853 
11.61 0.601335 
11.62 0.518999 
11.63 0.435594 
11.64 0.351713 
11.65 0.267873 
11.66 0.18472 
11.67 0.102977 
11.68 0.0232209 
11.69 -0.0541282 
11.7 -0.128584 
11.71 -0.199539 
11.72 -0.266453 
11.73 -0.328951 
11.74 -0.386672 
11.75 -0.439183 
11.76 -0.486134 
11.77 -0.527389 
11.78 -0.56286 
11.79 -0.592302 
11.8 -0.615393 
11.81 -0.631938 
11.82 -0.641799 
11.83 -0.644629 
11.84 -0.639849 
11.85 -0.626916 
11.86 -0.605462 
11.87 -0.575141 
11.88 -0.535697 
11.89 -0.48752 
11.9 -0.432104 
11.91 -0.371698 
11.92 -0.308451 
11.93 -0.243971 
11.94 -0.179494 
11.95 -0.116114 
11.96 -0.0546829 
11.97 0.00432763 
11.98 0.0607192 
11.99 0.114352 
12 0.165017 
12.01 0.212299 
12.02 0.255442 
12.03 0.29346 
12.04 0.325547 
12.05 0.351442 
12.06 0.371354 
12.07 0.385619 
12.08 0.394515 
12.09 0.39833 
12.1 0.397365 
12.11 0.391829 
12.12 0.38184 
12.13 0.367543 
12.14 0.349077 
12.15 0.326396 
12.16 0.299281 
12.17 0.267611 
12.18 0.231536 
12.19 0.191303 
12.2 0.147015 
12.21 0.0986818 
12.22 0.0464227 
12.23 -0.0095454 
12.24 -0.069099 
12.25 -0.132205 
12.26 -0.19867 
12.27 -0.267951 
12.28 -0.33919 
12.29 -0.411293 
12.3 -0.482975 
12.31 -0.552995 
12.32 -0.620601 
12.33 -0.685681 
12.34 -0.748302 
12.35 -0.808125 
12.36 -0.864423 
12.37 -0.916634 
12.38 -0.964781 
12.39 -1.00927 
12.4 -1.05038 
12.41 -1.08803 
12.42 -1.12178 
12.43 -1.15099 
12.44 -1.17499 
12.45 -1.19352 
12.46 -1.20684 
12.47 -1.21549 
12.48 -1.21988 
12.49 -1.22021 
12.5 -1.21673 
12.51 -1.20968 
12.52 -1.19902 
12.53 -1.18432 
12.54 -1.16515 
12.55 -1.14136 
12.56 -1.11312 
12.57 -1.08078 
12.58 -1.04471 
12.59 -1.00512 
12.6 -0.962 
12.61 -0.915202 
12.62 -0.864835 
12.63 -0.811486 
12.64 -0.755917 
12.65 -0.698596 
12.66 -0.639665 
12.67 -0.579323 
12.68 -0.518008 
12.69 -0.456134 
12.7 -0.393826 
12.71 -0.331044 
12.72 -0.267806 
12.73 -0.204148 
12.74 -0.140013 
12.75 -0.0753972 
12.76 -0.0105946 
12.77 0.0538399 
12.78 0.117353 
12.79 0.179471 
12.8 0.239698 
12.81 0.297614 
12.82 0.353183 
12.83 0.406784 
12.84 0.458856 
12.85 0.509655 
12.86 0.559414 
12.87 0.608531 
12.88 0.657384 
12.89 0.706061 
12.9 0.754427 
12.91 0.802407 
12.92 0.850015 
12.93 0.897164 
12.94 0.943639 
12.95 0.989297 
12.96 1.03408 
12.97 1.07772 
12.98 1.11963 
12.99 1.15925 
13 1.19639 
13.01 1.23121 
13.02 1.26384 
13.03 1.29439 
13.04 1.32305 
13.05 1.35009 
13.06 1.37561 
13.07 1.39961 
13.08 1.42213 
13.09 1.44331 
13.1 1.46323 
13.11 1.48193 
13.12 1.49963 
13.13 1.51668 
13.14 1.53334 
13.15 1.54959 
13.16 1.56527 
13.17 1.58005 
13.18 1.59316 
13.19 1.60343 
13.2 1.60972 
13.21 1.6115 
13.22 1.60871 
13.23 1.60127 
13.24 1.58881 
13.25 1.57096 
13.26 1.54752 
13.27 1.51846 
13.28 1.48382 
13.29 1.44383 
13.3 1.39894 
13.31 1.34962 
13.32 1.29609 
13.33 1.23854 
13.34 1.17758 
13.35 1.11429 
13.36 1.04958 
13.37 0.983443 
13.38 0.915032 
13.39 0.843249 
13.4 0.767428 
13.41 0.687714 
13.42 0.605076 
13.43 0.520878 
13.44 0.436282 
13.45 0.351953 
13.46 0.268201 
13.47 0.185097 
13.48 0.102237 
13.49 0.0185604 
13.5 -0.0673156 
13.51 -0.156363 
13.52 -0.248568 
13.53 -0.342947 
13.54 -0.43808 
13.55 -0.532661 
13.56 -0.625816 
13.57 -0.717161 
13.58 -0.806685 
13.59 -0.894475 
13.6 -0.98052 
13.61 -1.06478 
13.62 -1.14735 
13.63 -1.22843 
13.64 -1.30799 
13.65 -1.38571 
13.66 -1.46126 
13.67 -1.53448 
13.68 -1.60525 
13.69 -1.67333 
13.7 -1.73841 
13.71 -1.8002 
13.72 -1.85839 
13.73 -1.91259 
13.74 -1.96245 
13.75 -2.00777 
13.76 -2.0484 
13.77 -2.08393 
13.78 -2.11379 
13.79 -2.13755 
13.8 -2.15498 
13.81 -2.16564 
13.82 -2.16857 
13.83 -2.1628 
13.84 -2.14817 
13.85 -2.12558 
13.86 -2.09662 
13.87 -2.06296 
13.88 -2.02618 
13.89 -1.9876 
13.9 -1.94807 
13.91 -1.90789 
13.92 -1.86696 
13.93 -1.82508 
13.94 -1.78201 
13.95 -1.73746 
13.96 -1.69124 
13.97 -1.64329 
13.98 -1.59344 
13.99 -1.5413 
14 -1.48643 
14.01 -1.42857 
14.02 -1.3677 
14.03 -1.3037 
14.04 -1.23633 
14.05 -1.1653 
14.06 -1.09043 
14.07 -1.01181 
14.08 -0.930181 
14.09 -0.847018 
14.1 -0.763912 
14.11 -0.681758 
14.12 -0.600584 
14.13 -0.5202 
14.14 -0.440847 
14.15 -0.363114 
14.16 -0.287373 
14.17 -0.213544 
14.18 -0.141315 
14.19 -0.0702892 
14.2 0.000206091 
14.21 0.071175 
14.22 0.143561 
14.23 0.217898 
14.24 0.294462 
14.25 0.373612 
14.26 0.455829 
14.27 0.541502 
14.28 0.63077 
14.29 0.72345 
14.3 0.818975 
14.31 0.916353 
14.32 1.01429 
14.33 1.11147 
14.34 1.20679 
14.35 1.29929 
14.36 1.38811 
14.37 1.4726 
14.38 1.55252 
14.39 1.62801 
14.4 1.69933 
14.41 1.76675 
14.42 1.83063 
14.43 1.89138 
14.44 1.94926 
14.45 2.0043 
14.46 2.05631 
14.47 2.10475 
14.48 2.14875 
14.49 2.18743 
14.5 2.22029 
14.51 2.24721 
14.52 2.26829 
14.53 2.28356 
14.54 2.29315 
14.55 2.29728 
14.56 2.29615 
14.57 2.28964 
14.58 2.27737 
14.59 2.25903 
14.6 2.23452 
14.61 2.20378 
14.62 2.16665 
14.63 2.12294 
14.64 2.07248 
14.65 2.01503 
14.66 1.95019 
14.67 1.87785 
14.68 1.79844 
14.69 1.7129 
14.7 1.62212 
14.71 1.52674 
14.72 1.42727 
14.73 1.3242 
14.74 1.21798 
14.75 1.10898 
14.76 0.997688 
14.77 0.884634 
14.78 0.770251 
14.79 0.654802 
14.8 0.538645 
14.81 0.422464 
14.82 0.307037 
14.83 0.192702 
14.84 0.0790939 
14.85 -0.0346389 
14.86 -0.149457 
14.87 -0.266071 
14.88 -0.384532 
14.89 -0.504018 
14.9 -0.623205 
14.91 -0.740952 
14.92 -0.856623 
14.93 -0.96979 
14.94 -1.07984 
14.95 -1.186 
14.96 -1.28772 
14.97 -1.38484 
14.98 -1.47749 
14.99 -1.56594 
15 -1.65066 
15.01 -1.73207 
15.02 -1.81033 
15.03 -1.88515 
15.04 -1.95591 
15.05 -2.02195 
15.06 -2.08255 
15.07 -2.13696 
15.08 -2.18454 
15.09 -2.22485 
15.1 -2.2575 
15.11 -2.28214 
15.12 -2.29873 
15.13 -2.30781 
15.14 -2.31026 
15.15 -2.30682 
15.16 -2.29806 
15.17 -2.28447 
15.18 -2.26648 
15.19 -2.24433 
15.2 -2.21802 
15.21 -2.18751 
15.22 -2.15291 
15.23 -2.11429 
15.24 -2.0715 
15.25 -2.02429 
15.26 -1.97247 
15.27 -1.91589 
15.28 -1.8544 
15.29 -1.788 
15.3 -1.71725 
15.31 -1.64305 
15.32 -1.56625 
15.33 -1.48743 
15.34 -1.407 
15.35 -1.32537 
15.36 -1.24265 
15.37 -1.1586 
15.38 -1.07286 
15.39 -0.985283 
15.4 -0.895885 
15.41 -0.804582 
15.42 -0.711254 
15.43 -0.61613 
15.44 -0.519877 
15.45 -0.423159 
15.46 -0.326195 
15.47 -0.228825 
15.48 -0.130807 
15.49 -0.0319087 
15.5 0.0681204 
15.51 0.169444 
15.52 0.271996 
15.53 0.375538 
15.54 0.479808 
15.55 0.584489 
15.56 0.689071 
15.57 0.792955 
15.58 0.89577 
15.59 0.997512 
15.6 1.09832 
15.61 1.19827 
15.62 1.29743 
15.63 1.39594 
15.64 1.49367 
15.65 1.58986 
15.66 1.68326 
15.67 1.77264 
15.68 1.85703 
15.69 1.93559 
15.7 2.00753 
15.71 2.0723 
15.72 2.12967 
15.73 2.17967 
15.74 2.22253 
15.75 2.25869 
15.76 2.2887 
15.77 2.31294 
15.78 2.33153 
15.79 2.34455 
15.8 2.35222 
15.81 2.35468 
15.82 2.35154 
15.83 2.34213 
15.84 2.32586 
15.85 2.30243 
15.86 2.2717 
15.87 2.23367 
15.88 2.18875 
15.89 2.1376 
15.9 2.08082 
15.91 2.01875 
15.92 1.9517 
15.93 1.88021 
15.94 1.80487 
15.95 1.72599 
15.96 1.64354 
15.97 1.55745 
15.98 1.46772 
15.99 1.37434 
16 1.27722 
16.01 1.1764 
16.02 1.07202 
16.03 0.964129 
16.04 0.85274 
16.05 0.738221 
16.06 0.621436 
16.07 0.5034 
16.08 0.384877 
16.09 0.266425 
16.1 0.148691 
16.11 0.0324373 
16.12 -0.0816913 
16.13 -0.193236 
16.14 -0.301718 
16.15 -0.406611 
16.16 -0.507651 
16.17 -0.60502 
16.18 -0.699109 
16.19 -0.790303 
16.2 -0.879177 
16.21 -0.966738 
16.22 -1.05411 
16.23 -1.14186 
16.24 -1.2297 
16.25 -1.3168 
16.26 -1.40232 
16.27 -1.48551 
16.28 -1.56576 
16.29 -1.64263 
16.3 -1.71574 
16.31 -1.78452 
16.32 -1.84818 
16.33 -1.90603 
16.34 -1.95796 
16.35 -2.00435 
16.36 -2.0455 
16.37 -2.08135 
16.38 -2.11157 
16.39 -2.13575 
16.4 -2.15356 
16.41 -2.16486 
16.42 -2.16985 
16.43 -2.16899 
16.44 -2.16252 
16.45 -2.15039 
16.46 -2.13246 
16.47 -2.10881 
16.48 -2.07965 
16.49 -2.04515 
16.5 -2.0056 
16.51 -1.96152 
16.52 -1.91357 
16.53 -1.8622 
16.54 -1.80768 
16.55 -1.75033 
16.56 -1.69041 
16.57 -1.62789 
16.58 -1.5624 
16.59 -1.49364 
16.6 -1.42152 
16.61 -1.34606 
16.62 -1.26715 
16.63 -1.18488 
16.64 -1.09986 
16.65 -1.013 
16.66 -0.925015 
16.67 -0.836235 
16.68 -0.746877 
16.69 -0.657263 
16.7 -0.56769 
16.71 -0.478294 
16.72 -0.389163 
16.73 -0.300454 
16.74 -0.212315 
16.75 -0.124798 
16.76 -0.0380045 
16.77 0.0477796 
16.78 0.132243 
16.79 0.215328 
16.8 0.297196 
16.81 0.377912 
16.82 0.457251 
16.83 0.534841 
16.84 0.610305 
16.85 0.683258 
16.86 0.753413 
16.87 0.820852 
16.88 0.886063 
16.89 0.949608 
16.9 1.01185 
16.91 1.07309 
16.92 1.13382 
16.93 1.19461 
16.94 1.25576 
16.95 1.31722 
16.96 1.37874 
16.97 1.44006 
16.98 1.50082 
16.99 1.56047 
17 1.61842 
17.01 1.67412 
17.02 1.72692 
17.03 1.77606 
17.04 1.82088 
17.05 1.86105 
17.06 1.89633 
17.07 1.92646 
17.08 1.95125 
17.09 1.97077 
17.1 1.98536 
17.11 1.99522 
17.12 2.00039 
17.13 2.00096 
17.14 1.99723 
17.15 1.98948 
17.16 1.97777 
17.17 1.96196 
17.18 1.94187 
17.19 1.91722 
17.2 1.88758 
17.21 1.85253 
17.22 1.81182 
17.23 1.76536 
17.24 1.7129 
17.25 1.65408 
17.26 1.58866 
17.27 1.5168 
17.28 1.43891 
17.29 1.35542 
17.3 1.26684 
17.31 1.17377 
17.32 1.07681 
17.33 0.976389 
17.34 0.872924 
17.35 0.767018 
17.36 0.659323 
17.37 0.550159 
17.38 0.439447 
17.39 0.327035 
17.4 0.21292 
17.41 0.0971353 
17.42 -0.0203194 
17.43 -0.139261 
17.44 -0.259188 
17.45 -0.379522 
17.46 -0.499885 
17.47 -0.620031 
17.48 -0.739661 
17.49 -0.858512 
17.5 -0.976558 
17.51 -1.09391 
17.52 -1.21052 
17.53 -1.32605 
17.54 -1.44012 
17.55 -1.55245 
17.56 -1.66276 
17.57 -1.7706 
17.58 -1.87556 
17.59 -1.97741 
17.6 -2.07596 
17.61 -2.17084 
17.62 -2.26162 
17.63 -2.34802 
17.64 -2.42987 
17.65 -2.50682 
17.66 -2.57832 
17.67 -2.64362 
17.68 -2.70182 
17.69 -2.75185 
17.7 -2.79273 
17.71 -2.82395 
17.72 -2.84552 
17.73 -2.85761 
17.74 -2.86029 
17.75 -2.85359 
17.76 -2.83768 
17.77 -2.81294 
17.78 -2.77989 
17.79 -2.73921 
17.8 -2.69178 
17.81 -2.63839 
17.82 -2.57947 
17.83 -2.5151 
17.84 -2.44541 
17.85 -2.37066 
17.86 -2.2911 
17.87 -2.20671 
17.88 -2.11743 
17.89 -2.02338 
17.9 -1.92484 
17.91 -1.82196 
17.92 -1.71484 
17.93 -1.60365 
17.94 -1.48866 
17.95 -1.37005 
17.96 -1.24787 
17.97 -1.12243 
17.98 -0.994422 
17.99 -0.8646 
18 -0.733518 
18.01 -0.601605 
18.02 -0.46929 
18.03 -0.336848 
18.04 -0.204269 
18.05 -0.0714851 
18.06 0.0613139 
18.07 0.19372 
18.08 0.325369 
18.09 0.455965 
18.1 0.585033 
18.11 0.711862 
18.12 0.835769 
18.13 0.956347 
18.14 1.07341 
18.15 1.18685 
18.16 1.29674 
18.17 1.40333 
18.18 1.5069 
18.19 1.60737 
18.2 1.70433 
18.21 1.79718 
18.22 1.88538 
18.23 1.96832 
18.24 2.04539 
18.25 2.11615 
18.26 2.18061 
18.27 2.23904 
18.28 2.29165 
18.29 2.33857 
18.3 2.37995 
18.31 2.41584 
18.32 2.44612 
18.33 2.4706 
18.34 2.48932 
18.35 2.50246 
18.36 2.51013 
18.37 2.51223 
18.38 2.50875 
18.39 2.49981 
18.4 2.48557 
18.41 2.46605 
18.42 2.44128 
18.43 2.41149 
18.44 2.37697 
18.45 2.33783 
18.46 2.29414 
18.47 2.24607 
18.48 2.19395 
18.49 2.138 
18.5 2.07832 
18.51 2.01509 
18.52 1.94867 
18.53 1.87936 
18.54 1.80734 
18.55 1.7328 
18.56 1.65614 
18.57 1.57771 
18.58 1.49757 
18.59 1.41548 
18.6 1.33133 
18.61 1.24509 
18.62 1.15669 
18.63 1.06598 
18.64 0.972872 
18.65 0.877449 
18.66 0.779891 
18.67 0.680464 
18.68 0.579653 
18.69 0.478121 
18.7 0.376315 
18.71 0.274126 
18.72 0.171044 
18.73 0.0665859 
18.74 -0.039541 
18.75 -0.147508 
18.76 -0.257297 
18.77 -0.368539 
18.78 -0.480638 
18.79 -0.593061 
18.8 -0.70536 
18.81 -0.81689 
18.82 -0.926685 
18.83 -1.03369 
18.84 -1.13707 
18.85 -1.23627 
18.86 -1.33102 
18.87 -1.42143 
18.88 -1.50797 
18.89 -1.59109 
18.9 -1.67089 
18.91 -1.74703 
18.92 -1.81924 
18.93 -1.8875 
18.94 -1.95199 
18.95 -2.0129 
18.96 -2.07051 
18.97 -2.12513 
18.98 -2.17693 
18.99 -2.22558 
19 -2.27031 
19.01 -2.31033 
19.02 -2.34505 
19.03 -2.37405 
19.04 -2.39711 
19.05 -2.4142 
19.06 -2.42544 
19.07 -2.4308 
19.08 -2.43001 
19.09 -2.42279 
19.1 -2.40906 
19.11 -2.3888 
19.12 -2.36186 
19.13 -2.32807 
19.14 -2.28747 
19.15 -2.24038 
19.16 -2.18728 
19.17 -2.12882 
19.18 -2.0658 
19.19 -1.99908 
19.2 -1.92924 
19.21 -1.85643 
19.22 -1.78061 
19.23 -1.7019 
19.24 -1.62046 
19.25 -1.53648 
19.26 -1.45015 
19.27 -1.36186 
19.28 -1.27202 
19.29 -1.1808 
19.3 -1.08809 
19.31 -0.993802 
19.32 -0.897899 
19.33 -0.800262 
19.34 -0.700624 
19.35 -0.598765 
19.36 -0.494632 
19.37 -0.388254 
19.38 -0.279726 
19.39 -0.169395 
19.4 -0.0579293 
19.41 0.0539373 
19.42 0.165689 
19.43 0.276953 
19.44 0.387231 
19.45 0.49588 
19.46 0.602342 
19.47 0.706216 
19.48 0.807077 
19.49 0.904414 
19.5 0.997896 
19.51 1.08758 
19.52 1.17374 
19.53 1.25663 
19.54 1.33648 
19.55 1.41361 
19.56 1.48842 
19.57 1.56117 
19.58 1.632 
19.59 1.70096 
19.6 1.76786 
19.61 1.83202 
19.62 1.89254 
19.63 1.94868 
19.64 2.00006 
19.65 2.04653 
19.66 2.08778 
19.67 2.12344 
19.68 2.15323 
19.69 2.1769 
19.7 2.19418 
19.71 2.2048 
19.72 2.20873 
19.73 2.20611 
19.74 2.19692 
19.75 2.18101 
19.76 2.1583 
19.77 2.12886 
19.78 2.0927 
19.79 2.04973 
19.8 1.99991 
19.81 1.94353 
19.82 1.881 
19.83 1.81256 
19.84 1.7383 
19.85 1.65843 
19.86 1.57331 
19.87 1.48335 
19.88 1.38896 
19.89 1.29072 
19.9 1.18931 
19.91 1.08528 
19.92 0.978936 
19.93 0.870469 
19.94 0.760136 
19.95 0.648158 
19.96 0.534603 
19.97 0.419516 
19.98 0.303119 
19.99 0.185786 
20 0.0679147 
20.01 -0.0500105 
20.02 -0.167237 
20.03 -0.282807 
20.04 -0.395855 
20.05 -0.505712 
20.06 -0.611729 
20.07 -0.713204 
20.08 -0.809618 
20.09 -0.90078 
20.1 -0.986609 
20.11 -1.06688 
20.12 -1.14132 
20.13 -1.20988 
20.14 -1.27274 
20.15 -1.33006 
20.16 -1.38193 
20.17 -1.42856 
20.18 -1.47044 
20.19 -1.50803 
20.2 -1.54177 
20.21 -1.57211 
20.22 -1.59958 
20.23 -1.62457 
20.24 -1.64715 
20.25 -1.66729 
20.26 -1.68509 
20.27 -1.70073 
20.28 -1.71415 
20.29 -1.72512 
20.3 -1.73347 
20.31 -1.73916 
20.32 -1.74201 
20.33 -1.74156 
20.34 -1.73728 
20.35 -1.72871 
20.36 -1.71538 
20.37 -1.69676 
20.38 -1.67237 
20.39 -1.642 
20.4 -1.60561 
20.41 -1.56321 
20.42 -1.51498 
20.43 -1.46142 
20.44 -1.40323 
20.45 -1.34095 
20.46 -1.2749 
20.47 -1.20543 
20.48 -1.1331 
20.49 -1.05856 
20.5 -0.982336 
20.51 -0.904981 
20.52 -0.82703 
20.53 -0.748736 
20.54 -0.66984 
20.55 -0.589822 
20.56 -0.508334 
20.57 -0.425283 
20.58 -0.340554 
20.59 -0.253868 
20.6 -0.164968 
20.61 -0.073761 
20.62 0.0197626 
20.63 0.115556 
20.64 0.213334 
20.65 0.312478 
20.66 0.412248 
20.67 0.512042 
20.68 0.611332 
20.69 0.709439 
20.7 0.80555 
20.71 0.898945 
20.72 0.989037 
20.73 1.07518 
20.74 1.1566 
20.75 1.23266 
20.76 1.30293 
20.77 1.36701 
20.78 1.42432 
20.79 1.47441 
20.8 1.51725 
20.81 1.55325 
20.82 1.58282 
20.83 1.60634 
20.84 1.62434 
20.85 1.63758 
20.86 1.6468 
20.87 1.65261 
20.88 1.65555 
20.89 1.65616 
20.9 1.65489 
20.91 1.65197 
20.92 1.64742 
20.93 1.64111 
20.94 1.63276 
20.95 1.62194 
20.96 1.60833 
20.97 1.59198 
20.98 1.57312 
20.99 1.55184 
21 1.52791 
21.01 1.50102 
21.02 1.47086 
21.03 1.43703 
21.04 1.39907 
21.05 1.35675 
21.06 1.3103 
21.07 1.26028 
21.08 1.20715 
21.09 1.15124 
21.1 1.09293 
21.11 1.03272 
21.12 0.971006 
21.13 0.908125 
21.14 0.844522 
21.15 0.780783 
21.16 0.717391 
21.17 0.65457 
21.18 0.592369 
21.19 0.530767 
21.2 0.469594 
21.21 0.408492 
21.22 0.347124 
21.23 0.285397 
21.24 0.223332 
21.25 0.160778 
21.26 0.0974394 
21.27 0.0331694 
21.28 -0.0319563 
21.29 -0.0978798 
21.3 -0.164693 
21.31 -0.232464 
21.32 -0.301111 
21.33 -0.370552 
21.34 -0.440843 
21.35 -0.511988 
21.36 -0.583679 
21.37 -0.655405 
21.38 -0.726761 
21.39 -0.79749 
21.4 -0.867266 
21.41 -0.935657 
21.42 -1.00234 
21.43 -1.06718 
21.44 -1.13004 
21.45 -1.19065 
21.46 -1.24875 
21.47 -1.30425 
21.48 -1.35704 
21.49 -1.40682 
21.5 -1.45322 
21.51 -1.49608 
21.52 -1.53531 
21.53 -1.57072 
21.54 -1.60205 
21.55 -1.6292 
21.56 -1.65237 
21.57 -1.67178 
21.58 -1.68751 
21.59 -1.69964 
21.6 -1.70843 
21.61 -1.71413 
21.62 -1.71684 
21.63 -1.71665 
21.64 -1.71374 
21.65 -1.70831 
21.66 -1.70024 
21.67 -1.68928 
21.68 -1.6753 
21.69 -1.65842 
21.7 -1.63881 
21.71 -1.61658 
21.72 -1.59191 
21.73 -1.56517 
21.74 -1.53665 
21.75 -1.50647 
21.76 -1.47473 
21.77 -1.44171 
21.78 -1.40774 
21.79 -1.37292 
21.8 -1.33709 
21.81 -1.30011 
21.82 -1.26185 
21.83 -1.2219 
21.84 -1.17949 
21.85 -1.13382 
21.86 -1.08443 
21.87 -1.03114 
21.88 -0.973753 
21.89 -0.91206 
21.9 -0.845964 
21.91 -0.775479 
21.92 -0.700688 
21.93 -0.621856 
21.94 -0.539537 
21.95 -0.454387 
21.96 -0.36683 
21.97 -0.277008 
21.98 -0.185078 
21.99 -0.0913698 
22 0.00377729 
22.01 0.100157 
22.02 0.197505 
22.03 0.295226 
22.04 0.392427 
22.05 0.48819 
22.06 0.581708 
22.07 0.672233 
22.08 0.759115 
22.09 0.841996 
22.1 0.920863 
22.11 0.995845 
22.12 1.06708 
22.13 1.13482 
22.14 1.19945 
22.15 1.26125 
22.16 1.32035 
22.17 1.37686 
22.18 1.43111 
22.19 1.48352 
22.2 1.53421 
22.21 1.58297 
22.22 1.62952 
22.23 1.67355 
22.24 1.7147 
22.25 1.75251 
22.26 1.7867 
22.27 1.81716 
22.28 1.84371 
22.29 1.86599 
22.3 1.88369 
22.31 1.89682 
22.32 1.90555 
22.33 1.90996 
22.34 1.91 
22.35 1.90577 
22.36 1.89748 
22.37 1.88521 
22.38 1.86891 
22.39 1.84861 
22.4 1.82442 
22.41 1.79637 
22.42 1.7643 
22.43 1.72811 
22.44 1.68793 
22.45 1.64391 
22.46 1.59602 
22.47 1.54416 
22.48 1.4885 
22.49 1.42931 
22.5 1.36682 
22.51 1.30108 
22.52 1.23218 
22.53 1.16028 
22.54 1.08539 
22.55 1.00735 
22.56 0.925999 
22.57 0.84138 
22.58 0.75353 
22.59 0.662312 
22.6 0.567544 
22.61 0.46923 
22.62 0.367551 
22.63 0.262844 
22.64 0.155796 
22.65 0.0475445 
22.66 -0.0606912 
22.67 -0.168113 
22.68 -0.274365 
22.69 -0.379095 
22.7 -0.481662 
22.71 -0.581322 
22.72 -0.677505 
22.73 -0.769808 
22.74 -0.857904 
22.75 -0.941644 
22.76 -1.02118 
22.77 -1.09676 
22.78 -1.16835 
22.79 -1.23566 
22.8 -1.29846 
22.81 -1.35673 
22.82 -1.41047 
22.83 -1.45954 
22.84 -1.50383 
22.85 -1.54344 
22.86 -1.5786 
22.87 -1.60943 
22.88 -1.63611 
22.89 -1.65903 
22.9 -1.6787 
22.91 -1.69547 
22.92 -1.70946 
22.93 -1.72071 
22.94 -1.72925 
22.95 -1.73494 
22.96 -1.73755 
22.97 -1.73695 
22.98 -1.73327 
22.99 -1.72661 
23 -1.7169 
23.01 -1.70398 
23.02 -1.68793 
23.03 -1.66899 
23.04 -1.64731 
23.05 -1.62293 
23.06 -1.59601 
23.07 -1.5668 
23.08 -1.53541 
23.09 -1.5017 
23.1 -1.46555 
23.11 -1.42699 
23.12 -1.38596 
23.13 -1.34216 
23.14 -1.29516 
23.15 -1.24472 
23.16 -1.19073 
23.17 -1.13309 
23.18 -1.07186 
23.19 -1.00737 
23.2 -0.940067 
23.21 -0.870203 
23.22 -0.797767 
23.23 -0.722818 
23.24 -0.645651 
23.25 -0.566595 
23.26 -0.485827 
23.27 -0.403503 
23.28 -0.319934 
23.29 -0.235465 
23.3 -0.150282 
23.31 -0.0645255 
23.32 0.0214351 
23.33 0.107007 
23.34 0.191655 
23.35 0.274996 
23.36 0.356582 
23.37 0.435815 
23.38 0.512148 
23.39 0.585273 
23.4 0.655046 
23.41 0.721373 
23.42 0.784289 
23.43 0.84403 
23.44 0.900848 
23.45 0.954799 
23.46 1.00584 
23.47 1.05409 
23.48 1.09985 
23.49 1.14332 
23.5 1.18443 
23.51 1.22307 
23.52 1.25924 
23.53 1.29289 
23.54 1.32384 
23.55 1.35189 
23.56 1.37693 
23.57 1.3988 
23.58 1.4171 
23.59 1.43133 
23.6 1.44116 
23.61 1.44648 
23.62 1.44728 
23.63 1.44374 
23.64 1.4364 
23.65 1.42603 
23.66 1.41325 
23.67 1.39821 
23.68 1.38078 
23.69 1.36074 
23.7 1.33786 
23.71 1.31177 
23.72 1.28212 
23.73 1.24874 
23.74 1.21165 
23.75 1.17089 
23.76 1.12659 
23.77 1.07914 
23.78 1.02913 
23.79 0.977049 
23.8 0.923159 
23.81 0.867716 
23.82 0.811194 
23.83 0.754128 
23.84 0.696901 
23.85 0.639762 
23.86 0.5829 
23.87 0.526268 
23.88 0.469415 
23.89 0.411693 
23.9 0.352631 
23.91 0.292002 
23.92 0.229549 
23.93 0.164926 
23.94 0.0980566 
23.95 0.0293884 
23.96 -0.0403788 
23.97 -0.110668 
23.98 -0.180994 
23.99 -0.250731 
24 -0.319156 
24.01 -0.38573 
24.02 -0.450229 
24.03 -0.512605 
24.04 -0.572898 
24.05 -0.631303 
24.06 -0.688118 
24.07 -0.743523 
24.08 -0.797535 
24.09 -0.850263 
24.1 -0.902086 
24.11 -0.95345 
24.12 -1.00461 
24.13 -1.05573 
24.14 -1.10704 
24.15 -1.15869 
24.16 -1.21032 
24.17 -1.26105 
24.18 -1.30992 
24.19 -1.35617 
24.2 -1.39908 
24.21 -1.43782 
24.22 -1.47161 
24.23 -1.49975 
24.24 -1.52158 
24.25 -1.53629 
24.26 -1.5432 
24.27 -1.54207 
24.28 -1.5333 
24.29 -1.51761 
24.3 -1.49592 
24.31 -1.46926 
24.32 -1.43867 
24.33 -1.40502 
24.34 -1.36909 
24.35 -1.33176 
24.36 -1.29421 
24.37 -1.25758 
24.38 -1.22254 
24.39 -1.18915 
24.4 -1.157 
24.41 -1.12541 
24.42 -1.09357 
24.43 -1.06076 
24.44 -1.0265 
24.45 -0.990411 
24.46 -0.951929 
24.47 -0.910246 
24.48 -0.864767 
24.49 -0.815456 
24.5 -0.762694 
24.51 -0.706936 
24.52 -0.648626 
24.53 -0.588261 
24.54 -0.526246 
24.55 -0.46266 
24.56 -0.397324 
24.57 -0.330111 
24.58 -0.261009 
24.59 -0.189943 
24.6 -0.116719 
24.61 -0.0412457 
24.62 0.0363266 
24.63 0.115744 
24.64 0.196791 
24.65 0.279232 
24.66 0.362756 
24.67 0.447147 
24.68 0.532416 
24.69 0.618617 
24.7 0.705565 
24.71 0.792887 
24.72 0.880278 
24.73 0.967514 
24.74 1.05417 
24.75 1.13948 
24.76 1.22263 
24.77 1.30291 
24.78 1.37971 
24.79 1.45239 
24.8 1.52045 
24.81 1.58366 
24.82 1.64191 
24.83 1.69496 
24.84 1.7425 
24.85 1.78438 
24.86 1.82054 
24.87 1.8508 
24.88 1.8747 
24.89 1.89182 
24.9 1.90189 
24.91 1.9047 
24.92 1.89997 
24.93 1.88756 
24.94 1.86751 
24.95 1.8399 
24.96 1.80464 
24.97 1.7618 
24.98 1.71195 
24.99 1.6561 
25 1.59525 
25.01 1.53019 
25.02 1.46171 
25.03 1.3906 
25.04 1.31753 
25.05 1.24288 
25.06 1.16696 
25.07 1.09002 
25.08 1.01215 
25.09 0.933143 
25.1 0.85278 
25.11 0.771074 
25.12 0.688288 
25.13 0.604777 
25.14 0.521011 
25.15 0.437715 
25.16 0.355751 
25.17 0.275728 
25.18 0.197772 
25.19 0.121678 
25.2 0.0471948 
25.21 -0.025935 
25.22 -0.0980184 
25.23 -0.169269 
25.24 -0.23964 
25.25 -0.308949 
25.26 -0.37713 
25.27 -0.444247 
25.28 -0.510313 
25.29 -0.575341 
25.3 -0.639562 
25.31 -0.703378 
25.32 -0.767011 
25.33 -0.830338 
25.34 -0.893156 
25.35 -0.955462 
25.36 -1.01738 
25.37 -1.07902 
25.38 -1.14053 
25.39 -1.20212 
25.4 -1.2637 
25.41 -1.32449 
25.42 -1.38321 
25.43 -1.43867 
25.44 -1.49005 
25.45 -1.53664 
25.46 -1.57775 
25.47 -1.6128 
25.48 -1.64143 
25.49 -1.66337 
25.5 -1.67843 
25.51 -1.68665 
25.52 -1.68847 
25.53 -1.6844 
25.54 -1.67472 
25.55 -1.65933 
25.56 -1.63806 
25.57 -1.61081 
25.58 -1.57738 
25.59 -1.53751 
25.6 -1.49108 
25.61 -1.43816 
25.62 -1.37878 
25.63 -1.3128 
25.64 -1.24008 
25.65 -1.1607 
25.66 -1.07493 
25.67 -0.982938 
25.68 -0.884917 
25.69 -0.781277 
25.7 -0.672732 
25.71 -0.560198 
25.72 -0.444814 
25.73 -0.328052 
25.74 -0.21161 
25.75 -0.0970694 
25.76 0.0142548 
25.77 0.121149 
25.78 0.22253 
25.79 0.317952 
25.8 0.40797 
25.81 0.493721 
25.82 0.57621 
25.83 0.656089 
25.84 0.733982 
25.85 0.810695 
25.86 0.887009 
25.87 0.963452 
25.88 1.04027 
25.89 1.1174 
25.9 1.19427 
25.91 1.2699 
25.92 1.3433 
25.93 1.4138 
25.94 1.48089 
25.95 1.54387 
25.96 1.60188 
25.97 1.65433 
25.98 1.70119 
25.99 1.74282 
26 1.77972 
26.01 1.81247 
26.02 1.84169 
26.03 1.86792 
26.04 1.89166 
26.05 1.91357 
26.06 1.93452 
26.07 1.95521 
26.08 1.97584 
26.09 1.9962 
26.1 2.01606 
26.11 2.03525 
26.12 2.0535 
26.13 2.07035 
26.14 2.08543 
26.15 2.09851 
26.16 2.10935 
26.17 2.11752 
26.18 2.12259 
26.19 2.12429 
26.2 2.12221 
26.21 2.11562 
26.22 2.10353 
26.23 2.08511 
26.24 2.05977 
26.25 2.02682 
26.26 1.98543 
26.27 1.93487 
26.28 1.87475 
26.29 1.80507 
26.3 1.72602 
26.31 1.63799 
26.32 1.54157 
26.33 1.43731 
26.34 1.32564 
26.35 1.20703 
26.36 1.0823 
26.37 0.952424 
26.38 0.818199 
26.39 0.680118 
26.4 0.538626 
26.41 0.39428 
26.42 0.247621 
26.43 0.0991005 
26.44 -0.0507281 
26.45 -0.201101 
26.46 -0.351277 
26.47 -0.500804 
26.48 -0.649394 
26.49 -0.796648 
26.5 -0.942059 
26.51 -1.08524 
26.52 -1.22589 
26.53 -1.36362 
26.54 -1.49784 
26.55 -1.62812 
26.56 -1.7542 
26.57 -1.87589 
26.58 -1.99294 
26.59 -2.10516 
26.6 -2.21259 
26.61 -2.31522 
26.62 -2.41285 
26.63 -2.50514 
26.64 -2.59188 
26.65 -2.67295 
26.66 -2.74813 
26.67 -2.81707 
26.68 -2.87948 
26.69 -2.93516 
26.7 -2.98378 
26.71 -3.02489 
26.72 -3.05806 
26.73 -3.0831 
26.74 -3.09984 
26.75 -3.10795 
26.76 -3.10708 
26.77 -3.09713 
26.78 -3.07823 
26.79 -3.05058 
26.8 -3.01437 
26.81 -2.96998 
26.82 -2.91797 
26.83 -2.85886 
26.84 -2.79304 
26.85 -2.7209 
26.86 -2.64295 
26.87 -2.55958 
26.88 -2.47097 
26.89 -2.37725 
26.9 -2.27873 
26.91 -2.17587 
26.92 -2.06898 
26.93 -1.95836 
26.94 -1.84441 
26.95 -1.72769 
26.96 -1.6085 
26.97 -1.48679 
26.98 -1.36236 
26.99 -1.23517 
27 -1.10529 
27.01 -0.972772 
27.02 -0.837739 
27.03 -0.700522 
27.04 -0.561545 
27.05 -0.421103 
27.06 -0.27943 
27.07 -0.136955 
27.08 0.00565787 
27.09 0.147749 
27.1 0.288786 
27.11 0.428244 
27.12 0.565534 
27.13 0.700167 
27.14 0.831844 
27.15 0.960307 
27.16 1.08523 
27.17 1.20637 
27.18 1.32371 
27.19 1.43728 
27.2 1.54691 
27.21 1.65226 
27.22 1.75302 
27.23 1.84902 
27.24 1.93997 
27.25 2.0255 
27.26 2.10538 
27.27 2.17952 
27.28 2.24779 
27.29 2.30987 
27.3 2.36551 
27.31 2.41475 
27.32 2.45774 
27.33 2.4945 
27.34 2.52494 
27.35 2.54904 
27.36 2.56678 
27.37 2.57795 
27.38 2.58215 
27.39 2.5792 
27.4 2.56915 
27.41 2.55206 
27.42 2.52781 
27.43 2.49631 
27.44 2.45757 
27.45 2.41162 
27.46 2.35845 
27.47 2.29821 
27.48 2.23132 
27.49 2.15838 
27.5 2.07981 
27.51 1.99592 
27.52 1.90715 
27.53 1.81407 
27.54 1.71713 
27.55 1.61655 
27.56 1.51244 
27.57 1.405 
27.58 1.29437 
27.59 1.18063 
27.6 1.06388 
27.61 0.944484 
27.62 0.822865 
27.63 0.699244 
27.64 0.573706 
27.65 0.446467 
27.66 0.317877 
27.67 0.188149 
27.68 0.0572967 
27.69 -0.074621 
27.7 -0.207352 
27.71 -0.340641 
27.72 -0.474356 
27.73 -0.608289 
27.74 -0.741949 
27.75 -0.874754 
27.76 -1.00633 
27.77 -1.13641 
27.78 -1.2646 
27.79 -1.39034 
27.8 -1.51316 
27.81 -1.63274 
27.82 -1.74862 
27.83 -1.86012 
27.84 -1.96657 
27.85 -2.06759 
27.86 -2.1628 
27.87 -2.25175 
27.88 -2.33399 
27.89 -2.40938 
27.9 -2.47793 
27.91 -2.53959 
27.92 -2.59426 
27.93 -2.64209 
27.94 -2.68348 
27.95 -2.71873 
27.96 -2.74794 
27.97 -2.77119 
27.98 -2.78875 
27.99 -2.80084 
28 -2.8075 
28.01 -2.80873 
28.02 -2.80465 
28.03 -2.7953 
28.04 -2.78043 
28.05 -2.75969 
28.06 -2.733 
28.07 -2.70044 
28.08 -2.66204 
28.09 -2.61759 
28.1 -2.56699 
28.11 -2.51031 
28.12 -2.44755 
28.13 -2.37855 
28.14 -2.30316 
28.15 -2.22151 
28.16 -2.13381 
28.17 -2.04018 
28.18 -1.94076 
28.19 -1.83604 
28.2 -1.72673 
28.21 -1.6134 
28.22 -1.4965 
28.23 -1.37658 
28.24 -1.2544 
28.25 -1.13067 
28.26 -1.00586 
28.27 -0.880288 
28.28 -0.75426 
28.29 -0.627945 
28.3 -0.501276 
28.31 -0.374161 
28.32 -0.246752 
28.33 -0.119326 
28.34 0.00804651 
28.35 0.135508 
28.36 0.263076 
28.37 0.390473 
28.38 0.517315 
28.39 0.643246 
28.4 0.767815 
28.41 0.890429 
28.42 1.01061 
28.43 1.12816 
28.44 1.24295 
28.45 1.3546 
28.46 1.4626 
28.47 1.5667 
28.48 1.66684 
28.49 1.76286 
28.5 1.8544 
28.51 1.94122 
28.52 2.02326 
28.53 2.10039 
28.54 2.17223 
28.55 2.2384 
28.56 2.29873 
28.57 2.35316 
28.58 2.40153 
28.59 2.44366 
28.6 2.47967 
28.61 2.50986 
28.62 2.53432 
28.63 2.55293 
28.64 2.56554 
28.65 2.5721 
28.66 2.57243 
28.67 2.56614 
28.68 2.55294 
28.69 2.53276 
28.7 2.50563 
28.71 2.47138 
28.72 2.42989 
28.73 2.38144 
28.74 2.32656 
28.75 2.26567 
28.76 2.19897 
28.77 2.1268 
28.78 2.04972 
28.79 1.96828 
28.8 1.88288 
28.81 1.79397 
28.82 1.70219 
28.83 1.60814 
28.84 1.51212 
28.85 1.41429 
28.86 1.31495 
28.87 1.21446 
28.88 1.11301 
28.89 1.01059 
28.9 0.907344 
28.91 0.803509 
28.92 0.69916 
28.93 0.594164 
28.94 0.488528 
28.95 0.382571 
28.96 0.276636 
28.97 0.170808 
28.98 0.0650743 
28.99 -0.0403968 
29 -0.145348 
29.01 -0.249705 
29.02 -0.353509 
29.03 -0.456593 
29.04 -0.558564 
29.05 -0.659115 
29.06 -0.75814 
29.07 -0.855477 
29.08 -0.950757 
29.09 -1.04364 
29.1 -1.13405 
29.11 -1.22197 
29.12 -1.30723 
29.13 -1.38963 
29.14 -1.46923 
29.15 -1.54617 
29.16 -1.62044 
29.17 -1.69184 
29.18 -1.76033 
29.19 -1.82606 
29.2 -1.88903 
29.21 -1.94891 
29.22 -2.00535 
29.23 -2.0582 
29.24 -2.10728 
29.25 -2.15211 
29.26 -2.19206 
29.27 -2.2267 
29.28 -2.25587 
29.29 -2.27933 
29.3 -2.29675 
29.31 -2.30799 
29.32 -2.31306 
29.33 -2.31198 
29.34 -2.30468 
29.35 -2.29121 
29.36 -2.27187 
29.37 -2.24694 
29.38 -2.21644 
29.39 -2.1803 
29.4 -2.1386 
29.41 -2.09148 
29.42 -2.0389 
29.43 -1.98073 
29.44 -1.91707 
29.45 -1.8483 
29.46 -1.77478 
29.47 -1.69678 
29.48 -1.61465 
29.49 -1.52893 
29.5 -1.44012 
29.51 -1.34846 
29.52 -1.25411 
29.53 -1.15733 
29.54 -1.05836 
29.55 -0.957239 
29.56 -0.853917 
29.57 -0.748565 
29.58 -0.641527 
29.59 -0.533029 
29.6 -0.423176 
29.61 -0.312259 
29.62 -0.200833 
29.63 -0.0894019 
29.64 0.021775 
29.65 0.132458 
29.66 0.24219 
29.67 0.350471 
29.68 0.45704 
29.69 0.561769 
29.7 0.664372 
29.71 0.764436 
29.72 0.86172 
29.73 0.956167 
29.74 1.04759 
29.75 1.13556 
29.76 1.21973 
29.77 1.29999 
29.78 1.37624 
29.79 1.44825 
29.8 1.51589 
29.81 1.57934 
29.82 1.63889 
29.83 1.69455 
29.84 1.74616 
29.85 1.79371 
29.86 1.8374 
29.87 1.87731 
29.88 1.91334 
29.89 1.94546 
29.9 1.97376 
29.91 1.99825 
29.92 2.01865 
29.93 2.0347 
29.94 2.04641 
29.95 2.05388 
29.96 2.05698 
29.97 2.05552 
29.98 2.04955 
29.99 2.03932 
30 2.02493 
30.01 2.00627 
30.02 1.98332 
30.03 1.95625 
30.04 1.92514 
30.05 1.88989 
30.06 1.85043 
30.07 1.80692 
30.08 1.75955 
30.09 1.70825 
30.1 1.6528 
30.11 1.59323 
30.12 1.52977 
30.13 1.46253 
30.14 1.39145 
30.15 1.31658 
30.16 1.23808 
30.17 1.15594 
30.18 1.0699 
30.19 0.979814 
30.2 0.885794 
30.21 0.788048 
30.22 0.686605 
30.23 0.581505 
30.24 0.473136 
30.25 0.362119 
30.26 0.248936 
30.27 0.133907 
30.28 0.0175095 
30.29 -0.0995394 
30.3 -0.216565 
30.31 -0.333076 
30.32 -0.448547 
30.33 -0.562307 
30.34 -0.673795 
30.35 -0.782788 
30.36 -0.889174 
30.37 -0.99263 
30.38 -1.09272 
30.39 -1.18922 
30.4 -1.28202 
30.41 -1.37087 
30.42 -1.4553 
30.43 -1.53495 
30.44 -1.60968 
30.45 -1.67934 
30.46 -1.74363 
30.47 -1.80241 
30.48 -1.85587 
30.49 -1.90426 
30.5 -1.94756 
30.51 -1.98573 
30.52 -2.01893 
30.53 -2.04753 
30.54 -2.07172 
30.55 -2.09154 
30.56 -2.10712 
30.57 -2.11872 
30.58 -2.12647 
30.59 -2.13031 
30.6 -2.13019 
30.61 -2.12633 
30.62 -2.11889 
30.63 -2.10772 
30.64 -2.09254 
30.65 -2.07333 
30.66 -2.05019 
30.67 -2.02307 
30.68 -1.99178 
30.69 -1.95635 
30.7 -1.91703 
30.71 -1.874 
30.72 -1.82722 
30.73 -1.77667 
30.74 -1.72252 
30.75 -1.66489 
30.76 -1.60366 
30.77 -1.53871 
30.78 -1.47014 
30.79 -1.39822 
30.8 -1.32303 
30.81 -1.24456 
30.82 -1.16302 
30.83 -1.07881 
30.84 -0.992196 
30.85 -0.903219 
30.86 -0.811978 
30.87 -0.718768 
30.88 -0.623824 
30.89 -0.527139 
30.9 -0.428703 
30.91 -0.328755 
30.92 -0.22761 
30.93 -0.125361 
30.94 -0.021983 
30.95 0.082328 
30.96 0.187137 
30.97 0.292084 
30.98 0.396976 
30.99 0.50153 
31 0.605261 
31.01 0.707746 
31.02 0.808812 
31.03 0.908331 
31.04 1.00602 
31.05 1.10159 
31.06 1.19502 
31.07 1.28638 
31.08 1.37554 
31.09 1.46222 
31.1 1.54624 
31.11 1.6275 
31.12 1.70573 
31.13 1.78038 
31.14 1.85098 
31.15 1.91728 
31.16 1.97903 
31.17 2.03576 
31.18 2.08693 
31.19 2.13221 
31.2 2.1714 
31.21 2.20419 
31.22 2.23028 
31.23 2.24973 
31.24 2.26293 
31.25 2.27015 
31.26 2.27143 
31.27 2.26686 
31.28 2.25675 
31.29 2.24141 
31.3 2.22084 
31.31 2.19492 
31.32 2.16366 
31.33 2.12714 
31.34 2.08526 
31.35 2.03789 
31.36 1.98515 
31.37 1.92733 
31.38 1.8646 
31.39 1.79694 
31.4 1.72444 
31.41 1.64747 
31.42 1.56635 
31.43 1.48124 
31.44 1.39227 
31.45 1.29983 
31.46 1.20439 
31.47 1.10622 
31.48 1.00552 
31.49 0.902667 
31.5 0.798192 
31.51 0.692493 
31.52 0.58582 
31.53 0.478562 
31.54 0.371325 
31.55 0.264647 
31.56 0.158824 
31.57 0.0541237 
31.58 -0.0490357 
31.59 -0.150275 
31.6 -0.249493 
31.61 -0.346746 
31.62 -0.441979 
31.63 -0.535069 
31.64 -0.626073 
31.65 -0.715179 
31.66 -0.802368 
31.67 -0.887345 
31.68 -0.969854 
31.69 -1.04988 
31.7 -1.12741 
31.71 -1.20225 
31.72 -1.2742 
31.73 -1.34328 
31.74 -1.40959 
31.75 -1.47303 
31.76 -1.53338 
31.77 -1.59053 
31.78 -1.64449 
31.79 -1.69503 
31.8 -1.74178 
31.81 -1.78444 
31.82 -1.823 
31.83 -1.85744 
31.84 -1.88758 
31.85 -1.91325 
31.86 -1.9345 
31.87 -1.95142 
31.88 -1.96386 
31.89 -1.97157 
31.9 -1.97449 
31.91 -1.97272 
31.92 -1.96621 
31.93 -1.95479 
31.94 -1.93842 
31.95 -1.91728 
31.96 -1.89149 
31.97 -1.86093 
31.98 -1.82553 
31.99 -1.78542 
32 -1.74078 
32.01 -1.69158 
32.02 -1.63773 
32.03 -1.57936 
32.04 -1.51672 
32.05 -1.44986 
32.06 -1.37867 
32.07 -1.30315 
32.08 -1.22352 
32.09 -1.13998 
32.1 -1.05261 
32.11 -0.96167 
32.12 -0.867659 
32.13 -0.771137 
32.14 -0.672487 
32.15 -0.572061 
32.16 -0.470394 
32.17 -0.368044 
32.18 -0.265292 
32.19 -0.162231 
32.2 -0.0591235 
32.21 0.043564 
32.22 0.145451 
32.23 0.246357 
32.24 0.346062 
32.25 0.444185 
32.26 0.540434 
32.27 0.634791 
32.28 0.727288 
32.29 0.817745 
32.3 0.905897 
32.31 0.991679 
32.32 1.07516 
32.33 1.15629 
32.34 1.23485 
32.35 1.31077 
32.36 1.38414 
32.37 1.45487 
32.38 1.52258 
32.39 1.58685 
32.4 1.64749 
32.41 1.70436 
32.42 1.75717 
32.43 1.8056 
32.44 1.84955 
32.45 1.889 
32.46 1.92375 
32.47 1.95347 
32.48 1.97802 
32.49 1.9975 
32.5 2.01195 
32.51 2.02129 
32.52 2.02548 
32.53 2.02467 
32.54 2.01902 
32.55 2.00846 
32.56 1.99291 
32.57 1.9725 
32.58 1.94746 
32.59 1.91784 
32.6 1.88355 
32.61 1.84468 
32.62 1.80146 
32.63 1.75402 
32.64 1.70231 
32.65 1.6464 
32.66 1.58654 
32.67 1.523 
32.68 1.45583 
32.69 1.38507 
32.7 1.31099 
32.71 1.23394 
32.72 1.15407 
32.73 1.07148 
32.74 0.98647 
32.75 0.899488 
32.76 0.810861 
32.77 0.720738 
32.78 0.629363 
32.79 0.537186 
32.8 0.444596 
32.81 0.351732 
32.82 0.258687 
32.83 0.165734 
32.84 0.0731751 
32.85 -0.0188924 
32.86 -0.110467 
32.87 -0.201374 
32.88 -0.291325 
32.89 -0.380194 
32.9 -0.468026 
32.91 -0.554752 
32.92 -0.640113 
32.93 -0.723905 
32.94 -0.80608 
32.95 -0.886496 
32.96 -0.964753 
32.97 -1.04044 
32.98 -1.11339 
32.99 -1.18353 
33 -1.25061 
33.01 -1.31431 
33.02 -1.37448 
33.03 -1.43111 
33.04 -1.48408 
33.05 -1.53312 
33.06 -1.57807 
33.07 -1.61902 
33.08 -1.65601 
33.09 -1.68889 
33.1 -1.71752 
33.11 -1.74198 
33.12 -1.76242 
33.13 -1.77878 
33.14 -1.79094 
33.15 -1.79891 
33.16 -1.80287 
33.17 -1.80278 
33.18 -1.79845 
33.19 -1.78981 
33.2 -1.77702 
33.21 -1.76016 
33.22 -1.73915 
33.23 -1.71394 
33.24 -1.68473 
33.25 -1.65173 
33.26 -1.61496 
33.27 -1.57436 
33.28 -1.53009 
33.29 -1.48243 
33.3 -1.43147 
33.31 -1.37715 
33.32 -1.31951 
33.33 -1.2588 
33.34 -1.19515 
33.35 -1.12854 
33.36 -1.05898 
33.37 -0.986721 
33.38 -0.912013 
33.39 -0.834936 
33.4 -0.755544 
33.41 -0.674122 
33.42 -0.59108 
33.43 -0.506675 
33.44 -0.421056 
33.45 -0.334537 
33.46 -0.247608 
33.47 -0.160639 
33.48 -0.0737676 
33.49 0.0128544 
33.5 0.0989072 
33.51 0.184097 
33.52 0.268322 
33.53 0.351472 
33.54 0.43318 
33.55 0.512972 
33.56 0.590564 
33.57 0.665836 
33.58 0.738584 
33.59 0.808544 
33.6 0.875641 
33.61 0.940009 
33.62 1.00169 
33.63 1.06048 
33.64 1.11621 
33.65 1.16887 
33.66 1.21851 
33.67 1.26496 
33.68 1.30803 
33.69 1.34773 
33.7 1.38416 
33.71 1.41729 
33.72 1.44695 
33.73 1.47312 
33.74 1.49603 
33.75 1.51577 
33.76 1.53222 
33.77 1.54526 
33.78 1.5549 
33.79 1.56111 
33.8 1.56367 
33.81 1.56237 
33.82 1.55719 
33.83 1.54824 
33.84 1.53548 
33.85 1.51875 
33.86 1.49809 
33.87 1.47368 
33.88 1.44562 
33.89 1.41381 
33.9 1.37824 
33.91 1.33913 
33.92 1.29661 
33.93 1.25063 
33.94 1.20108 
33.95 1.14806 
33.96 1.09183 
33.97 1.0325 
33.98 0.970129 
33.99 0.904904 
34 0.837169 
34.01 0.767128 
34.02 0.694819 
34.03 0.620384 
34.04 0.544163 
34.05 0.46643 
34.06 0.38722 
34.07 0.306553 
34.08 0.22466 
34.09 0.141833 
34.1 0.0581933 
34.11 -0.0261901 
34.12 -0.111035 
34.13 -0.195912 
34.14 -0.280544 
34.15 -0.36484 
34.16 -0.448614 
34.17 -0.531499 
34.18 -0.613196 
34.19 -0.693621 
34.2 -0.77267 
34.21 -0.850032 
34.22 -0.925374 
34.23 -0.998564 
34.24 -1.06953 
34.25 -1.13797 
34.26 -1.20345 
34.27 -1.26569 
34.28 -1.32462 
34.29 -1.38003 
34.3 -1.43157 
34.31 -1.47896 
34.32 -1.52216 
34.33 -1.5611 
34.34 -1.59552 
34.35 -1.62519 
34.36 -1.65015 
34.37 -1.6706 
34.38 -1.68654 
34.39 -1.69784 
34.4 -1.70456 
34.41 -1.70693 
34.42 -1.70501 
34.43 -1.69876 
34.44 -1.68823 
34.45 -1.67374 
34.46 -1.65556 
34.47 -1.63373 
34.48 -1.60828 
34.49 -1.57942 
34.5 -1.54737 
34.51 -1.51215 
34.52 -1.47372 
34.53 -1.43224 
34.54 -1.38805 
34.55 -1.34135 
34.56 -1.29217 
34.57 -1.24071 
34.58 -1.18734 
34.59 -1.13234 
34.6 -1.0757 
34.61 -1.01741 
34.62 -0.957601 
34.63 -0.896427 
34.64 -0.833855 
34.65 -0.769809 
34.66 -0.704414 
34.67 -0.637898 
34.68 -0.570309 
34.69 -0.501541 
34.7 -0.431631 
34.71 -0.360807 
34.72 -0.289207 
34.73 -0.216778 
34.74 -0.143534 
34.75 -0.0697058 
34.76 0.00448053 
34.77 0.0790187 
34.78 0.15395 
34.79 0.229112 
34.8 0.304253 
34.81 0.379299 
34.82 0.454291 
34.83 0.529078 
34.84 0.603299 
34.85 0.67668 
34.86 0.74913 
34.87 0.820474 
34.88 0.890316 
34.89 0.958281 
34.9 1.02422 
34.91 1.08802 
34.92 1.14934 
34.93 1.20771 
34.94 1.26285 
34.95 1.31457 
34.96 1.36256 
34.97 1.40637 
34.98 1.44577 
34.99 1.48075 
35 1.51123 
35.01 1.53699 
35.02 1.55786 
35.03 1.57392 
35.04 1.5853 
35.05 1.5919 
35.06 1.59362 
35.07 1.59056 
35.08 1.58297 
35.09 1.57096 
35.1 1.55449 
35.11 1.53368 
35.12 1.50884 
35.13 1.48019 
35.14 1.4478 
35.15 1.41177 
35.16 1.37245 
35.17 1.33014 
35.18 1.28494 
35.19 1.23685 
35.2 1.18609 
35.21 1.13292 
35.22 1.07745 
35.23 1.01965 
35.24 0.959653 
35.25 0.897791 
35.26 0.834272 
35.27 0.76914 
35.28 0.702533 
35.29 0.634793 
35.3 0.566192 
35.31 0.496753 
35.32 0.426466 
35.33 0.355539 
35.34 0.284254 
35.35 0.212683 
35.36 0.140765 
35.37 0.0685947 
35.38 -0.00358142 
35.39 -0.0756529 
35.4 -0.147689 
35.41 -0.219664 
35.42 -0.291354 
35.43 -0.362591 
35.44 -0.433428 
35.45 -0.503892 
35.46 -0.573736 
35.47 -0.642588 
35.48 -0.710233 
35.49 -0.776541 
35.5 -0.841221 
35.51 -0.903876 
35.52 -0.964285 
35.53 -1.02242 
35.54 -1.07819 
35.55 -1.13131 
35.56 -1.18161 
35.57 -1.22912 
35.58 -1.27385 
35.59 -1.31559 
35.6 -1.35412 
35.61 -1.38944 
35.62 -1.42161 
35.63 -1.45048 
35.64 -1.47581 
35.65 -1.49752 
35.66 -1.51572 
35.67 -1.5304 
35.68 -1.54139 
35.69 -1.54859 
35.7 -1.55212 
35.71 -1.55207 
35.72 -1.54831 
35.73 -1.54072 
35.74 -1.5294 
35.75 -1.51449 
35.76 -1.49592 
35.77 -1.47347 
35.78 -1.44712 
35.79 -1.417 
35.8 -1.38313 
35.81 -1.34539 
35.82 -1.30386 
35.83 -1.25887 
35.84 -1.21072 
35.85 -1.15948 
35.86 -1.10524 
35.87 -1.04831 
35.88 -0.989045 
35.89 -0.927598 
35.9 -0.864061 
35.91 -0.798704 
35.92 -0.731894 
35.93 -0.663804 
35.94 -0.594432 
35.95 -0.523915 
35.96 -0.452595 
35.97 -0.380741 
35.98 -0.308408 
35.99 -0.235676 
36 -0.162835 
36.01 -0.0901736 
36.02 -0.0177382 
36.03 0.0545023 
36.04 0.12638 
36.05 0.197618 
36.06 0.268112 
36.07 0.337908 
36.08 0.406903 
36.09 0.474787 
36.1 0.541328 
36.11 0.606487 
36.12 0.670175 
36.13 0.732109 
36.14 0.792028 
36.15 0.849901 
36.16 0.90575 
36.17 0.959414 
36.18 1.01065 
36.19 1.0594 
36.2 1.10576 
36.21 1.14964 
36.22 1.19084 
36.23 1.22923 
36.24 1.26489 
36.25 1.29782 
36.26 1.32778 
36.27 1.35458 
36.28 1.37824 
36.29 1.39884 
36.3 1.41624 
36.31 1.43027 
36.32 1.44094 
36.33 1.44843 
36.34 1.45275 
36.35 1.45375 
36.36 1.45142 
36.37 1.44595 
36.38 1.43744 
36.39 1.42574 
36.4 1.41076 
36.41 1.3926 
36.42 1.3714 
36.43 1.34706 
36.44 1.31947 
36.45 1.28875 
36.46 1.25513 
36.47 1.21871 
36.48 1.17945 
36.49 1.13747 
36.5 1.09306 
36.51 1.04642 
36.52 0.997529 
36.53 0.946475 
36.54 0.893535 
36.55 0.838946 
36.56 0.782698 
36.57 0.724725 
36.58 0.665172 
36.59 0.604279 
36.6 0.542112 
36.61 0.478623 
36.62 0.413932 
36.63 0.348312 
36.64 0.281908 
36.65 0.214688 
36.66 0.146715 
36.67 0.0782675 
36.68 0.00959077 
36.69 -0.0592865 
36.7 -0.128353 
36.71 -0.197393 
36.72 -0.26614 
36.73 -0.334542 
36.74 -0.402661 
36.75 -0.470384 
36.76 -0.537448 
36.77 -0.603733 
36.78 -0.669289 
36.79 -0.73406 
36.8 -0.797782 
36.81 -0.860243 
36.82 -0.921438 
36.83 -0.981353 
36.84 -1.03976 
36.85 -1.09639 
36.86 -1.1512 
36.87 -1.20421 
36.88 -1.25526 
36.89 -1.30406 
36.9 -1.35045 
36.91 -1.39448 
36.92 -1.43606 
36.93 -1.47494 
36.94 -1.51092 
36.95 -1.54404 
36.96 -1.57428 
36.97 -1.60138 
36.98 -1.62506 
36.99 -1.64527 
37 -1.66204 
37.01 -1.67522 
37.02 -1.68459 
37.03 -1.69013 
37.04 -1.69199 
37.05 -1.69018 
37.06 -1.68454 
37.07 -1.67498 
37.08 -1.66166 
37.09 -1.64467 
37.1 -1.62391 
37.11 -1.59927 
37.12 -1.57088 
37.13 -1.53891 
37.14 -1.50335 
37.15 -1.4641 
37.16 -1.42124 
37.17 -1.375 
37.18 -1.32543 
37.19 -1.27243 
37.2 -1.21606 
37.21 -1.15658 
37.22 -1.09422 
37.23 -1.02899 
37.24 -0.960953 
37.25 -0.890374 
37.26 -0.817562 
37.27 -0.742633 
37.28 -0.665636 
37.29 -0.586821 
37.3 -0.506564 
37.31 -0.425079 
37.32 -0.342423 
37.33 -0.258785 
37.34 -0.174542 
37.35 -0.0899752 
37.36 -0.00515153 
37.37 0.079833 
37.38 0.164672 
37.39 0.249054 
37.4 0.332886 
37.41 0.416135 
37.42 0.498575 
37.43 0.579878 
37.44 0.659895 
37.45 0.738623 
37.46 0.815924 
37.47 0.891495 
37.48 0.96513 
37.49 1.03681 
37.5 1.10644 
37.51 1.17374 
37.52 1.2384 
37.53 1.30038 
37.54 1.35967 
37.55 1.41604 
37.56 1.46923 
37.57 1.5191 
37.58 1.56567 
37.59 1.60878 
37.6 1.64812 
37.61 1.68353 
37.62 1.71504 
37.63 1.74262 
37.64 1.76607 
37.65 1.78524 
37.66 1.80019 
37.67 1.81104 
37.68 1.81772 
37.69 1.82008 
37.7 1.81816 
37.71 1.81214 
37.72 1.80204 
37.73 1.78773 
37.74 1.76925 
37.75 1.74681 
37.76 1.72055 
37.77 1.69042 
37.78 1.65642 
37.79 1.61877 
37.8 1.5777 
37.81 1.53323 
37.82 1.48531 
37.83 1.43411 
37.84 1.37987 
37.85 1.32267 
37.86 1.26247 
37.87 1.19942 
37.88 1.13381 
37.89 1.06587 
37.9 0.9956 
37.91 0.923106 
37.92 0.84869 
37.93 0.772646 
37.94 0.69506 
37.95 0.615987 
37.96 0.535682 
37.97 0.454468 
37.98 0.372483 
37.99 0.289752 
38 0.206466 
38.01 0.12297 
38.02 0.0394856 
38.03 -0.0439407 
38.04 -0.127173 
38.05 -0.209879 
38.06 -0.291772 
38.07 -0.372781 
38.08 -0.452841 
38.09 -0.531674 
38.1 -0.608938 
38.11 -0.684479 
38.12 -0.758243 
38.13 -0.830009 
38.14 -0.899428 
38.15 -0.966311 
38.16 -1.03065 
38.17 -1.09232 
38.18 -1.15104 
38.19 -1.20657 
38.2 -1.2589 
38.21 -1.30805 
38.22 -1.35382 
38.23 -1.39604 
38.24 -1.43474 
38.25 -1.47003 
38.26 -1.50183 
38.27 -1.52995 
38.28 -1.55437 
38.29 -1.57524 
38.3 -1.59259 
38.31 -1.60625 
38.32 -1.61614 
38.33 -1.62235 
38.34 -1.62495 
38.35 -1.62378 
38.36 -1.61869 
38.37 -1.60976 
38.38 -1.59714 
38.39 -1.58079 
38.4 -1.5606 
38.41 -1.53661 
38.42 -1.50905 
38.43 -1.478 
38.44 -1.44337 
38.45 -1.40518 
38.46 -1.36366 
38.47 -1.31899 
38.48 -1.27116 
38.49 -1.22014 
38.5 -1.16614 
38.51 -1.10942 
38.52 -1.05005 
38.53 -0.987991 
38.54 -0.923432 
38.55 -0.856684 
38.56 -0.787907 
38.57 -0.717113 
38.58 -0.644444 
38.59 -0.570247 
38.6 -0.4948 
38.61 -0.418174 
38.62 -0.340475 
38.63 -0.26202 
38.64 -0.183148 
38.65 -0.103989 
38.66 -0.0246118 
38.67 0.0547191 
38.68 0.133621 
38.69 0.211873 
38.7 0.289404 
38.71 0.36601 
38.72 0.441317 
38.73 0.515062 
38.74 0.587193 
38.75 0.657618 
38.76 0.72604 
38.77 0.792175 
38.78 0.855956 
38.79 0.917361 
38.8 0.976173 
38.81 1.03209 
38.82 1.08501 
38.83 1.13498 
38.84 1.18191 
38.85 1.22554 
38.86 1.26575 
38.87 1.30263 
38.88 1.33617 
38.89 1.36618 
38.9 1.3925 
38.91 1.4152 
38.92 1.43437 
38.93 1.44991 
38.94 1.46164 
38.95 1.46958 
38.96 1.4739 
38.97 1.47457 
38.98 1.47144 
38.99 1.4645 
39 1.45391 
39.01 1.43979 
39.02 1.42201 
39.03 1.40054 
39.04 1.37555 
39.05 1.34723 
39.06 1.31557 
39.07 1.28052 
39.08 1.24224 
39.09 1.20098 
39.1 1.15682 
39.11 1.10972 
39.12 1.05977 
39.13 1.00726 
39.14 0.95235 
39.15 0.89504 
39.16 0.835392 
39.17 0.773683 
39.18 0.710181 
39.19 0.644946 
39.2 0.578015 
39.21 0.50964 
39.22 0.44016 
39.23 0.369726 
39.24 0.298367 
39.25 0.226277 
39.26 0.153803 
39.27 0.0811698 
39.28 0.0084169 
39.29 -0.0643324 
39.3 -0.136756 
39.31 -0.208572 
39.32 -0.279715 
39.33 -0.350135 
39.34 -0.419577 
39.35 -0.487725 
39.36 -0.554467 
39.37 -0.619796 
39.38 -0.683537 
39.39 -0.745376 
39.4 -0.805148 
39.41 -0.862864 
39.42 -0.918444 
39.43 -0.971618 
39.44 -1.02218 
39.45 -1.07014 
39.46 -1.1155 
39.47 -1.15808 
39.48 -1.19763 
39.49 -1.23415 
39.5 -1.2677 
39.51 -1.29818 
39.52 -1.32537 
39.53 -1.3492 
39.54 -1.36979 
39.55 -1.38713 
39.56 -1.40103 
39.57 -1.4114 
39.58 -1.41835 
39.59 -1.42196 
39.6 -1.42212 
39.61 -1.4187 
39.62 -1.41179 
39.63 -1.40155 
39.64 -1.38796 
39.65 -1.3709 
39.66 -1.35042 
39.67 -1.32672 
39.68 -1.2999 
39.69 -1.26987 
39.7 -1.23665 
39.71 -1.20044 
39.72 -1.16144 
39.73 -1.11961 
39.74 -1.07494 
39.75 -1.02762 
39.76 -0.977921 
39.77 -0.925893 
39.78 -0.871512 
39.79 -0.814939 
39.8 -0.756473 
39.81 -0.696274 
39.82 -0.634339 
39.83 -0.570783 
39.84 -0.505917 
39.85 -0.439994 
39.86 -0.373059 
39.87 -0.30518 
39.88 -0.236635 
39.89 -0.167735 
39.9 -0.0985872 
39.91 -0.029226 
39.92 0.040125 
39.93 0.109127 
39.94 0.177606 
39.95 0.245547 
39.96 0.31281 
39.97 0.379077 
39.98 0.444119 
39.99 0.507911 
