c:\trunk\win64-wrapper-dll\proj\openseeswrapper\x64\debug\opensees.net.x64.pch
c:\trunk\win64-wrapper-dll\proj\openseeswrapper\x64\debug\vc141.pdb
c:\trunk\win64-wrapper-dll\proj\openseeswrapper\x64\debug\stdafx.obj
c:\trunk\win64-wrapper-dll\proj\openseeswrapper\x64\debug\ctestenergyincrwrapper.obj
c:\trunk\win64-wrapper-dll\proj\openseeswrapper\x64\debug\convergencetestwrapper.obj
c:\trunk\win64-wrapper-dll\proj\openseeswrapper\x64\debug\assemblyinfo.obj
c:\trunk\win64-wrapper-dll\proj\openseeswrapper\x64\debug\dof_numbererwrapper.obj
c:\trunk\win64-wrapper-dll\proj\openseeswrapper\x64\debug\analysismodelwrapper.obj
c:\trunk\win64-wrapper-dll\proj\openseeswrapper\x64\debug\transientintegratorwrapper.obj
c:\trunk\win64-wrapper-dll\proj\openseeswrapper\x64\debug\staticintegratorwrapper.obj
c:\trunk\win64-wrapper-dll\proj\openseeswrapper\x64\debug\loadcontrolwrapper.obj
c:\trunk\win64-wrapper-dll\proj\openseeswrapper\x64\debug\integratorwrapper.obj
c:\trunk\win64-wrapper-dll\proj\openseeswrapper\x64\debug\incrementalintegratorwrapper.obj
c:\trunk\win64-wrapper-dll\proj\openseeswrapper\x64\debug\transformationconstrainthandlerwrapper.obj
c:\trunk\win64-wrapper-dll\proj\openseeswrapper\x64\debug\plainhandlerwrapper.obj
c:\trunk\win64-wrapper-dll\proj\openseeswrapper\x64\debug\constrainthandlerwrapper.obj
c:\trunk\win64-wrapper-dll\proj\openseeswrapper\x64\debug\transientanalysiswrapper.obj
c:\trunk\win64-wrapper-dll\proj\openseeswrapper\x64\debug\staticanalysiswrapper.obj
c:\trunk\win64-wrapper-dll\proj\openseeswrapper\x64\debug\directintegrationanalysiswrapper.obj
c:\trunk\win64-wrapper-dll\proj\openseeswrapper\x64\debug\analysiswrapper.obj
c:\trunk\win64-wrapper-dll\proj\openseeswrapper\x64\debug\solutionalgorithmwrapper.obj
c:\trunk\win64-wrapper-dll\proj\openseeswrapper\x64\debug\linearwrapper.obj
c:\trunk\win64-wrapper-dll\proj\openseeswrapper\x64\debug\equisolnalgowrapper.obj
c:\trunk\win64-wrapper-dll\proj\openseeswrapper\x64\debug\elasticbeam2dwrapper.obj
c:\trunk\win64-wrapper-dll\proj\openseeswrapper\x64\debug\dispbeamcolumn3dwrapper.obj
c:\trunk\win64-wrapper-dll\proj\openseeswrapper\x64\debug\beamintegrationwrapper.obj
c:\trunk\win64-wrapper-dll\proj\openseeswrapper\x64\debug\trapezoidaltimeseriesintegratorwrapper.obj
c:\trunk\win64-wrapper-dll\proj\openseeswrapper\x64\debug\timeserieswrapper.obj
c:\trunk\win64-wrapper-dll\proj\openseeswrapper\x64\debug\timeseriesintegratorwrapper.obj
c:\trunk\win64-wrapper-dll\proj\openseeswrapper\x64\debug\pathtimeserieswrapper.obj
c:\trunk\win64-wrapper-dll\proj\openseeswrapper\x64\debug\pathserieswrapper.obj
c:\trunk\win64-wrapper-dll\proj\openseeswrapper\x64\debug\linearserieswrapper.obj
c:\trunk\win64-wrapper-dll\proj\openseeswrapper\x64\debug\uniformexcitationwrapper.obj
c:\trunk\win64-wrapper-dll\proj\openseeswrapper\x64\debug\loadpatternwrapper.obj
c:\trunk\win64-wrapper-dll\proj\openseeswrapper\x64\debug\earthquakepatternwrapper.obj
c:\trunk\win64-wrapper-dll\proj\openseeswrapper\x64\debug\nodewrapper.obj
c:\trunk\win64-wrapper-dll\proj\openseeswrapper\x64\debug\nodalloadwrapper.obj
c:\trunk\win64-wrapper-dll\proj\openseeswrapper\x64\debug\loadwrapper.obj
c:\trunk\win64-wrapper-dll\proj\openseeswrapper\x64\debug\groudmotionwrapper.obj
c:\trunk\win64-wrapper-dll\proj\openseeswrapper\x64\debug\domainwrapper.obj
c:\trunk\win64-wrapper-dll\proj\openseeswrapper\x64\debug\sp_constraintwrapper.obj
c:\trunk\win64-wrapper-dll\proj\openseeswrapper\x64\debug\domaincomponentwrapper.obj
c:\trunk\win64-wrapper-dll\proj\openseeswrapper\x64\debug\ctestnormdispincrwrapper.obj
c:\trunk\win64-wrapper-dll\proj\openseeswrapper\x64\debug\quadpatchfiber3dwrapper.obj
c:\trunk\win64-wrapper-dll\proj\openseeswrapper\x64\debug\fiberwrapper.obj
c:\trunk\win64-wrapper-dll\proj\openseeswrapper\x64\debug\fibersection3dwrapper.obj
c:\trunk\win64-wrapper-dll\proj\openseeswrapper\x64\debug\fibersection2dwrapper.obj
c:\trunk\win64-wrapper-dll\proj\openseeswrapper\x64\debug\elasticsection3dwrapper.obj
c:\trunk\win64-wrapper-dll\proj\openseeswrapper\x64\debug\ndmaterialwrapper.obj
c:\trunk\win64-wrapper-dll\proj\openseeswrapper\x64\debug\elasticisotropicmaterialwrapper.obj
c:\trunk\win64-wrapper-dll\proj\openseeswrapper\x64\debug\materialwrapper.obj
c:\trunk\win64-wrapper-dll\proj\openseeswrapper\x64\debug\rcmwrapper.obj
c:\trunk\win64-wrapper-dll\proj\openseeswrapper\x64\debug\graphnumbererwrapper.obj
c:\trunk\win64-wrapper-dll\proj\openseeswrapper\x64\debug\trusswrapper.obj
c:\trunk\win64-wrapper-dll\proj\openseeswrapper\x64\debug\fournodequad3dwrapper.obj
c:\trunk\win64-wrapper-dll\proj\openseeswrapper\x64\debug\elementwrapper.obj
c:\trunk\win64-wrapper-dll\proj\openseeswrapper\x64\debug\pdeltacrdtransf2dwrapper.obj
c:\trunk\win64-wrapper-dll\proj\openseeswrapper\x64\debug\linearcrdtransf2dwrapper.obj
c:\trunk\win64-wrapper-dll\proj\openseeswrapper\x64\debug\crdtransfwrapper.obj
c:\trunk\win64-wrapper-dll\proj\openseeswrapper\x64\debug\corotcrdtransf2dwrapper.obj
c:\trunk\win64-wrapper-dll\proj\openseeswrapper\x64\debug\allcrdtransf3dwrapper.obj
c:\trunk\win64-wrapper-dll\proj\openseeswrapper\x64\debug\forcebeamcolumn3dwrapper.obj
c:\trunk\win64-wrapper-dll\proj\openseeswrapper\x64\debug\forcebeamcolumn2dwrapper.obj
c:\trunk\win64-wrapper-dll\proj\openseeswrapper\x64\debug\vectorwrapper.obj
c:\trunk\win64-wrapper-dll\proj\openseeswrapper\x64\debug\matrixwrapper.obj
c:\trunk\win64-wrapper-dll\proj\openseeswrapper\x64\debug\uniaxialmaterialwrapper.obj
c:\trunk\win64-wrapper-dll\proj\openseeswrapper\x64\debug\steel02wrapper.obj
c:\trunk\win64-wrapper-dll\proj\openseeswrapper\x64\debug\steel01wrapper.obj
c:\trunk\win64-wrapper-dll\proj\openseeswrapper\x64\debug\minmaxwrapper.obj
c:\trunk\win64-wrapper-dll\proj\openseeswrapper\x64\debug\elasticmaterialwrapper.obj
c:\trunk\win64-wrapper-dll\proj\openseeswrapper\x64\debug\concrete02wrapper.obj
c:\trunk\win64-wrapper-dll\proj\openseeswrapper\x64\debug\concrete01wrapper.obj
c:\trunk\win64-wrapper-dll\proj\openseeswrapper\x64\debug\sectionforcedeformationwrapper.obj
c:\trunk\win64-wrapper-dll\proj\openseeswrapper\x64\debug\sectionrepreswrapper.obj
c:\trunk\win64-wrapper-dll\proj\openseeswrapper\x64\debug\fibersectionreprwrapper.obj
c:\trunk\win64-wrapper-dll\proj\openseeswrapper\x64\debug\straightreinflayerwrapper.obj
c:\trunk\win64-wrapper-dll\proj\openseeswrapper\x64\debug\reinflayerwrapper.obj
c:\trunk\win64-wrapper-dll\proj\openseeswrapper\x64\debug\circreinflayerwrapper.obj
c:\trunk\win64-wrapper-dll\proj\openseeswrapper\x64\debug\quadpatchwrapper.obj
c:\trunk\win64-wrapper-dll\proj\openseeswrapper\x64\debug\patchwrapper.obj
c:\trunk\win64-wrapper-dll\proj\openseeswrapper\x64\debug\circpatchwrapper.obj
c:\trunk\win64-wrapper-dll\proj\openseeswrapper\x64\debug\uniaxialfiber3dwrapper.obj
c:\trunk\win64-wrapper-dll\proj\openseeswrapper\x64\debug\uniaxialfiber2dwrapper.obj
c:\trunk\win64-wrapper-dll\proj\openseeswrapper\x64\debug\taggedobjectwrapper.obj
c:\trunk\win64-wrapper-dll\proj\openseeswrapper\x64\debug\systemofeqnwrapper.obj
c:\trunk\win64-wrapper-dll\proj\openseeswrapper\x64\debug\symbandeigensolverwrapper.obj
c:\trunk\win64-wrapper-dll\proj\openseeswrapper\x64\debug\symbandeigensoewrapper.obj
c:\trunk\win64-wrapper-dll\proj\openseeswrapper\x64\debug\solverwrapper.obj
c:\trunk\win64-wrapper-dll\proj\openseeswrapper\x64\debug\profilespdlinsolverwrapper.obj
c:\trunk\win64-wrapper-dll\proj\openseeswrapper\x64\debug\profilespdlinsoewrapper.obj
c:\trunk\win64-wrapper-dll\proj\openseeswrapper\x64\debug\profilespdlindirectsolverwrapper.obj
c:\trunk\win64-wrapper-dll\proj\openseeswrapper\x64\debug\linearsoewrapper.obj
c:\trunk\win64-wrapper-dll\proj\openseeswrapper\x64\debug\linearsoesolverwrapper.obj
c:\trunk\win64-wrapper-dll\proj\openseeswrapper\x64\debug\fullgeneigensolverwrapper.obj
c:\trunk\win64-wrapper-dll\proj\openseeswrapper\x64\debug\fullgeneigensoewrapper.obj
c:\trunk\win64-wrapper-dll\proj\openseeswrapper\x64\debug\eigensolverwrapper.obj
c:\trunk\win64-wrapper-dll\proj\openseeswrapper\x64\debug\eigensoewrapper.obj
c:\trunk\win64-wrapper-dll\proj\openseeswrapper\x64\debug\bandspdlinsolverwrapper.obj
c:\trunk\win64-wrapper-dll\proj\openseeswrapper\x64\debug\bandspdlinsoewrapper.obj
c:\trunk\win64-wrapper-dll\proj\openseeswrapper\x64\debug\bandspdlinlapacksolverwrapper.obj
c:\trunk\win64-wrapper-dll\proj\openseeswrapper\x64\debug\arpacksoewrapper.obj
c:\trunk\win64-wrapper-dll\proj\openseeswrapper\x64\debug\.netframework,version=v4.6.1.assemblyattributes.obj
c:\trunk\win64-wrapper-dll\proj\openseeswrapper\x64\debug\.netframework,version=v4.6.1.assemblyattributes.asm
c:\trunk\win64-wrapper-dll\proj\openseeswrapper\x64\debug\app.res
c:\trunk\win64-wrapper-dll\proj\openseeswrapper\x64\debug\openseeswrapper.vcxprojresolveassemblyreference.cache
c:\trunk\win64-wrapper-dll\x64\debug\opensees.net.x64.pdb
c:\trunk\win64-wrapper-dll\proj\openseeswrapper\x64\debug\openseeswrapper.tlog\cl.command.1.tlog
c:\trunk\win64-wrapper-dll\proj\openseeswrapper\x64\debug\openseeswrapper.tlog\cl.read.1.tlog
c:\trunk\win64-wrapper-dll\proj\openseeswrapper\x64\debug\openseeswrapper.tlog\cl.write.1.tlog
c:\trunk\win64-wrapper-dll\proj\openseeswrapper\x64\debug\openseeswrapper.tlog\link.15664-cvtres.read.1.tlog
c:\trunk\win64-wrapper-dll\proj\openseeswrapper\x64\debug\openseeswrapper.tlog\link.15664-cvtres.write.1.tlog
c:\trunk\win64-wrapper-dll\proj\openseeswrapper\x64\debug\openseeswrapper.tlog\link.15664-rc.read.1.tlog
c:\trunk\win64-wrapper-dll\proj\openseeswrapper\x64\debug\openseeswrapper.tlog\link.15664-rc.write.1.tlog
c:\trunk\win64-wrapper-dll\proj\openseeswrapper\x64\debug\openseeswrapper.tlog\link.15664.read.1.tlog
c:\trunk\win64-wrapper-dll\proj\openseeswrapper\x64\debug\openseeswrapper.tlog\link.15664.write.1.tlog
c:\trunk\win64-wrapper-dll\proj\openseeswrapper\x64\debug\openseeswrapper.tlog\link.17984-cvtres.read.1.tlog
c:\trunk\win64-wrapper-dll\proj\openseeswrapper\x64\debug\openseeswrapper.tlog\link.17984-cvtres.write.1.tlog
c:\trunk\win64-wrapper-dll\proj\openseeswrapper\x64\debug\openseeswrapper.tlog\link.17984-rc.read.1.tlog
c:\trunk\win64-wrapper-dll\proj\openseeswrapper\x64\debug\openseeswrapper.tlog\link.17984-rc.write.1.tlog
c:\trunk\win64-wrapper-dll\proj\openseeswrapper\x64\debug\openseeswrapper.tlog\link.17984.read.1.tlog
c:\trunk\win64-wrapper-dll\proj\openseeswrapper\x64\debug\openseeswrapper.tlog\link.17984.write.1.tlog
c:\trunk\win64-wrapper-dll\proj\openseeswrapper\x64\debug\openseeswrapper.tlog\link.4140-cvtres.read.1.tlog
c:\trunk\win64-wrapper-dll\proj\openseeswrapper\x64\debug\openseeswrapper.tlog\link.4140-cvtres.write.1.tlog
c:\trunk\win64-wrapper-dll\proj\openseeswrapper\x64\debug\openseeswrapper.tlog\link.4140-rc.read.1.tlog
c:\trunk\win64-wrapper-dll\proj\openseeswrapper\x64\debug\openseeswrapper.tlog\link.4140-rc.write.1.tlog
c:\trunk\win64-wrapper-dll\proj\openseeswrapper\x64\debug\openseeswrapper.tlog\link.4140.read.1.tlog
c:\trunk\win64-wrapper-dll\proj\openseeswrapper\x64\debug\openseeswrapper.tlog\link.4140.write.1.tlog
c:\trunk\win64-wrapper-dll\proj\openseeswrapper\x64\debug\openseeswrapper.tlog\link.command.1.tlog
c:\trunk\win64-wrapper-dll\proj\openseeswrapper\x64\debug\openseeswrapper.tlog\link.read.1.tlog
c:\trunk\win64-wrapper-dll\proj\openseeswrapper\x64\debug\openseeswrapper.tlog\link.write.1.tlog
c:\trunk\win64-wrapper-dll\proj\openseeswrapper\x64\debug\openseeswrapper.tlog\metagen.read.1.tlog
c:\trunk\win64-wrapper-dll\proj\openseeswrapper\x64\debug\openseeswrapper.tlog\metagen.write.1.tlog
c:\trunk\win64-wrapper-dll\proj\openseeswrapper\x64\debug\openseeswrapper.tlog\rc.command.1.tlog
c:\trunk\win64-wrapper-dll\proj\openseeswrapper\x64\debug\openseeswrapper.tlog\rc.read.1.tlog
c:\trunk\win64-wrapper-dll\proj\openseeswrapper\x64\debug\openseeswrapper.tlog\rc.write.1.tlog
c:\trunk\win64-wrapper-dll\proj\openseeswrapper\x64\debug\openseeswrapper.tlog\tzres.dll.bi
