c:\git projects\opensees.net\opensees\win64\proj\openseeswrapper\x64\debug\opensees.net.x64.dll.pch
c:\git projects\opensees.net\opensees\win64\proj\openseeswrapper\x64\debug\vc142.pdb
c:\git projects\opensees.net\opensees\win64\proj\openseeswrapper\x64\debug\stdafx.obj
c:\git projects\opensees.net\opensees\win64\proj\openseeswrapper\x64\debug\loadwrapper.obj
c:\git projects\opensees.net\opensees\win64\proj\openseeswrapper\x64\debug\groudmotionwrapper.obj
c:\git projects\opensees.net\opensees\win64\proj\openseeswrapper\x64\debug\domainwrapper.obj
c:\git projects\opensees.net\opensees\win64\proj\openseeswrapper\x64\debug\basedomainwrapper.obj
c:\git projects\opensees.net\opensees\win64\proj\openseeswrapper\x64\debug\constraintwrapper.obj
c:\git projects\opensees.net\opensees\win64\proj\openseeswrapper\x64\debug\domaincomponentwrapper.obj
c:\git projects\opensees.net\opensees\win64\proj\openseeswrapper\x64\debug\damagemodelwrapper.obj
c:\git projects\opensees.net\opensees\win64\proj\openseeswrapper\x64\debug\convergencetestwrapper.obj
c:\git projects\opensees.net\opensees\win64\proj\openseeswrapper\x64\debug\assemblyinfo.obj
c:\git projects\opensees.net\opensees\win64\proj\openseeswrapper\x64\debug\dof_numbererwrapper.obj
c:\git projects\opensees.net\opensees\win64\proj\openseeswrapper\x64\debug\analysismodelwrapper.obj
c:\git projects\opensees.net\opensees\win64\proj\openseeswrapper\x64\debug\transientintegratorwrapper.obj
c:\git projects\opensees.net\opensees\win64\proj\openseeswrapper\x64\debug\staticintegratorwrapper.obj
c:\git projects\opensees.net\opensees\win64\proj\openseeswrapper\x64\debug\integratorwrapper.obj
c:\git projects\opensees.net\opensees\win64\proj\openseeswrapper\x64\debug\incrementalintegratorwrapper.obj
c:\git projects\opensees.net\opensees\win64\proj\openseeswrapper\x64\debug\constrainthandlerwrapper.obj
c:\git projects\opensees.net\opensees\win64\proj\openseeswrapper\x64\debug\analysiswrapper.obj
c:\git projects\opensees.net\opensees\win64\proj\openseeswrapper\x64\debug\linesearchwrapper.obj
c:\git projects\opensees.net\opensees\win64\proj\openseeswrapper\x64\debug\algorithmswrapper.obj
c:\git projects\opensees.net\opensees\win64\proj\openseeswrapper\x64\debug\acceleratorwrapper.obj
c:\git projects\opensees.net\opensees\win64\proj\openseeswrapper\x64\debug\ulbeamcolumnwrapper.obj
c:\git projects\opensees.net\opensees\win64\proj\openseeswrapper\x64\debug\trusswrapper.obj
c:\git projects\opensees.net\opensees\win64\proj\openseeswrapper\x64\debug\shellwrapper.obj
c:\git projects\opensees.net\opensees\win64\proj\openseeswrapper\x64\debug\quadwrapper.obj
c:\git projects\opensees.net\opensees\win64\proj\openseeswrapper\x64\debug\surfaceloadwrapper.obj
c:\git projects\opensees.net\opensees\win64\proj\openseeswrapper\x64\debug\quad4fiberoverlaywrapper.obj
c:\git projects\opensees.net\opensees\win64\proj\openseeswrapper\x64\debug\otherelementwrapper.obj
c:\git projects\opensees.net\opensees\win64\proj\openseeswrapper\x64\debug\externalelementwrapper.obj
c:\git projects\opensees.net\opensees\win64\proj\openseeswrapper\x64\debug\elementwrapper.obj
c:\git projects\opensees.net\opensees\win64\proj\openseeswrapper\x64\debug\crdtransfwrapper.obj
c:\git projects\opensees.net\opensees\win64\proj\openseeswrapper\x64\debug\catenarycablewrapper.obj
c:\git projects\opensees.net\opensees\win64\proj\openseeswrapper\x64\debug\brickwrapper.obj
c:\git projects\opensees.net\opensees\win64\proj\openseeswrapper\x64\debug\bearingwrapper.obj
c:\git projects\opensees.net\opensees\win64\proj\openseeswrapper\x64\debug\beamintegrationwrapper.obj
c:\git projects\opensees.net\opensees\win64\proj\openseeswrapper\x64\debug\beamcolumnwrapper.obj
c:\git projects\opensees.net\opensees\win64\proj\openseeswrapper\x64\debug\baseelementwrapper.obj
c:\git projects\opensees.net\opensees\win64\proj\openseeswrapper\x64\debug\adapterwrapper.obj
c:\git projects\opensees.net\opensees\win64\proj\openseeswrapper\x64\debug\timeserieswrapper.obj
c:\git projects\opensees.net\opensees\win64\proj\openseeswrapper\x64\debug\loadpatternwrapper.obj
c:\git projects\opensees.net\opensees\win64\proj\openseeswrapper\x64\debug\nodewrapper.obj
c:\git projects\opensees.net\opensees\win64\proj\openseeswrapper\x64\debug\ops.obj
c:\git projects\opensees.net\opensees\win64\proj\openseeswrapper\x64\debug\vectorwrapper.obj
c:\git projects\opensees.net\opensees\win64\proj\openseeswrapper\x64\debug\matrixwrapper.obj
c:\git projects\opensees.net\opensees\win64\proj\openseeswrapper\x64\debug\idwrapper.obj
c:\git projects\opensees.net\opensees\win64\proj\openseeswrapper\x64\debug\yieldsurfacewrapper.obj
c:\git projects\opensees.net\opensees\win64\proj\openseeswrapper\x64\debug\uniaxialmaterialwrapper.obj
c:\git projects\opensees.net\opensees\win64\proj\openseeswrapper\x64\debug\limitcurvewrapper.obj
c:\git projects\opensees.net\opensees\win64\proj\openseeswrapper\x64\debug\sectionforcedeformationwrapper.obj
c:\git projects\opensees.net\opensees\win64\proj\openseeswrapper\x64\debug\sectionrepreswrapper.obj
c:\git projects\opensees.net\opensees\win64\proj\openseeswrapper\x64\debug\reinflayerwrapper.obj
c:\git projects\opensees.net\opensees\win64\proj\openseeswrapper\x64\debug\patchwrapper.obj
c:\git projects\opensees.net\opensees\win64\proj\openseeswrapper\x64\debug\sectionintegrationwrapper.obj
c:\git projects\opensees.net\opensees\win64\proj\openseeswrapper\x64\debug\fiberwrapper.obj
c:\git projects\opensees.net\opensees\win64\proj\openseeswrapper\x64\debug\ndmaterialwrapper.obj
c:\git projects\opensees.net\opensees\win64\proj\openseeswrapper\x64\debug\materialwrapper.obj
c:\git projects\opensees.net\opensees\win64\proj\openseeswrapper\x64\debug\handlerwrapper.obj
c:\git projects\opensees.net\opensees\win64\proj\openseeswrapper\x64\debug\graphnumbererwrapper.obj
c:\git projects\opensees.net\opensees\win64\proj\openseeswrapper\x64\debug\zerolengthelementwrapper.obj
c:\git projects\opensees.net\opensees\win64\proj\openseeswrapper\x64\debug\coupledzerolengthwrapper.obj
c:\git projects\opensees.net\opensees\win64\proj\openseeswrapper\x64\debug\umfpackgenwrapper.obj
c:\git projects\opensees.net\opensees\win64\proj\openseeswrapper\x64\debug\systemofeqnwrapper.obj
c:\git projects\opensees.net\opensees\win64\proj\openseeswrapper\x64\debug\symbandeigenwrapper.obj
c:\git projects\opensees.net\opensees\win64\proj\openseeswrapper\x64\debug\sparsesymwrapper.obj
c:\git projects\opensees.net\opensees\win64\proj\openseeswrapper\x64\debug\sparsegenwrapper.obj
c:\git projects\opensees.net\opensees\win64\proj\openseeswrapper\x64\debug\solverwrapper.obj
c:\git projects\opensees.net\opensees\win64\proj\openseeswrapper\x64\debug\profilespdwrapper.obj
c:\git projects\opensees.net\opensees\win64\proj\openseeswrapper\x64\debug\linearsoewrapper.obj
c:\git projects\opensees.net\opensees\win64\proj\openseeswrapper\x64\debug\linearsoesolverwrapper.obj
c:\git projects\opensees.net\opensees\win64\proj\openseeswrapper\x64\debug\fullgenwrapper.obj
c:\git projects\opensees.net\opensees\win64\proj\openseeswrapper\x64\debug\eigensolverwrapper.obj
c:\git projects\opensees.net\opensees\win64\proj\openseeswrapper\x64\debug\eigensoewrapper.obj
c:\git projects\opensees.net\opensees\win64\proj\openseeswrapper\x64\debug\diagonalwrapper.obj
c:\git projects\opensees.net\opensees\win64\proj\openseeswrapper\x64\debug\bandspdwrapper.obj
c:\git projects\opensees.net\opensees\win64\proj\openseeswrapper\x64\debug\bandgenwrapper.obj
c:\git projects\opensees.net\opensees\win64\proj\openseeswrapper\x64\debug\arpacksoewrapper.obj
c:\git projects\opensees.net\opensees\win64\proj\openseeswrapper\x64\debug\responsewrapper_all.obj
c:\git projects\opensees.net\opensees\win64\proj\openseeswrapper\x64\debug\responsewrapper.obj
c:\git projects\opensees.net\opensees\win64\proj\openseeswrapper\x64\debug\recorderwrapper.obj
c:\git projects\opensees.net\opensees\win64\proj\openseeswrapper\x64\debug\informationwrapper.obj
c:\git projects\opensees.net\opensees\win64\proj\openseeswrapper\x64\debug\taggedobjectwrapper.obj
c:\git projects\opensees.net\opensees\win64\proj\openseeswrapper\x64\debug\uniaxialmaterialwrapper_all.obj
c:\git projects\opensees.net\opensees\win64\proj\openseeswrapper\x64\debug\.netframework,version=v4.0.assemblyattributes.obj
c:\git projects\opensees.net\opensees\win64\proj\openseeswrapper\x64\debug\.netframework,version=v4.0.assemblyattributes.asm
c:\git projects\opensees.net\opensees\win64\proj\openseeswrapper\x64\debug\app.res
c:\git projects\opensees.net\opensees\win64\proj\openseeswrapper\x64\debug\openseeswrapper.tlog\cl.command.1.tlog
c:\git projects\opensees.net\opensees\win64\proj\openseeswrapper\x64\debug\openseeswrapper.tlog\cl.read.1.tlog
c:\git projects\opensees.net\opensees\win64\proj\openseeswrapper\x64\debug\openseeswrapper.tlog\cl.write.1.tlog
c:\git projects\opensees.net\opensees\win64\proj\openseeswrapper\x64\debug\openseeswrapper.tlog\link.command.1.tlog
c:\git projects\opensees.net\opensees\win64\proj\openseeswrapper\x64\debug\openseeswrapper.tlog\link.read.1.tlog
c:\git projects\opensees.net\opensees\win64\proj\openseeswrapper\x64\debug\openseeswrapper.tlog\link.write.1.tlog
c:\git projects\opensees.net\opensees\win64\proj\openseeswrapper\x64\debug\openseeswrapper.tlog\metagen.read.1.tlog
c:\git projects\opensees.net\opensees\win64\proj\openseeswrapper\x64\debug\openseeswrapper.tlog\metagen.write.1.tlog
c:\git projects\opensees.net\opensees\win64\proj\openseeswrapper\x64\debug\openseeswrapper.tlog\rc.command.1.tlog
c:\git projects\opensees.net\opensees\win64\proj\openseeswrapper\x64\debug\openseeswrapper.tlog\rc.read.1.tlog
c:\git projects\opensees.net\opensees\win64\proj\openseeswrapper\x64\debug\openseeswrapper.tlog\rc.write.1.tlog
