c:\trunk\win32\proj\openseeswrapper\debug\vc141.pdb
c:\trunk\win32\proj\openseeswrapper\debug\taggedobjectwrapper.obj
c:\trunk\win32\proj\openseeswrapper\debug\uniaxialmaterialwrapper.obj
c:\trunk\win32\proj\openseeswrapper\debug\elasticmaterialwrapper.obj
c:\trunk\win32\proj\openseeswrapper\debug\materialwrapper.obj
c:\trunk\win32\proj\openseeswrapper\debug\trusswrapper.obj
c:\trunk\win32\proj\openseeswrapper\debug\elementwrapper.obj
c:\trunk\win32\proj\openseeswrapper\debug\timeserieswrapper.obj
c:\trunk\win32\proj\openseeswrapper\debug\linearserieswrapper.obj
c:\trunk\win32\proj\openseeswrapper\debug\nodewrapper.obj
c:\trunk\win32\proj\openseeswrapper\debug\domainwrapper.obj
c:\trunk\win32\proj\openseeswrapper\debug\sp_constraintwrapper.obj
c:\trunk\win32\proj\openseeswrapper\debug\domaincomponentwrapper.obj
c:\trunk\win32\proj\openseeswrapper\debug\ctestenergyincrwrapper.obj
c:\trunk\win32\proj\openseeswrapper\debug\convergencetestwrapper.obj
c:\trunk\win32\proj\openseeswrapper\debug\asx.obj
c:\trunk\win32\proj\openseeswrapper\debug\assemblyinfo.obj
c:\trunk\win32\proj\openseeswrapper\debug\solutionalgorithmwrapper.obj
c:\trunk\win32\proj\openseeswrapper\debug\linearwrapper.obj
c:\trunk\win32\proj\openseeswrapper\debug\equisolnalgowrapper.obj
c:\trunk\win32\proj\openseeswrapper\debug\loadpatternwrapper.obj
c:\trunk\win32\proj\openseeswrapper\debug\vectorwrapper.obj
c:\trunk\win32\proj\openseeswrapper\debug\nodalloadwrapper.obj
c:\trunk\win32\proj\openseeswrapper\debug\loadwrapper.obj
c:\trunk\win32\proj\openseeswrapper\debug\analysismodelwrapper.obj
c:\trunk\win32\proj\openseeswrapper\debug\integratorwrapper.obj
c:\trunk\win32\proj\openseeswrapper\debug\incrementalintegratorwrapper.obj
c:\trunk\win32\proj\openseeswrapper\debug\staticintegratorwrapper.obj
c:\trunk\win32\proj\openseeswrapper\debug\loadcontrolwrapper.obj
c:\trunk\win32\proj\openseeswrapper\debug\solverwrapper.obj
c:\trunk\win32\proj\openseeswrapper\debug\linearsoesolverwrapper.obj
c:\trunk\win32\proj\openseeswrapper\debug\bandspdlinlapacksolverwrapper.obj
c:\trunk\win32\proj\openseeswrapper\debug\systemofeqnwrapper.obj
c:\trunk\win32\proj\openseeswrapper\debug\linearsoewrapper.obj
c:\trunk\win32\proj\openseeswrapper\debug\bandspdlinsoewrapper.obj
c:\trunk\win32\proj\openseeswrapper\debug\bandspdlinsolverwrapper.obj
c:\trunk\win32\proj\openseeswrapper\debug\graphnumbererwrapper.obj
c:\trunk\win32\proj\openseeswrapper\debug\rcmwrapper.obj
c:\trunk\win32\proj\openseeswrapper\debug\dof_numbererwrapper.obj
c:\trunk\win32\proj\openseeswrapper\debug\constrainthandlerwrapper.obj
c:\trunk\win32\proj\openseeswrapper\debug\plainhandlerwrapper.obj
c:\trunk\win32\proj\openseeswrapper\debug\analysiswrapper.obj
c:\trunk\win32\proj\openseeswrapper\debug\staticanalysiswrapper.obj
c:\trunk\win32\proj\openseeswrapper\debug\openseeswrapper.pch
c:\trunk\win32\proj\openseeswrapper\debug\stdafx.obj
c:\trunk\win32\proj\openseeswrapper\debug\.netframework,version=v4.6.1.assemblyattributes.obj
c:\trunk\win32\proj\openseeswrapper\debug\.netframework,version=v4.6.1.assemblyattributes.asm
c:\trunk\win32\bin\openseeswrapper.dll
c:\trunk\win32\bin\openseeswrapper.pdb
c:\trunk\win32\bin\openseeswrapper.lib
c:\trunk\win32\bin\openseeswrapper.exp
c:\trunk\win32\proj\openseeswrapper\debug\app.res
c:\trunk\win32\proj\openseeswrapper\debug\openseeswrapper.vcxprojresolveassemblyreference.cache
c:\trunk\win32\proj\openseeswrapper\debug\openseeswrapper.tlog\cl.command.1.tlog
c:\trunk\win32\proj\openseeswrapper\debug\openseeswrapper.tlog\cl.read.1.tlog
c:\trunk\win32\proj\openseeswrapper\debug\openseeswrapper.tlog\cl.write.1.tlog
c:\trunk\win32\proj\openseeswrapper\debug\openseeswrapper.tlog\link.12456-cvtres.read.1.tlog
c:\trunk\win32\proj\openseeswrapper\debug\openseeswrapper.tlog\link.12456-cvtres.write.1.tlog
c:\trunk\win32\proj\openseeswrapper\debug\openseeswrapper.tlog\link.12456-rc.read.1.tlog
c:\trunk\win32\proj\openseeswrapper\debug\openseeswrapper.tlog\link.12456-rc.write.1.tlog
c:\trunk\win32\proj\openseeswrapper\debug\openseeswrapper.tlog\link.12456.read.1.tlog
c:\trunk\win32\proj\openseeswrapper\debug\openseeswrapper.tlog\link.12456.write.1.tlog
c:\trunk\win32\proj\openseeswrapper\debug\openseeswrapper.tlog\link.4788-cvtres.read.1.tlog
c:\trunk\win32\proj\openseeswrapper\debug\openseeswrapper.tlog\link.4788-cvtres.write.1.tlog
c:\trunk\win32\proj\openseeswrapper\debug\openseeswrapper.tlog\link.4788-rc.read.1.tlog
c:\trunk\win32\proj\openseeswrapper\debug\openseeswrapper.tlog\link.4788-rc.write.1.tlog
c:\trunk\win32\proj\openseeswrapper\debug\openseeswrapper.tlog\link.4788.read.1.tlog
c:\trunk\win32\proj\openseeswrapper\debug\openseeswrapper.tlog\link.4788.write.1.tlog
c:\trunk\win32\proj\openseeswrapper\debug\openseeswrapper.tlog\link.command.1.tlog
c:\trunk\win32\proj\openseeswrapper\debug\openseeswrapper.tlog\link.read.1.tlog
c:\trunk\win32\proj\openseeswrapper\debug\openseeswrapper.tlog\link.write.1.tlog
c:\trunk\win32\proj\openseeswrapper\debug\openseeswrapper.tlog\metagen.read.1.tlog
c:\trunk\win32\proj\openseeswrapper\debug\openseeswrapper.tlog\metagen.write.1.tlog
c:\trunk\win32\proj\openseeswrapper\debug\openseeswrapper.tlog\openseeswrapper.write.1u.tlog
c:\trunk\win32\proj\openseeswrapper\debug\openseeswrapper.tlog\rc.command.1.tlog
c:\trunk\win32\proj\openseeswrapper\debug\openseeswrapper.tlog\rc.read.1.tlog
c:\trunk\win32\proj\openseeswrapper\debug\openseeswrapper.tlog\rc.write.1.tlog
c:\trunk\win32\proj\openseeswrapper\debug\openseeswrapper.tlog\tzres.dll.bi
