c:\trunk\win64-wrapper-dll\proj\openseeswrapper\x64\release\opensees.net.x64.pch
c:\trunk\win64-wrapper-dll\proj\openseeswrapper\x64\release\vc141.pdb
c:\trunk\win64-wrapper-dll\proj\openseeswrapper\x64\release\stdafx.obj
c:\trunk\win64-wrapper-dll\proj\openseeswrapper\x64\release\ctestenergyincrwrapper.obj
c:\trunk\win64-wrapper-dll\proj\openseeswrapper\x64\release\convergencetestwrapper.obj
c:\trunk\win64-wrapper-dll\proj\openseeswrapper\x64\release\assemblyinfo.obj
c:\trunk\win64-wrapper-dll\proj\openseeswrapper\x64\release\dof_numbererwrapper.obj
c:\trunk\win64-wrapper-dll\proj\openseeswrapper\x64\release\analysismodelwrapper.obj
c:\trunk\win64-wrapper-dll\proj\openseeswrapper\x64\release\transientintegratorwrapper.obj
c:\trunk\win64-wrapper-dll\proj\openseeswrapper\x64\release\staticintegratorwrapper.obj
c:\trunk\win64-wrapper-dll\proj\openseeswrapper\x64\release\loadcontrolwrapper.obj
c:\trunk\win64-wrapper-dll\proj\openseeswrapper\x64\release\integratorwrapper.obj
c:\trunk\win64-wrapper-dll\proj\openseeswrapper\x64\release\incrementalintegratorwrapper.obj
c:\trunk\win64-wrapper-dll\proj\openseeswrapper\x64\release\transformationconstrainthandlerwrapper.obj
c:\trunk\win64-wrapper-dll\proj\openseeswrapper\x64\release\plainhandlerwrapper.obj
c:\trunk\win64-wrapper-dll\proj\openseeswrapper\x64\release\constrainthandlerwrapper.obj
c:\trunk\win64-wrapper-dll\proj\openseeswrapper\x64\release\transientanalysiswrapper.obj
c:\trunk\win64-wrapper-dll\proj\openseeswrapper\x64\release\staticanalysiswrapper.obj
c:\trunk\win64-wrapper-dll\proj\openseeswrapper\x64\release\directintegrationanalysiswrapper.obj
c:\trunk\win64-wrapper-dll\proj\openseeswrapper\x64\release\analysiswrapper.obj
c:\trunk\win64-wrapper-dll\proj\openseeswrapper\x64\release\solutionalgorithmwrapper.obj
c:\trunk\win64-wrapper-dll\proj\openseeswrapper\x64\release\linearwrapper.obj
c:\trunk\win64-wrapper-dll\proj\openseeswrapper\x64\release\equisolnalgowrapper.obj
c:\trunk\win64-wrapper-dll\proj\openseeswrapper\x64\release\elasticbeam2dwrapper.obj
c:\trunk\win64-wrapper-dll\proj\openseeswrapper\x64\release\dispbeamcolumn3dwrapper.obj
c:\trunk\win64-wrapper-dll\proj\openseeswrapper\x64\release\beamintegrationwrapper.obj
c:\trunk\win64-wrapper-dll\proj\openseeswrapper\x64\release\trapezoidaltimeseriesintegratorwrapper.obj
c:\trunk\win64-wrapper-dll\proj\openseeswrapper\x64\release\timeserieswrapper.obj
c:\trunk\win64-wrapper-dll\proj\openseeswrapper\x64\release\timeseriesintegratorwrapper.obj
c:\trunk\win64-wrapper-dll\proj\openseeswrapper\x64\release\pathtimeserieswrapper.obj
c:\trunk\win64-wrapper-dll\proj\openseeswrapper\x64\release\pathserieswrapper.obj
c:\trunk\win64-wrapper-dll\proj\openseeswrapper\x64\release\linearserieswrapper.obj
c:\trunk\win64-wrapper-dll\proj\openseeswrapper\x64\release\uniformexcitationwrapper.obj
c:\trunk\win64-wrapper-dll\proj\openseeswrapper\x64\release\loadpatternwrapper.obj
c:\trunk\win64-wrapper-dll\proj\openseeswrapper\x64\release\earthquakepatternwrapper.obj
c:\trunk\win64-wrapper-dll\proj\openseeswrapper\x64\release\nodewrapper.obj
c:\trunk\win64-wrapper-dll\proj\openseeswrapper\x64\release\nodalloadwrapper.obj
c:\trunk\win64-wrapper-dll\proj\openseeswrapper\x64\release\loadwrapper.obj
c:\trunk\win64-wrapper-dll\proj\openseeswrapper\x64\release\groudmotionwrapper.obj
c:\trunk\win64-wrapper-dll\proj\openseeswrapper\x64\release\domainwrapper.obj
c:\trunk\win64-wrapper-dll\proj\openseeswrapper\x64\release\sp_constraintwrapper.obj
c:\trunk\win64-wrapper-dll\proj\openseeswrapper\x64\release\domaincomponentwrapper.obj
c:\trunk\win64-wrapper-dll\proj\openseeswrapper\x64\release\ctestnormdispincrwrapper.obj
c:\trunk\win64-wrapper-dll\proj\openseeswrapper\x64\release\quadpatchfiber3dwrapper.obj
c:\trunk\win64-wrapper-dll\proj\openseeswrapper\x64\release\fiberwrapper.obj
c:\trunk\win64-wrapper-dll\proj\openseeswrapper\x64\release\fibersection3dwrapper.obj
c:\trunk\win64-wrapper-dll\proj\openseeswrapper\x64\release\fibersection2dwrapper.obj
c:\trunk\win64-wrapper-dll\proj\openseeswrapper\x64\release\elasticsection3dwrapper.obj
c:\trunk\win64-wrapper-dll\proj\openseeswrapper\x64\release\ndmaterialwrapper.obj
c:\trunk\win64-wrapper-dll\proj\openseeswrapper\x64\release\elasticisotropicmaterialwrapper.obj
c:\trunk\win64-wrapper-dll\proj\openseeswrapper\x64\release\materialwrapper.obj
c:\trunk\win64-wrapper-dll\proj\openseeswrapper\x64\release\rcmwrapper.obj
c:\trunk\win64-wrapper-dll\proj\openseeswrapper\x64\release\graphnumbererwrapper.obj
c:\trunk\win64-wrapper-dll\proj\openseeswrapper\x64\release\trusswrapper.obj
c:\trunk\win64-wrapper-dll\proj\openseeswrapper\x64\release\fournodequad3dwrapper.obj
c:\trunk\win64-wrapper-dll\proj\openseeswrapper\x64\release\elementwrapper.obj
c:\trunk\win64-wrapper-dll\proj\openseeswrapper\x64\release\pdeltacrdtransf2dwrapper.obj
c:\trunk\win64-wrapper-dll\proj\openseeswrapper\x64\release\linearcrdtransf2dwrapper.obj
c:\trunk\win64-wrapper-dll\proj\openseeswrapper\x64\release\crdtransfwrapper.obj
c:\trunk\win64-wrapper-dll\proj\openseeswrapper\x64\release\corotcrdtransf2dwrapper.obj
c:\trunk\win64-wrapper-dll\proj\openseeswrapper\x64\release\allcrdtransf3dwrapper.obj
c:\trunk\win64-wrapper-dll\proj\openseeswrapper\x64\release\forcebeamcolumn3dwrapper.obj
c:\trunk\win64-wrapper-dll\proj\openseeswrapper\x64\release\forcebeamcolumn2dwrapper.obj
c:\trunk\win64-wrapper-dll\proj\openseeswrapper\x64\release\vectorwrapper.obj
c:\trunk\win64-wrapper-dll\proj\openseeswrapper\x64\release\matrixwrapper.obj
c:\trunk\win64-wrapper-dll\proj\openseeswrapper\x64\release\uniaxialmaterialwrapper.obj
c:\trunk\win64-wrapper-dll\proj\openseeswrapper\x64\release\steel02wrapper.obj
c:\trunk\win64-wrapper-dll\proj\openseeswrapper\x64\release\steel01wrapper.obj
c:\trunk\win64-wrapper-dll\proj\openseeswrapper\x64\release\minmaxwrapper.obj
c:\trunk\win64-wrapper-dll\proj\openseeswrapper\x64\release\elasticmaterialwrapper.obj
c:\trunk\win64-wrapper-dll\proj\openseeswrapper\x64\release\concrete02wrapper.obj
c:\trunk\win64-wrapper-dll\proj\openseeswrapper\x64\release\concrete01wrapper.obj
c:\trunk\win64-wrapper-dll\proj\openseeswrapper\x64\release\sectionforcedeformationwrapper.obj
c:\trunk\win64-wrapper-dll\proj\openseeswrapper\x64\release\sectionrepreswrapper.obj
c:\trunk\win64-wrapper-dll\proj\openseeswrapper\x64\release\fibersectionreprwrapper.obj
c:\trunk\win64-wrapper-dll\proj\openseeswrapper\x64\release\straightreinflayerwrapper.obj
c:\trunk\win64-wrapper-dll\proj\openseeswrapper\x64\release\reinflayerwrapper.obj
c:\trunk\win64-wrapper-dll\proj\openseeswrapper\x64\release\circreinflayerwrapper.obj
c:\trunk\win64-wrapper-dll\proj\openseeswrapper\x64\release\quadpatchwrapper.obj
c:\trunk\win64-wrapper-dll\proj\openseeswrapper\x64\release\patchwrapper.obj
c:\trunk\win64-wrapper-dll\proj\openseeswrapper\x64\release\circpatchwrapper.obj
c:\trunk\win64-wrapper-dll\proj\openseeswrapper\x64\release\uniaxialfiber3dwrapper.obj
c:\trunk\win64-wrapper-dll\proj\openseeswrapper\x64\release\uniaxialfiber2dwrapper.obj
c:\trunk\win64-wrapper-dll\proj\openseeswrapper\x64\release\taggedobjectwrapper.obj
c:\trunk\win64-wrapper-dll\proj\openseeswrapper\x64\release\systemofeqnwrapper.obj
c:\trunk\win64-wrapper-dll\proj\openseeswrapper\x64\release\symbandeigensolverwrapper.obj
c:\trunk\win64-wrapper-dll\proj\openseeswrapper\x64\release\symbandeigensoewrapper.obj
c:\trunk\win64-wrapper-dll\proj\openseeswrapper\x64\release\solverwrapper.obj
c:\trunk\win64-wrapper-dll\proj\openseeswrapper\x64\release\profilespdlinsolverwrapper.obj
c:\trunk\win64-wrapper-dll\proj\openseeswrapper\x64\release\profilespdlinsoewrapper.obj
c:\trunk\win64-wrapper-dll\proj\openseeswrapper\x64\release\profilespdlindirectsolverwrapper.obj
c:\trunk\win64-wrapper-dll\proj\openseeswrapper\x64\release\linearsoewrapper.obj
c:\trunk\win64-wrapper-dll\proj\openseeswrapper\x64\release\linearsoesolverwrapper.obj
c:\trunk\win64-wrapper-dll\proj\openseeswrapper\x64\release\fullgeneigensolverwrapper.obj
c:\trunk\win64-wrapper-dll\proj\openseeswrapper\x64\release\fullgeneigensoewrapper.obj
c:\trunk\win64-wrapper-dll\proj\openseeswrapper\x64\release\eigensolverwrapper.obj
c:\trunk\win64-wrapper-dll\proj\openseeswrapper\x64\release\eigensoewrapper.obj
c:\trunk\win64-wrapper-dll\proj\openseeswrapper\x64\release\bandspdlinsolverwrapper.obj
c:\trunk\win64-wrapper-dll\proj\openseeswrapper\x64\release\bandspdlinsoewrapper.obj
c:\trunk\win64-wrapper-dll\proj\openseeswrapper\x64\release\bandspdlinlapacksolverwrapper.obj
c:\trunk\win64-wrapper-dll\proj\openseeswrapper\x64\release\arpacksoewrapper.obj
c:\trunk\win64-wrapper-dll\proj\openseeswrapper\x64\release\.netframework,version=v4.6.1.assemblyattributes.obj
c:\trunk\win64-wrapper-dll\proj\openseeswrapper\x64\release\.netframework,version=v4.6.1.assemblyattributes.asm
c:\trunk\win64-wrapper-dll\bin\opensees.net.x64.dll
c:\trunk\win64-wrapper-dll\x64\release\opensees.net.x64.pdb
c:\trunk\win64-wrapper-dll\proj\openseeswrapper\x64\release\app.res
c:\trunk\win64-wrapper-dll\proj\openseeswrapper\x64\release\openseeswrapper.vcxprojresolveassemblyreference.cache
c:\trunk\win64-wrapper-dll\x64\release\opensees.net.x64.dll
c:\trunk\win64-wrapper-dll\proj\openseeswrapper\x64\release\openseeswrapper.tlog\cl.command.1.tlog
c:\trunk\win64-wrapper-dll\proj\openseeswrapper\x64\release\openseeswrapper.tlog\cl.read.1.tlog
c:\trunk\win64-wrapper-dll\proj\openseeswrapper\x64\release\openseeswrapper.tlog\cl.write.1.tlog
c:\trunk\win64-wrapper-dll\proj\openseeswrapper\x64\release\openseeswrapper.tlog\link.command.1.tlog
c:\trunk\win64-wrapper-dll\proj\openseeswrapper\x64\release\openseeswrapper.tlog\link.read.1.tlog
c:\trunk\win64-wrapper-dll\proj\openseeswrapper\x64\release\openseeswrapper.tlog\link.write.1.tlog
c:\trunk\win64-wrapper-dll\proj\openseeswrapper\x64\release\openseeswrapper.tlog\metagen.read.1.tlog
c:\trunk\win64-wrapper-dll\proj\openseeswrapper\x64\release\openseeswrapper.tlog\metagen.write.1.tlog
c:\trunk\win64-wrapper-dll\proj\openseeswrapper\x64\release\openseeswrapper.tlog\rc.command.1.tlog
c:\trunk\win64-wrapper-dll\proj\openseeswrapper\x64\release\openseeswrapper.tlog\rc.read.1.tlog
c:\trunk\win64-wrapper-dll\proj\openseeswrapper\x64\release\openseeswrapper.tlog\rc.write.1.tlog
c:\trunk\win64-wrapper-dll\proj\openseeswrapper\x64\release\openseeswrapper.tlog\tzres.dll.bi
