c:\users\thato\documents\github\opensees\win64\obj\parallelmanyinterpreters\debug\vc142.pdb
c:\users\thato\documents\github\opensees\win64\proj\openseesmp\x64\debug\mycommands.sbr
c:\users\thato\documents\github\opensees\win64\proj\openseesmp\x64\debug\tclmodelbuilder.sbr
c:\users\thato\documents\github\opensees\win64\proj\openseesmp\x64\debug\tclsectiontester.sbr
c:\users\thato\documents\github\opensees\win64\proj\openseesmp\x64\debug\tcluniaxialmaterialtester.sbr
c:\users\thato\documents\github\opensees\win64\proj\openseesmp\x64\debug\mpiparametermain.sbr
c:\users\thato\documents\github\opensees\win64\proj\openseesmp\x64\debug\tclfeviewer.sbr
c:\users\thato\documents\github\opensees\win64\proj\openseesmp\x64\debug\tclmain.sbr
c:\users\thato\documents\github\opensees\win64\proj\openseesmp\x64\debug\tclvideoplayer.sbr
c:\users\thato\documents\github\opensees\win64\obj\parallelmanyinterpreters\debug\tclvideoplayer.obj
c:\users\thato\documents\github\opensees\win64\obj\parallelmanyinterpreters\debug\tclmain.obj
c:\users\thato\documents\github\opensees\win64\obj\parallelmanyinterpreters\debug\tclfeviewer.obj
c:\users\thato\documents\github\opensees\win64\obj\parallelmanyinterpreters\debug\mpiparametermain.obj
c:\users\thato\documents\github\opensees\win64\obj\parallelmanyinterpreters\debug\tcluniaxialmaterialtester.obj
c:\users\thato\documents\github\opensees\win64\obj\parallelmanyinterpreters\debug\tclsectiontester.obj
c:\users\thato\documents\github\opensees\win64\obj\parallelmanyinterpreters\debug\tclmodelbuilder.obj
c:\users\thato\documents\github\opensees\win64\obj\parallelmanyinterpreters\debug\mycommands.obj
c:\users\thato\documents\github\opensees\win64\proj\openseesmp\x64\debug\openseesmp.tlog\cl.command.1.tlog
c:\users\thato\documents\github\opensees\win64\proj\openseesmp\x64\debug\openseesmp.tlog\cl.read.1.tlog
c:\users\thato\documents\github\opensees\win64\proj\openseesmp\x64\debug\openseesmp.tlog\cl.write.1.tlog
