The system is: Darwin - 21.6.0 - x86_64
Compiling the C compiler identification source file "CMakeCCompilerId.c" succeeded.
Compiler: /Applications/Xcode_13.4.1.app/Contents/Developer/Toolchains/XcodeDefault.xctoolchain/usr/bin/cc 
Build flags: 
Id flags: -c 

The output was:
0


Compilation of the C compiler identification source "CMakeCCompilerId.c" produced "CMakeCCompilerId.o"

The C compiler identification is AppleClang, found in "/Users/runner/work/OpenSees/OpenSees/build/CMakeFiles/3.23.2/CompilerIdC/CMakeCCompilerId.o"

Compiling the CXX compiler identification source file "CMakeCXXCompilerId.cpp" succeeded.
Compiler: /Applications/Xcode_13.4.1.app/Contents/Developer/Toolchains/XcodeDefault.xctoolchain/usr/bin/c++ 
Build flags: 
Id flags: -c 

The output was:
0


Compilation of the CXX compiler identification source "CMakeCXXCompilerId.cpp" produced "CMakeCXXCompilerId.o"

The CXX compiler identification is AppleClang, found in "/Users/runner/work/OpenSees/OpenSees/build/CMakeFiles/3.23.2/CompilerIdCXX/CMakeCXXCompilerId.o"

Compiling the Fortran compiler identification source file "CMakeFortranCompilerId.F" succeeded.
Compiler: /usr/local/bin/gfortran 
Build flags: 
Id flags: -v 

The output was:
0
Driving: /usr/local/bin/gfortran -v CMakeFortranCompilerId.F -mmacosx-version-min=12.5.0 -asm_macosx_version_min=12.5 -nodefaultexport -l gfortran -shared-libgcc
Using built-in specs.
COLLECT_GCC=/usr/local/bin/gfortran
COLLECT_LTO_WRAPPER=/usr/local/Cellar/gcc/11.3.0_2/bin/../libexec/gcc/x86_64-apple-darwin21/11/lto-wrapper
Target: x86_64-apple-darwin21
Configured with: ../configure --prefix=/usr/local/opt/gcc --libdir=/usr/local/opt/gcc/lib/gcc/11 --disable-nls --enable-checking=release --with-gcc-major-version-only --enable-languages=c,c++,objc,obj-c++,fortran,d --program-suffix=-11 --with-gmp=/usr/local/opt/gmp --with-mpfr=/usr/local/opt/mpfr --with-mpc=/usr/local/opt/libmpc --with-isl=/usr/local/opt/isl --with-zstd=/usr/local/opt/zstd --with-pkgversion='Homebrew GCC 11.3.0_2' --with-bugurl=https://github.com/Homebrew/homebrew-core/issues --enable-libphobos --build=x86_64-apple-darwin21 --with-system-zlib --with-sysroot=/Library/Developer/CommandLineTools/SDKs/MacOSX12.sdk
Thread model: posix
Supported LTO compression algorithms: zlib zstd
gcc version 11.3.0 (Homebrew GCC 11.3.0_2) 
COLLECT_GCC_OPTIONS='-v' '-mmacosx-version-min=12.5.0' '-asm_macosx_version_min=12.5' '-nodefaultexport' '-shared-libgcc' '-mtune=core2' '-dumpdir' 'a-'
 /usr/local/Cellar/gcc/11.3.0_2/bin/../libexec/gcc/x86_64-apple-darwin21/11/f951 CMakeFortranCompilerId.F -ffixed-form -cpp=/var/folders/24/8k48jl6d249_n_qfxwsl6xvm0000gn/T//ccIdlLB5.f90 -quiet -v -iprefix /usr/local/Cellar/gcc/11.3.0_2/bin/../lib/gcc/11/gcc/x86_64-apple-darwin21/11/ -D__DYNAMIC__ CMakeFortranCompilerId.F -fPIC -quiet -dumpdir a- -dumpbase CMakeFortranCompilerId.F -dumpbase-ext .F -mmacosx-version-min=12.5.0 -mtune=core2 -version -fintrinsic-modules-path /usr/local/Cellar/gcc/11.3.0_2/bin/../lib/gcc/11/gcc/x86_64-apple-darwin21/11/finclude -o /var/folders/24/8k48jl6d249_n_qfxwsl6xvm0000gn/T//ccTEBAoK.s
GNU Fortran (Homebrew GCC 11.3.0_2) version 11.3.0 (x86_64-apple-darwin21)
	compiled by GNU C version 11.3.0, GMP version 6.2.1, MPFR version 4.1.0, MPC version 1.2.1, isl version isl-0.25-GMP

GGC heuristics: --param ggc-min-expand=100 --param ggc-min-heapsize=131072
ignoring nonexistent directory "/usr/local/Cellar/gcc/11.3.0_2/bin/../lib/gcc/11/gcc/x86_64-apple-darwin21/11/../../../../../../x86_64-apple-darwin21/include"
ignoring duplicate directory "/usr/local/Cellar/gcc/11.3.0_2/bin/../lib/gcc/11/gcc/../../../../lib/gcc/11/gcc/x86_64-apple-darwin21/11/include"
ignoring nonexistent directory "/Library/Developer/CommandLineTools/SDKs/MacOSX12.sdk/usr/local/include"
ignoring duplicate directory "/usr/local/Cellar/gcc/11.3.0_2/bin/../lib/gcc/11/gcc/../../../../lib/gcc/11/gcc/x86_64-apple-darwin21/11/include-fixed"
ignoring nonexistent directory "/usr/local/Cellar/gcc/11.3.0_2/bin/../lib/gcc/11/gcc/../../../../lib/gcc/11/gcc/x86_64-apple-darwin21/11/../../../../../../x86_64-apple-darwin21/include"
#include "..." search starts here:
#include <...> search starts here:
 /usr/local/Cellar/gcc/11.3.0_2/bin/../lib/gcc/11/gcc/x86_64-apple-darwin21/11/finclude
 /usr/local/Cellar/gcc/11.3.0_2/bin/../lib/gcc/11/gcc/x86_64-apple-darwin21/11/include
 /usr/local/Cellar/gcc/11.3.0_2/bin/../lib/gcc/11/gcc/x86_64-apple-darwin21/11/include-fixed
 /Library/Developer/CommandLineTools/SDKs/MacOSX12.sdk/usr/include
End of search list.
GNU Fortran2008 (Homebrew GCC 11.3.0_2) version 11.3.0 (x86_64-apple-darwin21)
	compiled by GNU C version 11.3.0, GMP version 6.2.1, MPFR version 4.1.0, MPC version 1.2.1, isl version isl-0.25-GMP

GGC heuristics: --param ggc-min-expand=100 --param ggc-min-heapsize=131072
COLLECT_GCC_OPTIONS='-v' '-mmacosx-version-min=12.5.0'  '-nodefaultexport' '-shared-libgcc' '-mtune=core2' '-dumpdir' 'a-'
 as -arch x86_64 -v -mmacosx-version-min=12.5 -mllvm -x86-pad-for-align=false -force_cpusubtype_ALL -o /var/folders/24/8k48jl6d249_n_qfxwsl6xvm0000gn/T//ccmkGZvZ.o /var/folders/24/8k48jl6d249_n_qfxwsl6xvm0000gn/T//ccTEBAoK.s
Apple clang version 13.1.6 (clang-1316.0.21.2.5)
Target: x86_64-apple-darwin21.6.0
Thread model: posix
InstalledDir: /Applications/Xcode_13.4.1.app/Contents/Developer/Toolchains/XcodeDefault.xctoolchain/usr/bin
 "/Applications/Xcode_13.4.1.app/Contents/Developer/Toolchains/XcodeDefault.xctoolchain/usr/bin/clang" -cc1as -triple x86_64-apple-macosx12.5.0 -filetype obj -main-file-name ccTEBAoK.s -target-cpu penryn -fdebug-compilation-dir=/Users/runner/work/OpenSees/OpenSees/build/CMakeFiles/3.23.2/CompilerIdFortran -dwarf-debug-producer "Apple clang version 13.1.6 (clang-1316.0.21.2.5)" -dwarf-version=4 -mrelocation-model pic --mrelax-relocations -mllvm -x86-pad-for-align=false -mllvm -disable-aligned-alloc-awareness=1 -o /var/folders/24/8k48jl6d249_n_qfxwsl6xvm0000gn/T//ccmkGZvZ.o /var/folders/24/8k48jl6d249_n_qfxwsl6xvm0000gn/T//ccTEBAoK.s
Reading specs from /usr/local/Cellar/gcc/11.3.0_2/bin/../lib/gcc/11/gcc/x86_64-apple-darwin21/11/../../../libgfortran.spec
rename spec lib to liborig
COLLECT_GCC_OPTIONS='-v' '-mmacosx-version-min=12.5.0'  '-nodefaultexport' '-shared-libgcc' '-mtune=core2' '-dumpdir' 'a-'
COMPILER_PATH=/usr/local/Cellar/gcc/11.3.0_2/bin/../libexec/gcc/x86_64-apple-darwin21/11/:/usr/local/Cellar/gcc/11.3.0_2/bin/../libexec/gcc/
LIBRARY_PATH=/usr/local/Cellar/gcc/11.3.0_2/bin/../lib/gcc/11/gcc/x86_64-apple-darwin21/11/:/usr/local/Cellar/gcc/11.3.0_2/bin/../lib/gcc/11/gcc/:/usr/local/Cellar/gcc/11.3.0_2/bin/../lib/gcc/11/gcc/x86_64-apple-darwin21/11/../../../
COLLECT_GCC_OPTIONS='-v' '-mmacosx-version-min=12.5.0'  '-nodefaultexport' '-shared-libgcc' '-mtune=core2' '-dumpdir' 'a.'
 /usr/local/Cellar/gcc/11.3.0_2/bin/../libexec/gcc/x86_64-apple-darwin21/11/collect2 -syslibroot /Library/Developer/CommandLineTools/SDKs/MacOSX12.sdk/ -dynamic -arch x86_64 -macosx_version_min 12.5.0 -o a.out -L/usr/local/Cellar/gcc/11.3.0_2/bin/../lib/gcc/11/gcc/x86_64-apple-darwin21/11 -L/usr/local/Cellar/gcc/11.3.0_2/bin/../lib/gcc/11/gcc -L/usr/local/Cellar/gcc/11.3.0_2/bin/../lib/gcc/11/gcc/x86_64-apple-darwin21/11/../../.. /var/folders/24/8k48jl6d249_n_qfxwsl6xvm0000gn/T//ccmkGZvZ.o -lgfortran -lemutls_w -lgcc -lquadmath -lm -lemutls_w -lgcc -lSystem -no_compact_unwind


Compilation of the Fortran compiler identification source "CMakeFortranCompilerId.F" produced "a.out"

The Fortran compiler identification is GNU, found in "/Users/runner/work/OpenSees/OpenSees/build/CMakeFiles/3.23.2/CompilerIdFortran/a.out"

Detecting C compiler ABI info compiled with the following output:
Change Dir: /Users/runner/work/OpenSees/OpenSees/build/CMakeFiles/CMakeTmp

Run Build Command(s):/usr/bin/make -f Makefile cmTC_cdabe/fast && /Applications/Xcode_13.4.1.app/Contents/Developer/usr/bin/make  -f CMakeFiles/cmTC_cdabe.dir/build.make CMakeFiles/cmTC_cdabe.dir/build
Building C object CMakeFiles/cmTC_cdabe.dir/CMakeCCompilerABI.c.o
/Applications/Xcode_13.4.1.app/Contents/Developer/Toolchains/XcodeDefault.xctoolchain/usr/bin/cc   -isysroot /Applications/Xcode_13.4.1.app/Contents/Developer/Platforms/MacOSX.platform/Developer/SDKs/MacOSX12.3.sdk   -v -Wl,-v -MD -MT CMakeFiles/cmTC_cdabe.dir/CMakeCCompilerABI.c.o -MF CMakeFiles/cmTC_cdabe.dir/CMakeCCompilerABI.c.o.d -o CMakeFiles/cmTC_cdabe.dir/CMakeCCompilerABI.c.o -c /usr/local/Cellar/cmake/3.23.2/share/cmake/Modules/CMakeCCompilerABI.c
Apple clang version 13.1.6 (clang-1316.0.21.2.5)
Target: x86_64-apple-darwin21.6.0
Thread model: posix
InstalledDir: /Applications/Xcode_13.4.1.app/Contents/Developer/Toolchains/XcodeDefault.xctoolchain/usr/bin
clang: warning: -Wl,-v: 'linker' input unused [-Wunused-command-line-argument]
 "/Applications/Xcode_13.4.1.app/Contents/Developer/Toolchains/XcodeDefault.xctoolchain/usr/bin/clang" -cc1 -triple x86_64-apple-macosx12.0.0 -Wundef-prefix=TARGET_OS_ -Wdeprecated-objc-isa-usage -Werror=deprecated-objc-isa-usage -Werror=implicit-function-declaration -emit-obj -mrelax-all --mrelax-relocations -disable-free -disable-llvm-verifier -discard-value-names -main-file-name CMakeCCompilerABI.c -mrelocation-model pic -pic-level 2 -mframe-pointer=all -fno-strict-return -fno-rounding-math -munwind-tables -target-sdk-version=12.3 -fvisibility-inlines-hidden-static-local-var -target-cpu penryn -tune-cpu generic -debugger-tuning=lldb -target-linker-version 763 -v -resource-dir /Applications/Xcode_13.4.1.app/Contents/Developer/Toolchains/XcodeDefault.xctoolchain/usr/lib/clang/13.1.6 -dependency-file CMakeFiles/cmTC_cdabe.dir/CMakeCCompilerABI.c.o.d -skip-unused-modulemap-deps -MT CMakeFiles/cmTC_cdabe.dir/CMakeCCompilerABI.c.o -sys-header-deps -isysroot /Applications/Xcode_13.4.1.app/Contents/Developer/Platforms/MacOSX.platform/Developer/SDKs/MacOSX12.3.sdk -internal-isystem /Applications/Xcode_13.4.1.app/Contents/Developer/Platforms/MacOSX.platform/Developer/SDKs/MacOSX12.3.sdk/usr/local/include -internal-isystem /Applications/Xcode_13.4.1.app/Contents/Developer/Toolchains/XcodeDefault.xctoolchain/usr/lib/clang/13.1.6/include -internal-externc-isystem /Applications/Xcode_13.4.1.app/Contents/Developer/Platforms/MacOSX.platform/Developer/SDKs/MacOSX12.3.sdk/usr/include -internal-externc-isystem /Applications/Xcode_13.4.1.app/Contents/Developer/Toolchains/XcodeDefault.xctoolchain/usr/include -Wno-reorder-init-list -Wno-implicit-int-float-conversion -Wno-c99-designator -Wno-final-dtor-non-final-class -Wno-extra-semi-stmt -Wno-misleading-indentation -Wno-quoted-include-in-framework-header -Wno-implicit-fallthrough -Wno-enum-enum-conversion -Wno-enum-float-conversion -Wno-elaborated-enum-base -Wno-reserved-identifier -Wno-gnu-folding-constant -Wno-objc-load-method -fdebug-compilation-dir=/Users/runner/work/OpenSees/OpenSees/build/CMakeFiles/CMakeTmp -ferror-limit 19 -stack-protector 1 -fstack-check -mdarwin-stkchk-strong-link -fblocks -fencode-extended-block-signature -fregister-global-dtors-with-atexit -fgnuc-version=4.2.1 -fmax-type-align=16 -fcommon -clang-vendor-feature=+messageToSelfInClassMethodIdReturnType -clang-vendor-feature=+disableInferNewAvailabilityFromInit -clang-vendor-feature=+disableNonDependentMemberExprInCurrentInstantiation -fno-odr-hash-protocols -clang-vendor-feature=+enableAggressiveVLAFolding -clang-vendor-feature=+revert09abecef7bbf -clang-vendor-feature=+thisNoAlignAttr -clang-vendor-feature=+thisNoNullAttr -mllvm -disable-aligned-alloc-awareness=1 -D__GCC_HAVE_DWARF2_CFI_ASM=1 -o CMakeFiles/cmTC_cdabe.dir/CMakeCCompilerABI.c.o -x c /usr/local/Cellar/cmake/3.23.2/share/cmake/Modules/CMakeCCompilerABI.c
clang -cc1 version 13.1.6 (clang-1316.0.21.2.5) default target x86_64-apple-darwin21.6.0
ignoring nonexistent directory "/Applications/Xcode_13.4.1.app/Contents/Developer/Platforms/MacOSX.platform/Developer/SDKs/MacOSX12.3.sdk/usr/local/include"
ignoring nonexistent directory "/Applications/Xcode_13.4.1.app/Contents/Developer/Platforms/MacOSX.platform/Developer/SDKs/MacOSX12.3.sdk/Library/Frameworks"
#include "..." search starts here:
#include <...> search starts here:
 /Applications/Xcode_13.4.1.app/Contents/Developer/Toolchains/XcodeDefault.xctoolchain/usr/lib/clang/13.1.6/include
 /Applications/Xcode_13.4.1.app/Contents/Developer/Platforms/MacOSX.platform/Developer/SDKs/MacOSX12.3.sdk/usr/include
 /Applications/Xcode_13.4.1.app/Contents/Developer/Toolchains/XcodeDefault.xctoolchain/usr/include
 /Applications/Xcode_13.4.1.app/Contents/Developer/Platforms/MacOSX.platform/Developer/SDKs/MacOSX12.3.sdk/System/Library/Frameworks (framework directory)
End of search list.
Linking C executable cmTC_cdabe
/usr/local/Cellar/cmake/3.23.2/bin/cmake -E cmake_link_script CMakeFiles/cmTC_cdabe.dir/link.txt --verbose=1
/Applications/Xcode_13.4.1.app/Contents/Developer/Toolchains/XcodeDefault.xctoolchain/usr/bin/cc  -isysroot /Applications/Xcode_13.4.1.app/Contents/Developer/Platforms/MacOSX.platform/Developer/SDKs/MacOSX12.3.sdk -Wl,-search_paths_first -Wl,-headerpad_max_install_names  -v -Wl,-v CMakeFiles/cmTC_cdabe.dir/CMakeCCompilerABI.c.o -o cmTC_cdabe 
Apple clang version 13.1.6 (clang-1316.0.21.2.5)
Target: x86_64-apple-darwin21.6.0
Thread model: posix
InstalledDir: /Applications/Xcode_13.4.1.app/Contents/Developer/Toolchains/XcodeDefault.xctoolchain/usr/bin
 "/Applications/Xcode_13.4.1.app/Contents/Developer/Toolchains/XcodeDefault.xctoolchain/usr/bin/ld" -demangle -lto_library /Applications/Xcode_13.4.1.app/Contents/Developer/Toolchains/XcodeDefault.xctoolchain/usr/lib/libLTO.dylib -dynamic -arch x86_64 -platform_version macos 12.0.0 12.3 -syslibroot /Applications/Xcode_13.4.1.app/Contents/Developer/Platforms/MacOSX.platform/Developer/SDKs/MacOSX12.3.sdk -o cmTC_cdabe -search_paths_first -headerpad_max_install_names -v CMakeFiles/cmTC_cdabe.dir/CMakeCCompilerABI.c.o -lSystem /Applications/Xcode_13.4.1.app/Contents/Developer/Toolchains/XcodeDefault.xctoolchain/usr/lib/clang/13.1.6/lib/darwin/libclang_rt.osx.a
@(#)PROGRAM:ld  PROJECT:ld64-764
BUILD 11:29:01 May 17 2022
configured to support archs: armv6 armv7 armv7s arm64 arm64e arm64_32 i386 x86_64 x86_64h armv6m armv7k armv7m armv7em
Library search paths:
	/Applications/Xcode_13.4.1.app/Contents/Developer/Platforms/MacOSX.platform/Developer/SDKs/MacOSX12.3.sdk/usr/lib
Framework search paths:
	/Applications/Xcode_13.4.1.app/Contents/Developer/Platforms/MacOSX.platform/Developer/SDKs/MacOSX12.3.sdk/System/Library/Frameworks/



Parsed C implicit include dir info from above output: rv=done
  found start of include info
  found start of implicit include info
    add: [/Applications/Xcode_13.4.1.app/Contents/Developer/Toolchains/XcodeDefault.xctoolchain/usr/lib/clang/13.1.6/include]
    add: [/Applications/Xcode_13.4.1.app/Contents/Developer/Platforms/MacOSX.platform/Developer/SDKs/MacOSX12.3.sdk/usr/include]
    add: [/Applications/Xcode_13.4.1.app/Contents/Developer/Toolchains/XcodeDefault.xctoolchain/usr/include]
  end of search list found
  collapse include dir [/Applications/Xcode_13.4.1.app/Contents/Developer/Toolchains/XcodeDefault.xctoolchain/usr/lib/clang/13.1.6/include] ==> [/Applications/Xcode_13.4.1.app/Contents/Developer/Toolchains/XcodeDefault.xctoolchain/usr/lib/clang/13.1.6/include]
  collapse include dir [/Applications/Xcode_13.4.1.app/Contents/Developer/Platforms/MacOSX.platform/Developer/SDKs/MacOSX12.3.sdk/usr/include] ==> [/Applications/Xcode_13.4.1.app/Contents/Developer/Platforms/MacOSX.platform/Developer/SDKs/MacOSX12.3.sdk/usr/include]
  collapse include dir [/Applications/Xcode_13.4.1.app/Contents/Developer/Toolchains/XcodeDefault.xctoolchain/usr/include] ==> [/Applications/Xcode_13.4.1.app/Contents/Developer/Toolchains/XcodeDefault.xctoolchain/usr/include]
  implicit include dirs: [/Applications/Xcode_13.4.1.app/Contents/Developer/Toolchains/XcodeDefault.xctoolchain/usr/lib/clang/13.1.6/include;/Applications/Xcode_13.4.1.app/Contents/Developer/Platforms/MacOSX.platform/Developer/SDKs/MacOSX12.3.sdk/usr/include;/Applications/Xcode_13.4.1.app/Contents/Developer/Toolchains/XcodeDefault.xctoolchain/usr/include]


Parsed C implicit link information from above output:
  link line regex: [^( *|.*[/\])(ld|CMAKE_LINK_STARTFILE-NOTFOUND|([^/\]+-)?ld|collect2)[^/\]*( |$)]
  ignore line: [Change Dir: /Users/runner/work/OpenSees/OpenSees/build/CMakeFiles/CMakeTmp]
  ignore line: []
  ignore line: [Run Build Command(s):/usr/bin/make -f Makefile cmTC_cdabe/fast && /Applications/Xcode_13.4.1.app/Contents/Developer/usr/bin/make  -f CMakeFiles/cmTC_cdabe.dir/build.make CMakeFiles/cmTC_cdabe.dir/build]
  ignore line: [Building C object CMakeFiles/cmTC_cdabe.dir/CMakeCCompilerABI.c.o]
  ignore line: [/Applications/Xcode_13.4.1.app/Contents/Developer/Toolchains/XcodeDefault.xctoolchain/usr/bin/cc   -isysroot /Applications/Xcode_13.4.1.app/Contents/Developer/Platforms/MacOSX.platform/Developer/SDKs/MacOSX12.3.sdk   -v -Wl -v -MD -MT CMakeFiles/cmTC_cdabe.dir/CMakeCCompilerABI.c.o -MF CMakeFiles/cmTC_cdabe.dir/CMakeCCompilerABI.c.o.d -o CMakeFiles/cmTC_cdabe.dir/CMakeCCompilerABI.c.o -c /usr/local/Cellar/cmake/3.23.2/share/cmake/Modules/CMakeCCompilerABI.c]
  ignore line: [Apple clang version 13.1.6 (clang-1316.0.21.2.5)]
  ignore line: [Target: x86_64-apple-darwin21.6.0]
  ignore line: [Thread model: posix]
  ignore line: [InstalledDir: /Applications/Xcode_13.4.1.app/Contents/Developer/Toolchains/XcodeDefault.xctoolchain/usr/bin]
  ignore line: [clang: warning: -Wl -v: 'linker' input unused [-Wunused-command-line-argument]]
  ignore line: [ "/Applications/Xcode_13.4.1.app/Contents/Developer/Toolchains/XcodeDefault.xctoolchain/usr/bin/clang" -cc1 -triple x86_64-apple-macosx12.0.0 -Wundef-prefix=TARGET_OS_ -Wdeprecated-objc-isa-usage -Werror=deprecated-objc-isa-usage -Werror=implicit-function-declaration -emit-obj -mrelax-all --mrelax-relocations -disable-free -disable-llvm-verifier -discard-value-names -main-file-name CMakeCCompilerABI.c -mrelocation-model pic -pic-level 2 -mframe-pointer=all -fno-strict-return -fno-rounding-math -munwind-tables -target-sdk-version=12.3 -fvisibility-inlines-hidden-static-local-var -target-cpu penryn -tune-cpu generic -debugger-tuning=lldb -target-linker-version 763 -v -resource-dir /Applications/Xcode_13.4.1.app/Contents/Developer/Toolchains/XcodeDefault.xctoolchain/usr/lib/clang/13.1.6 -dependency-file CMakeFiles/cmTC_cdabe.dir/CMakeCCompilerABI.c.o.d -skip-unused-modulemap-deps -MT CMakeFiles/cmTC_cdabe.dir/CMakeCCompilerABI.c.o -sys-header-deps -isysroot /Applications/Xcode_13.4.1.app/Contents/Developer/Platforms/MacOSX.platform/Developer/SDKs/MacOSX12.3.sdk -internal-isystem /Applications/Xcode_13.4.1.app/Contents/Developer/Platforms/MacOSX.platform/Developer/SDKs/MacOSX12.3.sdk/usr/local/include -internal-isystem /Applications/Xcode_13.4.1.app/Contents/Developer/Toolchains/XcodeDefault.xctoolchain/usr/lib/clang/13.1.6/include -internal-externc-isystem /Applications/Xcode_13.4.1.app/Contents/Developer/Platforms/MacOSX.platform/Developer/SDKs/MacOSX12.3.sdk/usr/include -internal-externc-isystem /Applications/Xcode_13.4.1.app/Contents/Developer/Toolchains/XcodeDefault.xctoolchain/usr/include -Wno-reorder-init-list -Wno-implicit-int-float-conversion -Wno-c99-designator -Wno-final-dtor-non-final-class -Wno-extra-semi-stmt -Wno-misleading-indentation -Wno-quoted-include-in-framework-header -Wno-implicit-fallthrough -Wno-enum-enum-conversion -Wno-enum-float-conversion -Wno-elaborated-enum-base -Wno-reserved-identifier -Wno-gnu-folding-constant -Wno-objc-load-method -fdebug-compilation-dir=/Users/runner/work/OpenSees/OpenSees/build/CMakeFiles/CMakeTmp -ferror-limit 19 -stack-protector 1 -fstack-check -mdarwin-stkchk-strong-link -fblocks -fencode-extended-block-signature -fregister-global-dtors-with-atexit -fgnuc-version=4.2.1 -fmax-type-align=16 -fcommon -clang-vendor-feature=+messageToSelfInClassMethodIdReturnType -clang-vendor-feature=+disableInferNewAvailabilityFromInit -clang-vendor-feature=+disableNonDependentMemberExprInCurrentInstantiation -fno-odr-hash-protocols -clang-vendor-feature=+enableAggressiveVLAFolding -clang-vendor-feature=+revert09abecef7bbf -clang-vendor-feature=+thisNoAlignAttr -clang-vendor-feature=+thisNoNullAttr -mllvm -disable-aligned-alloc-awareness=1 -D__GCC_HAVE_DWARF2_CFI_ASM=1 -o CMakeFiles/cmTC_cdabe.dir/CMakeCCompilerABI.c.o -x c /usr/local/Cellar/cmake/3.23.2/share/cmake/Modules/CMakeCCompilerABI.c]
  ignore line: [clang -cc1 version 13.1.6 (clang-1316.0.21.2.5) default target x86_64-apple-darwin21.6.0]
  ignore line: [ignoring nonexistent directory "/Applications/Xcode_13.4.1.app/Contents/Developer/Platforms/MacOSX.platform/Developer/SDKs/MacOSX12.3.sdk/usr/local/include"]
  ignore line: [ignoring nonexistent directory "/Applications/Xcode_13.4.1.app/Contents/Developer/Platforms/MacOSX.platform/Developer/SDKs/MacOSX12.3.sdk/Library/Frameworks"]
  ignore line: [#include "..." search starts here:]
  ignore line: [#include <...> search starts here:]
  ignore line: [ /Applications/Xcode_13.4.1.app/Contents/Developer/Toolchains/XcodeDefault.xctoolchain/usr/lib/clang/13.1.6/include]
  ignore line: [ /Applications/Xcode_13.4.1.app/Contents/Developer/Platforms/MacOSX.platform/Developer/SDKs/MacOSX12.3.sdk/usr/include]
  ignore line: [ /Applications/Xcode_13.4.1.app/Contents/Developer/Toolchains/XcodeDefault.xctoolchain/usr/include]
  ignore line: [ /Applications/Xcode_13.4.1.app/Contents/Developer/Platforms/MacOSX.platform/Developer/SDKs/MacOSX12.3.sdk/System/Library/Frameworks (framework directory)]
  ignore line: [End of search list.]
  ignore line: [Linking C executable cmTC_cdabe]
  ignore line: [/usr/local/Cellar/cmake/3.23.2/bin/cmake -E cmake_link_script CMakeFiles/cmTC_cdabe.dir/link.txt --verbose=1]
  ignore line: [/Applications/Xcode_13.4.1.app/Contents/Developer/Toolchains/XcodeDefault.xctoolchain/usr/bin/cc  -isysroot /Applications/Xcode_13.4.1.app/Contents/Developer/Platforms/MacOSX.platform/Developer/SDKs/MacOSX12.3.sdk -Wl -search_paths_first -Wl -headerpad_max_install_names  -v -Wl -v CMakeFiles/cmTC_cdabe.dir/CMakeCCompilerABI.c.o -o cmTC_cdabe ]
  ignore line: [Apple clang version 13.1.6 (clang-1316.0.21.2.5)]
  ignore line: [Target: x86_64-apple-darwin21.6.0]
  ignore line: [Thread model: posix]
  ignore line: [InstalledDir: /Applications/Xcode_13.4.1.app/Contents/Developer/Toolchains/XcodeDefault.xctoolchain/usr/bin]
  link line: [ "/Applications/Xcode_13.4.1.app/Contents/Developer/Toolchains/XcodeDefault.xctoolchain/usr/bin/ld" -demangle -lto_library /Applications/Xcode_13.4.1.app/Contents/Developer/Toolchains/XcodeDefault.xctoolchain/usr/lib/libLTO.dylib -dynamic -arch x86_64 -platform_version macos 12.0.0 12.3 -syslibroot /Applications/Xcode_13.4.1.app/Contents/Developer/Platforms/MacOSX.platform/Developer/SDKs/MacOSX12.3.sdk -o cmTC_cdabe -search_paths_first -headerpad_max_install_names -v CMakeFiles/cmTC_cdabe.dir/CMakeCCompilerABI.c.o -lSystem /Applications/Xcode_13.4.1.app/Contents/Developer/Toolchains/XcodeDefault.xctoolchain/usr/lib/clang/13.1.6/lib/darwin/libclang_rt.osx.a]
    arg [/Applications/Xcode_13.4.1.app/Contents/Developer/Toolchains/XcodeDefault.xctoolchain/usr/bin/ld] ==> ignore
    arg [-demangle] ==> ignore
    arg [-lto_library] ==> ignore, skip following value
    arg [/Applications/Xcode_13.4.1.app/Contents/Developer/Toolchains/XcodeDefault.xctoolchain/usr/lib/libLTO.dylib] ==> skip value of -lto_library
    arg [-dynamic] ==> ignore
    arg [-arch] ==> ignore
    arg [x86_64] ==> ignore
    arg [-platform_version] ==> ignore
    arg [macos] ==> ignore
    arg [12.0.0] ==> ignore
    arg [12.3] ==> ignore
    arg [-syslibroot] ==> ignore
    arg [/Applications/Xcode_13.4.1.app/Contents/Developer/Platforms/MacOSX.platform/Developer/SDKs/MacOSX12.3.sdk] ==> ignore
    arg [-o] ==> ignore
    arg [cmTC_cdabe] ==> ignore
    arg [-search_paths_first] ==> ignore
    arg [-headerpad_max_install_names] ==> ignore
    arg [-v] ==> ignore
    arg [CMakeFiles/cmTC_cdabe.dir/CMakeCCompilerABI.c.o] ==> ignore
    arg [-lSystem] ==> lib [System]
    arg [/Applications/Xcode_13.4.1.app/Contents/Developer/Toolchains/XcodeDefault.xctoolchain/usr/lib/clang/13.1.6/lib/darwin/libclang_rt.osx.a] ==> lib [/Applications/Xcode_13.4.1.app/Contents/Developer/Toolchains/XcodeDefault.xctoolchain/usr/lib/clang/13.1.6/lib/darwin/libclang_rt.osx.a]
  Library search paths: [;/Applications/Xcode_13.4.1.app/Contents/Developer/Platforms/MacOSX.platform/Developer/SDKs/MacOSX12.3.sdk/usr/lib]
  Framework search paths: [;/Applications/Xcode_13.4.1.app/Contents/Developer/Platforms/MacOSX.platform/Developer/SDKs/MacOSX12.3.sdk/System/Library/Frameworks/]
  remove lib [System]
  remove lib [/Applications/Xcode_13.4.1.app/Contents/Developer/Toolchains/XcodeDefault.xctoolchain/usr/lib/clang/13.1.6/lib/darwin/libclang_rt.osx.a]
  collapse library dir [/Applications/Xcode_13.4.1.app/Contents/Developer/Platforms/MacOSX.platform/Developer/SDKs/MacOSX12.3.sdk/usr/lib] ==> [/Applications/Xcode_13.4.1.app/Contents/Developer/Platforms/MacOSX.platform/Developer/SDKs/MacOSX12.3.sdk/usr/lib]
  collapse framework dir [/Applications/Xcode_13.4.1.app/Contents/Developer/Platforms/MacOSX.platform/Developer/SDKs/MacOSX12.3.sdk/System/Library/Frameworks/] ==> [/Applications/Xcode_13.4.1.app/Contents/Developer/Platforms/MacOSX.platform/Developer/SDKs/MacOSX12.3.sdk/System/Library/Frameworks]
  implicit libs: []
  implicit objs: []
  implicit dirs: [/Applications/Xcode_13.4.1.app/Contents/Developer/Platforms/MacOSX.platform/Developer/SDKs/MacOSX12.3.sdk/usr/lib]
  implicit fwks: [/Applications/Xcode_13.4.1.app/Contents/Developer/Platforms/MacOSX.platform/Developer/SDKs/MacOSX12.3.sdk/System/Library/Frameworks]


Detecting CXX compiler ABI info compiled with the following output:
Change Dir: /Users/runner/work/OpenSees/OpenSees/build/CMakeFiles/CMakeTmp

Run Build Command(s):/usr/bin/make -f Makefile cmTC_16ea2/fast && /Applications/Xcode_13.4.1.app/Contents/Developer/usr/bin/make  -f CMakeFiles/cmTC_16ea2.dir/build.make CMakeFiles/cmTC_16ea2.dir/build
Building CXX object CMakeFiles/cmTC_16ea2.dir/CMakeCXXCompilerABI.cpp.o
/Applications/Xcode_13.4.1.app/Contents/Developer/Toolchains/XcodeDefault.xctoolchain/usr/bin/c++   -isysroot /Applications/Xcode_13.4.1.app/Contents/Developer/Platforms/MacOSX.platform/Developer/SDKs/MacOSX12.3.sdk   -v -Wl,-v -MD -MT CMakeFiles/cmTC_16ea2.dir/CMakeCXXCompilerABI.cpp.o -MF CMakeFiles/cmTC_16ea2.dir/CMakeCXXCompilerABI.cpp.o.d -o CMakeFiles/cmTC_16ea2.dir/CMakeCXXCompilerABI.cpp.o -c /usr/local/Cellar/cmake/3.23.2/share/cmake/Modules/CMakeCXXCompilerABI.cpp
Apple clang version 13.1.6 (clang-1316.0.21.2.5)
Target: x86_64-apple-darwin21.6.0
Thread model: posix
InstalledDir: /Applications/Xcode_13.4.1.app/Contents/Developer/Toolchains/XcodeDefault.xctoolchain/usr/bin
clang: warning: -Wl,-v: 'linker' input unused [-Wunused-command-line-argument]
 "/Applications/Xcode_13.4.1.app/Contents/Developer/Toolchains/XcodeDefault.xctoolchain/usr/bin/clang" -cc1 -triple x86_64-apple-macosx12.0.0 -Wundef-prefix=TARGET_OS_ -Wdeprecated-objc-isa-usage -Werror=deprecated-objc-isa-usage -Werror=implicit-function-declaration -emit-obj -mrelax-all --mrelax-relocations -disable-free -disable-llvm-verifier -discard-value-names -main-file-name CMakeCXXCompilerABI.cpp -mrelocation-model pic -pic-level 2 -mframe-pointer=all -fno-strict-return -fno-rounding-math -munwind-tables -target-sdk-version=12.3 -fvisibility-inlines-hidden-static-local-var -target-cpu penryn -tune-cpu generic -debugger-tuning=lldb -target-linker-version 763 -v -resource-dir /Applications/Xcode_13.4.1.app/Contents/Developer/Toolchains/XcodeDefault.xctoolchain/usr/lib/clang/13.1.6 -dependency-file CMakeFiles/cmTC_16ea2.dir/CMakeCXXCompilerABI.cpp.o.d -skip-unused-modulemap-deps -MT CMakeFiles/cmTC_16ea2.dir/CMakeCXXCompilerABI.cpp.o -sys-header-deps -isysroot /Applications/Xcode_13.4.1.app/Contents/Developer/Platforms/MacOSX.platform/Developer/SDKs/MacOSX12.3.sdk -stdlib=libc++ -internal-isystem /Applications/Xcode_13.4.1.app/Contents/Developer/Platforms/MacOSX.platform/Developer/SDKs/MacOSX12.3.sdk/usr/include/c++/v1 -internal-isystem /Applications/Xcode_13.4.1.app/Contents/Developer/Platforms/MacOSX.platform/Developer/SDKs/MacOSX12.3.sdk/usr/local/include -internal-isystem /Applications/Xcode_13.4.1.app/Contents/Developer/Toolchains/XcodeDefault.xctoolchain/usr/lib/clang/13.1.6/include -internal-externc-isystem /Applications/Xcode_13.4.1.app/Contents/Developer/Platforms/MacOSX.platform/Developer/SDKs/MacOSX12.3.sdk/usr/include -internal-externc-isystem /Applications/Xcode_13.4.1.app/Contents/Developer/Toolchains/XcodeDefault.xctoolchain/usr/include -Wno-reorder-init-list -Wno-implicit-int-float-conversion -Wno-c99-designator -Wno-final-dtor-non-final-class -Wno-extra-semi-stmt -Wno-misleading-indentation -Wno-quoted-include-in-framework-header -Wno-implicit-fallthrough -Wno-enum-enum-conversion -Wno-enum-float-conversion -Wno-elaborated-enum-base -Wno-reserved-identifier -Wno-gnu-folding-constant -Wno-objc-load-method -fdeprecated-macro -fdebug-compilation-dir=/Users/runner/work/OpenSees/OpenSees/build/CMakeFiles/CMakeTmp -ferror-limit 19 -stack-protector 1 -fstack-check -mdarwin-stkchk-strong-link -fblocks -fencode-extended-block-signature -fregister-global-dtors-with-atexit -fgnuc-version=4.2.1 -fno-cxx-modules -fcxx-exceptions -fexceptions -fmax-type-align=16 -fcommon -clang-vendor-feature=+messageToSelfInClassMethodIdReturnType -clang-vendor-feature=+disableInferNewAvailabilityFromInit -clang-vendor-feature=+disableNonDependentMemberExprInCurrentInstantiation -fno-odr-hash-protocols -clang-vendor-feature=+enableAggressiveVLAFolding -clang-vendor-feature=+revert09abecef7bbf -clang-vendor-feature=+thisNoAlignAttr -clang-vendor-feature=+thisNoNullAttr -mllvm -disable-aligned-alloc-awareness=1 -D__GCC_HAVE_DWARF2_CFI_ASM=1 -o CMakeFiles/cmTC_16ea2.dir/CMakeCXXCompilerABI.cpp.o -x c++ /usr/local/Cellar/cmake/3.23.2/share/cmake/Modules/CMakeCXXCompilerABI.cpp
clang -cc1 version 13.1.6 (clang-1316.0.21.2.5) default target x86_64-apple-darwin21.6.0
ignoring nonexistent directory "/Applications/Xcode_13.4.1.app/Contents/Developer/Platforms/MacOSX.platform/Developer/SDKs/MacOSX12.3.sdk/usr/local/include"
ignoring nonexistent directory "/Applications/Xcode_13.4.1.app/Contents/Developer/Platforms/MacOSX.platform/Developer/SDKs/MacOSX12.3.sdk/Library/Frameworks"
#include "..." search starts here:
#include <...> search starts here:
 /Applications/Xcode_13.4.1.app/Contents/Developer/Platforms/MacOSX.platform/Developer/SDKs/MacOSX12.3.sdk/usr/include/c++/v1
 /Applications/Xcode_13.4.1.app/Contents/Developer/Toolchains/XcodeDefault.xctoolchain/usr/lib/clang/13.1.6/include
 /Applications/Xcode_13.4.1.app/Contents/Developer/Platforms/MacOSX.platform/Developer/SDKs/MacOSX12.3.sdk/usr/include
 /Applications/Xcode_13.4.1.app/Contents/Developer/Toolchains/XcodeDefault.xctoolchain/usr/include
 /Applications/Xcode_13.4.1.app/Contents/Developer/Platforms/MacOSX.platform/Developer/SDKs/MacOSX12.3.sdk/System/Library/Frameworks (framework directory)
End of search list.
Linking CXX executable cmTC_16ea2
/usr/local/Cellar/cmake/3.23.2/bin/cmake -E cmake_link_script CMakeFiles/cmTC_16ea2.dir/link.txt --verbose=1
/Applications/Xcode_13.4.1.app/Contents/Developer/Toolchains/XcodeDefault.xctoolchain/usr/bin/c++  -isysroot /Applications/Xcode_13.4.1.app/Contents/Developer/Platforms/MacOSX.platform/Developer/SDKs/MacOSX12.3.sdk -Wl,-search_paths_first -Wl,-headerpad_max_install_names  -v -Wl,-v CMakeFiles/cmTC_16ea2.dir/CMakeCXXCompilerABI.cpp.o -o cmTC_16ea2 
Apple clang version 13.1.6 (clang-1316.0.21.2.5)
Target: x86_64-apple-darwin21.6.0
Thread model: posix
InstalledDir: /Applications/Xcode_13.4.1.app/Contents/Developer/Toolchains/XcodeDefault.xctoolchain/usr/bin
 "/Applications/Xcode_13.4.1.app/Contents/Developer/Toolchains/XcodeDefault.xctoolchain/usr/bin/ld" -demangle -lto_library /Applications/Xcode_13.4.1.app/Contents/Developer/Toolchains/XcodeDefault.xctoolchain/usr/lib/libLTO.dylib -dynamic -arch x86_64 -platform_version macos 12.0.0 12.3 -syslibroot /Applications/Xcode_13.4.1.app/Contents/Developer/Platforms/MacOSX.platform/Developer/SDKs/MacOSX12.3.sdk -o cmTC_16ea2 -search_paths_first -headerpad_max_install_names -v CMakeFiles/cmTC_16ea2.dir/CMakeCXXCompilerABI.cpp.o -lc++ -lSystem /Applications/Xcode_13.4.1.app/Contents/Developer/Toolchains/XcodeDefault.xctoolchain/usr/lib/clang/13.1.6/lib/darwin/libclang_rt.osx.a
@(#)PROGRAM:ld  PROJECT:ld64-764
BUILD 11:29:01 May 17 2022
configured to support archs: armv6 armv7 armv7s arm64 arm64e arm64_32 i386 x86_64 x86_64h armv6m armv7k armv7m armv7em
Library search paths:
	/Applications/Xcode_13.4.1.app/Contents/Developer/Platforms/MacOSX.platform/Developer/SDKs/MacOSX12.3.sdk/usr/lib
Framework search paths:
	/Applications/Xcode_13.4.1.app/Contents/Developer/Platforms/MacOSX.platform/Developer/SDKs/MacOSX12.3.sdk/System/Library/Frameworks/



Parsed CXX implicit include dir info from above output: rv=done
  found start of include info
  found start of implicit include info
    add: [/Applications/Xcode_13.4.1.app/Contents/Developer/Platforms/MacOSX.platform/Developer/SDKs/MacOSX12.3.sdk/usr/include/c++/v1]
    add: [/Applications/Xcode_13.4.1.app/Contents/Developer/Toolchains/XcodeDefault.xctoolchain/usr/lib/clang/13.1.6/include]
    add: [/Applications/Xcode_13.4.1.app/Contents/Developer/Platforms/MacOSX.platform/Developer/SDKs/MacOSX12.3.sdk/usr/include]
    add: [/Applications/Xcode_13.4.1.app/Contents/Developer/Toolchains/XcodeDefault.xctoolchain/usr/include]
  end of search list found
  collapse include dir [/Applications/Xcode_13.4.1.app/Contents/Developer/Platforms/MacOSX.platform/Developer/SDKs/MacOSX12.3.sdk/usr/include/c++/v1] ==> [/Applications/Xcode_13.4.1.app/Contents/Developer/Platforms/MacOSX.platform/Developer/SDKs/MacOSX12.3.sdk/usr/include/c++/v1]
  collapse include dir [/Applications/Xcode_13.4.1.app/Contents/Developer/Toolchains/XcodeDefault.xctoolchain/usr/lib/clang/13.1.6/include] ==> [/Applications/Xcode_13.4.1.app/Contents/Developer/Toolchains/XcodeDefault.xctoolchain/usr/lib/clang/13.1.6/include]
  collapse include dir [/Applications/Xcode_13.4.1.app/Contents/Developer/Platforms/MacOSX.platform/Developer/SDKs/MacOSX12.3.sdk/usr/include] ==> [/Applications/Xcode_13.4.1.app/Contents/Developer/Platforms/MacOSX.platform/Developer/SDKs/MacOSX12.3.sdk/usr/include]
  collapse include dir [/Applications/Xcode_13.4.1.app/Contents/Developer/Toolchains/XcodeDefault.xctoolchain/usr/include] ==> [/Applications/Xcode_13.4.1.app/Contents/Developer/Toolchains/XcodeDefault.xctoolchain/usr/include]
  implicit include dirs: [/Applications/Xcode_13.4.1.app/Contents/Developer/Platforms/MacOSX.platform/Developer/SDKs/MacOSX12.3.sdk/usr/include/c++/v1;/Applications/Xcode_13.4.1.app/Contents/Developer/Toolchains/XcodeDefault.xctoolchain/usr/lib/clang/13.1.6/include;/Applications/Xcode_13.4.1.app/Contents/Developer/Platforms/MacOSX.platform/Developer/SDKs/MacOSX12.3.sdk/usr/include;/Applications/Xcode_13.4.1.app/Contents/Developer/Toolchains/XcodeDefault.xctoolchain/usr/include]


Parsed CXX implicit link information from above output:
  link line regex: [^( *|.*[/\])(ld|CMAKE_LINK_STARTFILE-NOTFOUND|([^/\]+-)?ld|collect2)[^/\]*( |$)]
  ignore line: [Change Dir: /Users/runner/work/OpenSees/OpenSees/build/CMakeFiles/CMakeTmp]
  ignore line: []
  ignore line: [Run Build Command(s):/usr/bin/make -f Makefile cmTC_16ea2/fast && /Applications/Xcode_13.4.1.app/Contents/Developer/usr/bin/make  -f CMakeFiles/cmTC_16ea2.dir/build.make CMakeFiles/cmTC_16ea2.dir/build]
  ignore line: [Building CXX object CMakeFiles/cmTC_16ea2.dir/CMakeCXXCompilerABI.cpp.o]
  ignore line: [/Applications/Xcode_13.4.1.app/Contents/Developer/Toolchains/XcodeDefault.xctoolchain/usr/bin/c++   -isysroot /Applications/Xcode_13.4.1.app/Contents/Developer/Platforms/MacOSX.platform/Developer/SDKs/MacOSX12.3.sdk   -v -Wl -v -MD -MT CMakeFiles/cmTC_16ea2.dir/CMakeCXXCompilerABI.cpp.o -MF CMakeFiles/cmTC_16ea2.dir/CMakeCXXCompilerABI.cpp.o.d -o CMakeFiles/cmTC_16ea2.dir/CMakeCXXCompilerABI.cpp.o -c /usr/local/Cellar/cmake/3.23.2/share/cmake/Modules/CMakeCXXCompilerABI.cpp]
  ignore line: [Apple clang version 13.1.6 (clang-1316.0.21.2.5)]
  ignore line: [Target: x86_64-apple-darwin21.6.0]
  ignore line: [Thread model: posix]
  ignore line: [InstalledDir: /Applications/Xcode_13.4.1.app/Contents/Developer/Toolchains/XcodeDefault.xctoolchain/usr/bin]
  ignore line: [clang: warning: -Wl -v: 'linker' input unused [-Wunused-command-line-argument]]
  ignore line: [ "/Applications/Xcode_13.4.1.app/Contents/Developer/Toolchains/XcodeDefault.xctoolchain/usr/bin/clang" -cc1 -triple x86_64-apple-macosx12.0.0 -Wundef-prefix=TARGET_OS_ -Wdeprecated-objc-isa-usage -Werror=deprecated-objc-isa-usage -Werror=implicit-function-declaration -emit-obj -mrelax-all --mrelax-relocations -disable-free -disable-llvm-verifier -discard-value-names -main-file-name CMakeCXXCompilerABI.cpp -mrelocation-model pic -pic-level 2 -mframe-pointer=all -fno-strict-return -fno-rounding-math -munwind-tables -target-sdk-version=12.3 -fvisibility-inlines-hidden-static-local-var -target-cpu penryn -tune-cpu generic -debugger-tuning=lldb -target-linker-version 763 -v -resource-dir /Applications/Xcode_13.4.1.app/Contents/Developer/Toolchains/XcodeDefault.xctoolchain/usr/lib/clang/13.1.6 -dependency-file CMakeFiles/cmTC_16ea2.dir/CMakeCXXCompilerABI.cpp.o.d -skip-unused-modulemap-deps -MT CMakeFiles/cmTC_16ea2.dir/CMakeCXXCompilerABI.cpp.o -sys-header-deps -isysroot /Applications/Xcode_13.4.1.app/Contents/Developer/Platforms/MacOSX.platform/Developer/SDKs/MacOSX12.3.sdk -stdlib=libc++ -internal-isystem /Applications/Xcode_13.4.1.app/Contents/Developer/Platforms/MacOSX.platform/Developer/SDKs/MacOSX12.3.sdk/usr/include/c++/v1 -internal-isystem /Applications/Xcode_13.4.1.app/Contents/Developer/Platforms/MacOSX.platform/Developer/SDKs/MacOSX12.3.sdk/usr/local/include -internal-isystem /Applications/Xcode_13.4.1.app/Contents/Developer/Toolchains/XcodeDefault.xctoolchain/usr/lib/clang/13.1.6/include -internal-externc-isystem /Applications/Xcode_13.4.1.app/Contents/Developer/Platforms/MacOSX.platform/Developer/SDKs/MacOSX12.3.sdk/usr/include -internal-externc-isystem /Applications/Xcode_13.4.1.app/Contents/Developer/Toolchains/XcodeDefault.xctoolchain/usr/include -Wno-reorder-init-list -Wno-implicit-int-float-conversion -Wno-c99-designator -Wno-final-dtor-non-final-class -Wno-extra-semi-stmt -Wno-misleading-indentation -Wno-quoted-include-in-framework-header -Wno-implicit-fallthrough -Wno-enum-enum-conversion -Wno-enum-float-conversion -Wno-elaborated-enum-base -Wno-reserved-identifier -Wno-gnu-folding-constant -Wno-objc-load-method -fdeprecated-macro -fdebug-compilation-dir=/Users/runner/work/OpenSees/OpenSees/build/CMakeFiles/CMakeTmp -ferror-limit 19 -stack-protector 1 -fstack-check -mdarwin-stkchk-strong-link -fblocks -fencode-extended-block-signature -fregister-global-dtors-with-atexit -fgnuc-version=4.2.1 -fno-cxx-modules -fcxx-exceptions -fexceptions -fmax-type-align=16 -fcommon -clang-vendor-feature=+messageToSelfInClassMethodIdReturnType -clang-vendor-feature=+disableInferNewAvailabilityFromInit -clang-vendor-feature=+disableNonDependentMemberExprInCurrentInstantiation -fno-odr-hash-protocols -clang-vendor-feature=+enableAggressiveVLAFolding -clang-vendor-feature=+revert09abecef7bbf -clang-vendor-feature=+thisNoAlignAttr -clang-vendor-feature=+thisNoNullAttr -mllvm -disable-aligned-alloc-awareness=1 -D__GCC_HAVE_DWARF2_CFI_ASM=1 -o CMakeFiles/cmTC_16ea2.dir/CMakeCXXCompilerABI.cpp.o -x c++ /usr/local/Cellar/cmake/3.23.2/share/cmake/Modules/CMakeCXXCompilerABI.cpp]
  ignore line: [clang -cc1 version 13.1.6 (clang-1316.0.21.2.5) default target x86_64-apple-darwin21.6.0]
  ignore line: [ignoring nonexistent directory "/Applications/Xcode_13.4.1.app/Contents/Developer/Platforms/MacOSX.platform/Developer/SDKs/MacOSX12.3.sdk/usr/local/include"]
  ignore line: [ignoring nonexistent directory "/Applications/Xcode_13.4.1.app/Contents/Developer/Platforms/MacOSX.platform/Developer/SDKs/MacOSX12.3.sdk/Library/Frameworks"]
  ignore line: [#include "..." search starts here:]
  ignore line: [#include <...> search starts here:]
  ignore line: [ /Applications/Xcode_13.4.1.app/Contents/Developer/Platforms/MacOSX.platform/Developer/SDKs/MacOSX12.3.sdk/usr/include/c++/v1]
  ignore line: [ /Applications/Xcode_13.4.1.app/Contents/Developer/Toolchains/XcodeDefault.xctoolchain/usr/lib/clang/13.1.6/include]
  ignore line: [ /Applications/Xcode_13.4.1.app/Contents/Developer/Platforms/MacOSX.platform/Developer/SDKs/MacOSX12.3.sdk/usr/include]
  ignore line: [ /Applications/Xcode_13.4.1.app/Contents/Developer/Toolchains/XcodeDefault.xctoolchain/usr/include]
  ignore line: [ /Applications/Xcode_13.4.1.app/Contents/Developer/Platforms/MacOSX.platform/Developer/SDKs/MacOSX12.3.sdk/System/Library/Frameworks (framework directory)]
  ignore line: [End of search list.]
  ignore line: [Linking CXX executable cmTC_16ea2]
  ignore line: [/usr/local/Cellar/cmake/3.23.2/bin/cmake -E cmake_link_script CMakeFiles/cmTC_16ea2.dir/link.txt --verbose=1]
  ignore line: [/Applications/Xcode_13.4.1.app/Contents/Developer/Toolchains/XcodeDefault.xctoolchain/usr/bin/c++  -isysroot /Applications/Xcode_13.4.1.app/Contents/Developer/Platforms/MacOSX.platform/Developer/SDKs/MacOSX12.3.sdk -Wl -search_paths_first -Wl -headerpad_max_install_names  -v -Wl -v CMakeFiles/cmTC_16ea2.dir/CMakeCXXCompilerABI.cpp.o -o cmTC_16ea2 ]
  ignore line: [Apple clang version 13.1.6 (clang-1316.0.21.2.5)]
  ignore line: [Target: x86_64-apple-darwin21.6.0]
  ignore line: [Thread model: posix]
  ignore line: [InstalledDir: /Applications/Xcode_13.4.1.app/Contents/Developer/Toolchains/XcodeDefault.xctoolchain/usr/bin]
  link line: [ "/Applications/Xcode_13.4.1.app/Contents/Developer/Toolchains/XcodeDefault.xctoolchain/usr/bin/ld" -demangle -lto_library /Applications/Xcode_13.4.1.app/Contents/Developer/Toolchains/XcodeDefault.xctoolchain/usr/lib/libLTO.dylib -dynamic -arch x86_64 -platform_version macos 12.0.0 12.3 -syslibroot /Applications/Xcode_13.4.1.app/Contents/Developer/Platforms/MacOSX.platform/Developer/SDKs/MacOSX12.3.sdk -o cmTC_16ea2 -search_paths_first -headerpad_max_install_names -v CMakeFiles/cmTC_16ea2.dir/CMakeCXXCompilerABI.cpp.o -lc++ -lSystem /Applications/Xcode_13.4.1.app/Contents/Developer/Toolchains/XcodeDefault.xctoolchain/usr/lib/clang/13.1.6/lib/darwin/libclang_rt.osx.a]
    arg [/Applications/Xcode_13.4.1.app/Contents/Developer/Toolchains/XcodeDefault.xctoolchain/usr/bin/ld] ==> ignore
    arg [-demangle] ==> ignore
    arg [-lto_library] ==> ignore, skip following value
    arg [/Applications/Xcode_13.4.1.app/Contents/Developer/Toolchains/XcodeDefault.xctoolchain/usr/lib/libLTO.dylib] ==> skip value of -lto_library
    arg [-dynamic] ==> ignore
    arg [-arch] ==> ignore
    arg [x86_64] ==> ignore
    arg [-platform_version] ==> ignore
    arg [macos] ==> ignore
    arg [12.0.0] ==> ignore
    arg [12.3] ==> ignore
    arg [-syslibroot] ==> ignore
    arg [/Applications/Xcode_13.4.1.app/Contents/Developer/Platforms/MacOSX.platform/Developer/SDKs/MacOSX12.3.sdk] ==> ignore
    arg [-o] ==> ignore
    arg [cmTC_16ea2] ==> ignore
    arg [-search_paths_first] ==> ignore
    arg [-headerpad_max_install_names] ==> ignore
    arg [-v] ==> ignore
    arg [CMakeFiles/cmTC_16ea2.dir/CMakeCXXCompilerABI.cpp.o] ==> ignore
    arg [-lc++] ==> lib [c++]
    arg [-lSystem] ==> lib [System]
    arg [/Applications/Xcode_13.4.1.app/Contents/Developer/Toolchains/XcodeDefault.xctoolchain/usr/lib/clang/13.1.6/lib/darwin/libclang_rt.osx.a] ==> lib [/Applications/Xcode_13.4.1.app/Contents/Developer/Toolchains/XcodeDefault.xctoolchain/usr/lib/clang/13.1.6/lib/darwin/libclang_rt.osx.a]
  Library search paths: [;/Applications/Xcode_13.4.1.app/Contents/Developer/Platforms/MacOSX.platform/Developer/SDKs/MacOSX12.3.sdk/usr/lib]
  Framework search paths: [;/Applications/Xcode_13.4.1.app/Contents/Developer/Platforms/MacOSX.platform/Developer/SDKs/MacOSX12.3.sdk/System/Library/Frameworks/]
  remove lib [System]
  remove lib [/Applications/Xcode_13.4.1.app/Contents/Developer/Toolchains/XcodeDefault.xctoolchain/usr/lib/clang/13.1.6/lib/darwin/libclang_rt.osx.a]
  collapse library dir [/Applications/Xcode_13.4.1.app/Contents/Developer/Platforms/MacOSX.platform/Developer/SDKs/MacOSX12.3.sdk/usr/lib] ==> [/Applications/Xcode_13.4.1.app/Contents/Developer/Platforms/MacOSX.platform/Developer/SDKs/MacOSX12.3.sdk/usr/lib]
  collapse framework dir [/Applications/Xcode_13.4.1.app/Contents/Developer/Platforms/MacOSX.platform/Developer/SDKs/MacOSX12.3.sdk/System/Library/Frameworks/] ==> [/Applications/Xcode_13.4.1.app/Contents/Developer/Platforms/MacOSX.platform/Developer/SDKs/MacOSX12.3.sdk/System/Library/Frameworks]
  implicit libs: [c++]
  implicit objs: []
  implicit dirs: [/Applications/Xcode_13.4.1.app/Contents/Developer/Platforms/MacOSX.platform/Developer/SDKs/MacOSX12.3.sdk/usr/lib]
  implicit fwks: [/Applications/Xcode_13.4.1.app/Contents/Developer/Platforms/MacOSX.platform/Developer/SDKs/MacOSX12.3.sdk/System/Library/Frameworks]


Detecting Fortran compiler ABI info compiled with the following output:
Change Dir: /Users/runner/work/OpenSees/OpenSees/build/CMakeFiles/CMakeTmp

Run Build Command(s):/usr/bin/make -f Makefile cmTC_3453f/fast && /Applications/Xcode_13.4.1.app/Contents/Developer/usr/bin/make  -f CMakeFiles/cmTC_3453f.dir/build.make CMakeFiles/cmTC_3453f.dir/build
Building Fortran object CMakeFiles/cmTC_3453f.dir/CMakeFortranCompilerABI.F90.o
/usr/local/bin/gfortran   -isysroot /Applications/Xcode_13.4.1.app/Contents/Developer/Platforms/MacOSX.platform/Developer/SDKs/MacOSX12.3.sdk   -v -Wl,-v -c /usr/local/Cellar/cmake/3.23.2/share/cmake/Modules/CMakeFortranCompilerABI.F90 -o CMakeFiles/cmTC_3453f.dir/CMakeFortranCompilerABI.F90.o
Using built-in specs.
COLLECT_GCC=/usr/local/bin/gfortran
Target: x86_64-apple-darwin21
Configured with: ../configure --prefix=/usr/local/opt/gcc --libdir=/usr/local/opt/gcc/lib/gcc/11 --disable-nls --enable-checking=release --with-gcc-major-version-only --enable-languages=c,c++,objc,obj-c++,fortran,d --program-suffix=-11 --with-gmp=/usr/local/opt/gmp --with-mpfr=/usr/local/opt/mpfr --with-mpc=/usr/local/opt/libmpc --with-isl=/usr/local/opt/isl --with-zstd=/usr/local/opt/zstd --with-pkgversion='Homebrew GCC 11.3.0_2' --with-bugurl=https://github.com/Homebrew/homebrew-core/issues --enable-libphobos --build=x86_64-apple-darwin21 --with-system-zlib --with-sysroot=/Library/Developer/CommandLineTools/SDKs/MacOSX12.sdk
Thread model: posix
Supported LTO compression algorithms: zlib zstd
gcc version 11.3.0 (Homebrew GCC 11.3.0_2) 
COLLECT_GCC_OPTIONS='-isysroot' '/Applications/Xcode_13.4.1.app/Contents/Developer/Platforms/MacOSX.platform/Developer/SDKs/MacOSX12.3.sdk' '-v' '-c' '-o' 'CMakeFiles/cmTC_3453f.dir/CMakeFortranCompilerABI.F90.o' '-mmacosx-version-min=12.5.0' '-asm_macosx_version_min=12.5' '-nodefaultexport' '-mtune=core2' '-dumpdir' 'CMakeFiles/cmTC_3453f.dir/'
 /usr/local/Cellar/gcc/11.3.0_2/bin/../libexec/gcc/x86_64-apple-darwin21/11/f951 /usr/local/Cellar/cmake/3.23.2/share/cmake/Modules/CMakeFortranCompilerABI.F90 -cpp=/var/folders/24/8k48jl6d249_n_qfxwsl6xvm0000gn/T//ccxvmt7H.f90 -quiet -v -iprefix /usr/local/Cellar/gcc/11.3.0_2/bin/../lib/gcc/11/gcc/x86_64-apple-darwin21/11/ -D__DYNAMIC__ -isysroot /Applications/Xcode_13.4.1.app/Contents/Developer/Platforms/MacOSX.platform/Developer/SDKs/MacOSX12.3.sdk /usr/local/Cellar/cmake/3.23.2/share/cmake/Modules/CMakeFortranCompilerABI.F90 -fPIC -quiet -dumpdir CMakeFiles/cmTC_3453f.dir/ -dumpbase CMakeFortranCompilerABI.F90.F90 -dumpbase-ext .F90 -mmacosx-version-min=12.5.0 -mtune=core2 -version -fintrinsic-modules-path /usr/local/Cellar/gcc/11.3.0_2/bin/../lib/gcc/11/gcc/x86_64-apple-darwin21/11/finclude -o /var/folders/24/8k48jl6d249_n_qfxwsl6xvm0000gn/T//ccMz17DB.s
GNU Fortran (Homebrew GCC 11.3.0_2) version 11.3.0 (x86_64-apple-darwin21)
	compiled by GNU C version 11.3.0, GMP version 6.2.1, MPFR version 4.1.0, MPC version 1.2.1, isl version isl-0.25-GMP

GGC heuristics: --param ggc-min-expand=100 --param ggc-min-heapsize=131072
ignoring nonexistent directory "/usr/local/Cellar/gcc/11.3.0_2/bin/../lib/gcc/11/gcc/x86_64-apple-darwin21/11/../../../../../../x86_64-apple-darwin21/include"
ignoring duplicate directory "/usr/local/Cellar/gcc/11.3.0_2/bin/../lib/gcc/11/gcc/../../../../lib/gcc/11/gcc/x86_64-apple-darwin21/11/include"
ignoring nonexistent directory "/Applications/Xcode_13.4.1.app/Contents/Developer/Platforms/MacOSX.platform/Developer/SDKs/MacOSX12.3.sdk/usr/local/include"
ignoring duplicate directory "/usr/local/Cellar/gcc/11.3.0_2/bin/../lib/gcc/11/gcc/../../../../lib/gcc/11/gcc/x86_64-apple-darwin21/11/include-fixed"
ignoring nonexistent directory "/usr/local/Cellar/gcc/11.3.0_2/bin/../lib/gcc/11/gcc/../../../../lib/gcc/11/gcc/x86_64-apple-darwin21/11/../../../../../../x86_64-apple-darwin21/include"
#include "..." search starts here:
#include <...> search starts here:
 /usr/local/Cellar/gcc/11.3.0_2/bin/../lib/gcc/11/gcc/x86_64-apple-darwin21/11/finclude
 /usr/local/Cellar/gcc/11.3.0_2/bin/../lib/gcc/11/gcc/x86_64-apple-darwin21/11/include
 /usr/local/Cellar/gcc/11.3.0_2/bin/../lib/gcc/11/gcc/x86_64-apple-darwin21/11/include-fixed
 /Applications/Xcode_13.4.1.app/Contents/Developer/Platforms/MacOSX.platform/Developer/SDKs/MacOSX12.3.sdk/usr/include
End of search list.
GNU Fortran2008 (Homebrew GCC 11.3.0_2) version 11.3.0 (x86_64-apple-darwin21)
	compiled by GNU C version 11.3.0, GMP version 6.2.1, MPFR version 4.1.0, MPC version 1.2.1, isl version isl-0.25-GMP

GGC heuristics: --param ggc-min-expand=100 --param ggc-min-heapsize=131072
COLLECT_GCC_OPTIONS='-isysroot' '/Applications/Xcode_13.4.1.app/Contents/Developer/Platforms/MacOSX.platform/Developer/SDKs/MacOSX12.3.sdk' '-v' '-c' '-o' 'CMakeFiles/cmTC_3453f.dir/CMakeFortranCompilerABI.F90.o' '-mmacosx-version-min=12.5.0'  '-nodefaultexport' '-mtune=core2' '-dumpdir' 'CMakeFiles/cmTC_3453f.dir/'
 as -arch x86_64 -v -mmacosx-version-min=12.5 -mllvm -x86-pad-for-align=false -force_cpusubtype_ALL -o CMakeFiles/cmTC_3453f.dir/CMakeFortranCompilerABI.F90.o /var/folders/24/8k48jl6d249_n_qfxwsl6xvm0000gn/T//ccMz17DB.s
Apple clang version 13.1.6 (clang-1316.0.21.2.5)
Target: x86_64-apple-darwin21.6.0
Thread model: posix
InstalledDir: /Applications/Xcode_13.4.1.app/Contents/Developer/Toolchains/XcodeDefault.xctoolchain/usr/bin
 "/Applications/Xcode_13.4.1.app/Contents/Developer/Toolchains/XcodeDefault.xctoolchain/usr/bin/clang" -cc1as -triple x86_64-apple-macosx12.5.0 -filetype obj -main-file-name ccMz17DB.s -target-cpu penryn -fdebug-compilation-dir=/Users/runner/work/OpenSees/OpenSees/build/CMakeFiles/CMakeTmp -dwarf-debug-producer "Apple clang version 13.1.6 (clang-1316.0.21.2.5)" -dwarf-version=4 -mrelocation-model pic --mrelax-relocations -mllvm -x86-pad-for-align=false -mllvm -disable-aligned-alloc-awareness=1 -o CMakeFiles/cmTC_3453f.dir/CMakeFortranCompilerABI.F90.o /var/folders/24/8k48jl6d249_n_qfxwsl6xvm0000gn/T//ccMz17DB.s
COMPILER_PATH=/usr/local/Cellar/gcc/11.3.0_2/bin/../libexec/gcc/x86_64-apple-darwin21/11/:/usr/local/Cellar/gcc/11.3.0_2/bin/../libexec/gcc/
LIBRARY_PATH=/usr/local/Cellar/gcc/11.3.0_2/bin/../lib/gcc/11/gcc/x86_64-apple-darwin21/11/:/usr/local/Cellar/gcc/11.3.0_2/bin/../lib/gcc/11/gcc/:/usr/local/Cellar/gcc/11.3.0_2/bin/../lib/gcc/11/gcc/x86_64-apple-darwin21/11/../../../
COLLECT_GCC_OPTIONS='-isysroot' '/Applications/Xcode_13.4.1.app/Contents/Developer/Platforms/MacOSX.platform/Developer/SDKs/MacOSX12.3.sdk' '-v' '-c' '-o' 'CMakeFiles/cmTC_3453f.dir/CMakeFortranCompilerABI.F90.o' '-mmacosx-version-min=12.5.0'  '-nodefaultexport' '-mtune=core2' '-dumpdir' 'CMakeFiles/cmTC_3453f.dir/CMakeFortranCompilerABI.F90.'
Linking Fortran executable cmTC_3453f
/usr/local/Cellar/cmake/3.23.2/bin/cmake -E cmake_link_script CMakeFiles/cmTC_3453f.dir/link.txt --verbose=1
/usr/local/bin/gfortran  -v -Wl,-v  -isysroot /Applications/Xcode_13.4.1.app/Contents/Developer/Platforms/MacOSX.platform/Developer/SDKs/MacOSX12.3.sdk CMakeFiles/cmTC_3453f.dir/CMakeFortranCompilerABI.F90.o -o cmTC_3453f 
Driving: /usr/local/bin/gfortran -v -Wl,-v -isysroot /Applications/Xcode_13.4.1.app/Contents/Developer/Platforms/MacOSX.platform/Developer/SDKs/MacOSX12.3.sdk CMakeFiles/cmTC_3453f.dir/CMakeFortranCompilerABI.F90.o -o cmTC_3453f -mmacosx-version-min=12.5.0 -asm_macosx_version_min=12.5 -nodefaultexport -l gfortran -shared-libgcc
Using built-in specs.
COLLECT_GCC=/usr/local/bin/gfortran
COLLECT_LTO_WRAPPER=/usr/local/Cellar/gcc/11.3.0_2/bin/../libexec/gcc/x86_64-apple-darwin21/11/lto-wrapper
Target: x86_64-apple-darwin21
Configured with: ../configure --prefix=/usr/local/opt/gcc --libdir=/usr/local/opt/gcc/lib/gcc/11 --disable-nls --enable-checking=release --with-gcc-major-version-only --enable-languages=c,c++,objc,obj-c++,fortran,d --program-suffix=-11 --with-gmp=/usr/local/opt/gmp --with-mpfr=/usr/local/opt/mpfr --with-mpc=/usr/local/opt/libmpc --with-isl=/usr/local/opt/isl --with-zstd=/usr/local/opt/zstd --with-pkgversion='Homebrew GCC 11.3.0_2' --with-bugurl=https://github.com/Homebrew/homebrew-core/issues --enable-libphobos --build=x86_64-apple-darwin21 --with-system-zlib --with-sysroot=/Library/Developer/CommandLineTools/SDKs/MacOSX12.sdk
Thread model: posix
Supported LTO compression algorithms: zlib zstd
gcc version 11.3.0 (Homebrew GCC 11.3.0_2) 
Reading specs from /usr/local/Cellar/gcc/11.3.0_2/bin/../lib/gcc/11/gcc/x86_64-apple-darwin21/11/../../../libgfortran.spec
rename spec lib to liborig
COLLECT_GCC_OPTIONS='-v' '-isysroot' '/Applications/Xcode_13.4.1.app/Contents/Developer/Platforms/MacOSX.platform/Developer/SDKs/MacOSX12.3.sdk' '-o' 'cmTC_3453f' '-mmacosx-version-min=12.5.0' '-asm_macosx_version_min=12.5' '-nodefaultexport' '-shared-libgcc' '-mtune=core2' '-dumpdir' 'cmTC_3453f-'
COMPILER_PATH=/usr/local/Cellar/gcc/11.3.0_2/bin/../libexec/gcc/x86_64-apple-darwin21/11/:/usr/local/Cellar/gcc/11.3.0_2/bin/../libexec/gcc/
LIBRARY_PATH=/usr/local/Cellar/gcc/11.3.0_2/bin/../lib/gcc/11/gcc/x86_64-apple-darwin21/11/:/usr/local/Cellar/gcc/11.3.0_2/bin/../lib/gcc/11/gcc/:/usr/local/Cellar/gcc/11.3.0_2/bin/../lib/gcc/11/gcc/x86_64-apple-darwin21/11/../../../
COLLECT_GCC_OPTIONS='-v' '-isysroot' '/Applications/Xcode_13.4.1.app/Contents/Developer/Platforms/MacOSX.platform/Developer/SDKs/MacOSX12.3.sdk' '-o' 'cmTC_3453f' '-mmacosx-version-min=12.5.0' '-asm_macosx_version_min=12.5' '-nodefaultexport' '-shared-libgcc' '-mtune=core2' '-dumpdir' 'cmTC_3453f.'
 /usr/local/Cellar/gcc/11.3.0_2/bin/../libexec/gcc/x86_64-apple-darwin21/11/collect2 -dynamic -arch x86_64 -syslibroot /Applications/Xcode_13.4.1.app/Contents/Developer/Platforms/MacOSX.platform/Developer/SDKs/MacOSX12.3.sdk -macosx_version_min 12.5.0 -o cmTC_3453f -L/usr/local/Cellar/gcc/11.3.0_2/bin/../lib/gcc/11/gcc/x86_64-apple-darwin21/11 -L/usr/local/Cellar/gcc/11.3.0_2/bin/../lib/gcc/11/gcc -L/usr/local/Cellar/gcc/11.3.0_2/bin/../lib/gcc/11/gcc/x86_64-apple-darwin21/11/../../.. -v CMakeFiles/cmTC_3453f.dir/CMakeFortranCompilerABI.F90.o -lgfortran -lemutls_w -lgcc -lquadmath -lm -lemutls_w -lgcc -lSystem -no_compact_unwind
collect2 version 11.3.0
/usr/bin/ld -dynamic -arch x86_64 -syslibroot /Applications/Xcode_13.4.1.app/Contents/Developer/Platforms/MacOSX.platform/Developer/SDKs/MacOSX12.3.sdk -macosx_version_min 12.5.0 -o cmTC_3453f -L/usr/local/Cellar/gcc/11.3.0_2/bin/../lib/gcc/11/gcc/x86_64-apple-darwin21/11 -L/usr/local/Cellar/gcc/11.3.0_2/bin/../lib/gcc/11/gcc -L/usr/local/Cellar/gcc/11.3.0_2/bin/../lib/gcc/11/gcc/x86_64-apple-darwin21/11/../../.. -v CMakeFiles/cmTC_3453f.dir/CMakeFortranCompilerABI.F90.o -lgfortran -lemutls_w -lgcc -lquadmath -lm -lemutls_w -lgcc -lSystem -no_compact_unwind
@(#)PROGRAM:ld  PROJECT:ld64-764
BUILD 11:29:01 May 17 2022
configured to support archs: armv6 armv7 armv7s arm64 arm64e arm64_32 i386 x86_64 x86_64h armv6m armv7k armv7m armv7em
Library search paths:
	/usr/local/Cellar/gcc/11.3.0_2/lib/gcc/11/gcc/x86_64-apple-darwin21/11
	/usr/local/Cellar/gcc/11.3.0_2/lib/gcc/11/gcc
	/usr/local/Cellar/gcc/11.3.0_2/lib/gcc/11
	/Applications/Xcode_13.4.1.app/Contents/Developer/Platforms/MacOSX.platform/Developer/SDKs/MacOSX12.3.sdk/usr/lib
Framework search paths:
	/Applications/Xcode_13.4.1.app/Contents/Developer/Platforms/MacOSX.platform/Developer/SDKs/MacOSX12.3.sdk/System/Library/Frameworks/



Parsed Fortran implicit include dir info from above output: rv=done
  found start of include info
  found start of implicit include info
    add: [/usr/local/Cellar/gcc/11.3.0_2/bin/../lib/gcc/11/gcc/x86_64-apple-darwin21/11/finclude]
    add: [/usr/local/Cellar/gcc/11.3.0_2/bin/../lib/gcc/11/gcc/x86_64-apple-darwin21/11/include]
    add: [/usr/local/Cellar/gcc/11.3.0_2/bin/../lib/gcc/11/gcc/x86_64-apple-darwin21/11/include-fixed]
    add: [/Applications/Xcode_13.4.1.app/Contents/Developer/Platforms/MacOSX.platform/Developer/SDKs/MacOSX12.3.sdk/usr/include]
  end of search list found
  collapse include dir [/usr/local/Cellar/gcc/11.3.0_2/bin/../lib/gcc/11/gcc/x86_64-apple-darwin21/11/finclude] ==> [/usr/local/Cellar/gcc/11.3.0_2/lib/gcc/11/gcc/x86_64-apple-darwin21/11/finclude]
  collapse include dir [/usr/local/Cellar/gcc/11.3.0_2/bin/../lib/gcc/11/gcc/x86_64-apple-darwin21/11/include] ==> [/usr/local/Cellar/gcc/11.3.0_2/lib/gcc/11/gcc/x86_64-apple-darwin21/11/include]
  collapse include dir [/usr/local/Cellar/gcc/11.3.0_2/bin/../lib/gcc/11/gcc/x86_64-apple-darwin21/11/include-fixed] ==> [/usr/local/Cellar/gcc/11.3.0_2/lib/gcc/11/gcc/x86_64-apple-darwin21/11/include-fixed]
  collapse include dir [/Applications/Xcode_13.4.1.app/Contents/Developer/Platforms/MacOSX.platform/Developer/SDKs/MacOSX12.3.sdk/usr/include] ==> [/Applications/Xcode_13.4.1.app/Contents/Developer/Platforms/MacOSX.platform/Developer/SDKs/MacOSX12.3.sdk/usr/include]
  implicit include dirs: [/usr/local/Cellar/gcc/11.3.0_2/lib/gcc/11/gcc/x86_64-apple-darwin21/11/finclude;/usr/local/Cellar/gcc/11.3.0_2/lib/gcc/11/gcc/x86_64-apple-darwin21/11/include;/usr/local/Cellar/gcc/11.3.0_2/lib/gcc/11/gcc/x86_64-apple-darwin21/11/include-fixed;/Applications/Xcode_13.4.1.app/Contents/Developer/Platforms/MacOSX.platform/Developer/SDKs/MacOSX12.3.sdk/usr/include]


Parsed Fortran implicit link information from above output:
  link line regex: [^( *|.*[/\])(ld|CMAKE_LINK_STARTFILE-NOTFOUND|([^/\]+-)?ld|collect2)[^/\]*( |$)]
  ignore line: [Change Dir: /Users/runner/work/OpenSees/OpenSees/build/CMakeFiles/CMakeTmp]
  ignore line: []
  ignore line: [Run Build Command(s):/usr/bin/make -f Makefile cmTC_3453f/fast && /Applications/Xcode_13.4.1.app/Contents/Developer/usr/bin/make  -f CMakeFiles/cmTC_3453f.dir/build.make CMakeFiles/cmTC_3453f.dir/build]
  ignore line: [Building Fortran object CMakeFiles/cmTC_3453f.dir/CMakeFortranCompilerABI.F90.o]
  ignore line: [/usr/local/bin/gfortran   -isysroot /Applications/Xcode_13.4.1.app/Contents/Developer/Platforms/MacOSX.platform/Developer/SDKs/MacOSX12.3.sdk   -v -Wl -v -c /usr/local/Cellar/cmake/3.23.2/share/cmake/Modules/CMakeFortranCompilerABI.F90 -o CMakeFiles/cmTC_3453f.dir/CMakeFortranCompilerABI.F90.o]
  ignore line: [Using built-in specs.]
  ignore line: [COLLECT_GCC=/usr/local/bin/gfortran]
  ignore line: [Target: x86_64-apple-darwin21]
  ignore line: [Configured with: ../configure --prefix=/usr/local/opt/gcc --libdir=/usr/local/opt/gcc/lib/gcc/11 --disable-nls --enable-checking=release --with-gcc-major-version-only --enable-languages=c c++ objc obj-c++ fortran d --program-suffix=-11 --with-gmp=/usr/local/opt/gmp --with-mpfr=/usr/local/opt/mpfr --with-mpc=/usr/local/opt/libmpc --with-isl=/usr/local/opt/isl --with-zstd=/usr/local/opt/zstd --with-pkgversion='Homebrew GCC 11.3.0_2' --with-bugurl=https://github.com/Homebrew/homebrew-core/issues --enable-libphobos --build=x86_64-apple-darwin21 --with-system-zlib --with-sysroot=/Library/Developer/CommandLineTools/SDKs/MacOSX12.sdk]
  ignore line: [Thread model: posix]
  ignore line: [Supported LTO compression algorithms: zlib zstd]
  ignore line: [gcc version 11.3.0 (Homebrew GCC 11.3.0_2) ]
  ignore line: [COLLECT_GCC_OPTIONS='-isysroot' '/Applications/Xcode_13.4.1.app/Contents/Developer/Platforms/MacOSX.platform/Developer/SDKs/MacOSX12.3.sdk' '-v' '-c' '-o' 'CMakeFiles/cmTC_3453f.dir/CMakeFortranCompilerABI.F90.o' '-mmacosx-version-min=12.5.0' '-asm_macosx_version_min=12.5' '-nodefaultexport' '-mtune=core2' '-dumpdir' 'CMakeFiles/cmTC_3453f.dir/']
  ignore line: [ /usr/local/Cellar/gcc/11.3.0_2/bin/../libexec/gcc/x86_64-apple-darwin21/11/f951 /usr/local/Cellar/cmake/3.23.2/share/cmake/Modules/CMakeFortranCompilerABI.F90 -cpp=/var/folders/24/8k48jl6d249_n_qfxwsl6xvm0000gn/T//ccxvmt7H.f90 -quiet -v -iprefix /usr/local/Cellar/gcc/11.3.0_2/bin/../lib/gcc/11/gcc/x86_64-apple-darwin21/11/ -D__DYNAMIC__ -isysroot /Applications/Xcode_13.4.1.app/Contents/Developer/Platforms/MacOSX.platform/Developer/SDKs/MacOSX12.3.sdk /usr/local/Cellar/cmake/3.23.2/share/cmake/Modules/CMakeFortranCompilerABI.F90 -fPIC -quiet -dumpdir CMakeFiles/cmTC_3453f.dir/ -dumpbase CMakeFortranCompilerABI.F90.F90 -dumpbase-ext .F90 -mmacosx-version-min=12.5.0 -mtune=core2 -version -fintrinsic-modules-path /usr/local/Cellar/gcc/11.3.0_2/bin/../lib/gcc/11/gcc/x86_64-apple-darwin21/11/finclude -o /var/folders/24/8k48jl6d249_n_qfxwsl6xvm0000gn/T//ccMz17DB.s]
  ignore line: [GNU Fortran (Homebrew GCC 11.3.0_2) version 11.3.0 (x86_64-apple-darwin21)]
  ignore line: [	compiled by GNU C version 11.3.0  GMP version 6.2.1  MPFR version 4.1.0  MPC version 1.2.1  isl version isl-0.25-GMP]
  ignore line: []
  ignore line: [GGC heuristics: --param ggc-min-expand=100 --param ggc-min-heapsize=131072]
  ignore line: [ignoring nonexistent directory "/usr/local/Cellar/gcc/11.3.0_2/bin/../lib/gcc/11/gcc/x86_64-apple-darwin21/11/../../../../../../x86_64-apple-darwin21/include"]
  ignore line: [ignoring duplicate directory "/usr/local/Cellar/gcc/11.3.0_2/bin/../lib/gcc/11/gcc/../../../../lib/gcc/11/gcc/x86_64-apple-darwin21/11/include"]
  ignore line: [ignoring nonexistent directory "/Applications/Xcode_13.4.1.app/Contents/Developer/Platforms/MacOSX.platform/Developer/SDKs/MacOSX12.3.sdk/usr/local/include"]
  ignore line: [ignoring duplicate directory "/usr/local/Cellar/gcc/11.3.0_2/bin/../lib/gcc/11/gcc/../../../../lib/gcc/11/gcc/x86_64-apple-darwin21/11/include-fixed"]
  ignore line: [ignoring nonexistent directory "/usr/local/Cellar/gcc/11.3.0_2/bin/../lib/gcc/11/gcc/../../../../lib/gcc/11/gcc/x86_64-apple-darwin21/11/../../../../../../x86_64-apple-darwin21/include"]
  ignore line: [#include "..." search starts here:]
  ignore line: [#include <...> search starts here:]
  ignore line: [ /usr/local/Cellar/gcc/11.3.0_2/bin/../lib/gcc/11/gcc/x86_64-apple-darwin21/11/finclude]
  ignore line: [ /usr/local/Cellar/gcc/11.3.0_2/bin/../lib/gcc/11/gcc/x86_64-apple-darwin21/11/include]
  ignore line: [ /usr/local/Cellar/gcc/11.3.0_2/bin/../lib/gcc/11/gcc/x86_64-apple-darwin21/11/include-fixed]
  ignore line: [ /Applications/Xcode_13.4.1.app/Contents/Developer/Platforms/MacOSX.platform/Developer/SDKs/MacOSX12.3.sdk/usr/include]
  ignore line: [End of search list.]
  ignore line: [GNU Fortran2008 (Homebrew GCC 11.3.0_2) version 11.3.0 (x86_64-apple-darwin21)]
  ignore line: [	compiled by GNU C version 11.3.0  GMP version 6.2.1  MPFR version 4.1.0  MPC version 1.2.1  isl version isl-0.25-GMP]
  ignore line: []
  ignore line: [GGC heuristics: --param ggc-min-expand=100 --param ggc-min-heapsize=131072]
  ignore line: [COLLECT_GCC_OPTIONS='-isysroot' '/Applications/Xcode_13.4.1.app/Contents/Developer/Platforms/MacOSX.platform/Developer/SDKs/MacOSX12.3.sdk' '-v' '-c' '-o' 'CMakeFiles/cmTC_3453f.dir/CMakeFortranCompilerABI.F90.o' '-mmacosx-version-min=12.5.0'  '-nodefaultexport' '-mtune=core2' '-dumpdir' 'CMakeFiles/cmTC_3453f.dir/']
  ignore line: [ as -arch x86_64 -v -mmacosx-version-min=12.5 -mllvm -x86-pad-for-align=false -force_cpusubtype_ALL -o CMakeFiles/cmTC_3453f.dir/CMakeFortranCompilerABI.F90.o /var/folders/24/8k48jl6d249_n_qfxwsl6xvm0000gn/T//ccMz17DB.s]
  ignore line: [Apple clang version 13.1.6 (clang-1316.0.21.2.5)]
  ignore line: [Target: x86_64-apple-darwin21.6.0]
  ignore line: [Thread model: posix]
  ignore line: [InstalledDir: /Applications/Xcode_13.4.1.app/Contents/Developer/Toolchains/XcodeDefault.xctoolchain/usr/bin]
  ignore line: [ "/Applications/Xcode_13.4.1.app/Contents/Developer/Toolchains/XcodeDefault.xctoolchain/usr/bin/clang" -cc1as -triple x86_64-apple-macosx12.5.0 -filetype obj -main-file-name ccMz17DB.s -target-cpu penryn -fdebug-compilation-dir=/Users/runner/work/OpenSees/OpenSees/build/CMakeFiles/CMakeTmp -dwarf-debug-producer "Apple clang version 13.1.6 (clang-1316.0.21.2.5)" -dwarf-version=4 -mrelocation-model pic --mrelax-relocations -mllvm -x86-pad-for-align=false -mllvm -disable-aligned-alloc-awareness=1 -o CMakeFiles/cmTC_3453f.dir/CMakeFortranCompilerABI.F90.o /var/folders/24/8k48jl6d249_n_qfxwsl6xvm0000gn/T//ccMz17DB.s]
  ignore line: [COMPILER_PATH=/usr/local/Cellar/gcc/11.3.0_2/bin/../libexec/gcc/x86_64-apple-darwin21/11/:/usr/local/Cellar/gcc/11.3.0_2/bin/../libexec/gcc/]
  ignore line: [LIBRARY_PATH=/usr/local/Cellar/gcc/11.3.0_2/bin/../lib/gcc/11/gcc/x86_64-apple-darwin21/11/:/usr/local/Cellar/gcc/11.3.0_2/bin/../lib/gcc/11/gcc/:/usr/local/Cellar/gcc/11.3.0_2/bin/../lib/gcc/11/gcc/x86_64-apple-darwin21/11/../../../]
  ignore line: [COLLECT_GCC_OPTIONS='-isysroot' '/Applications/Xcode_13.4.1.app/Contents/Developer/Platforms/MacOSX.platform/Developer/SDKs/MacOSX12.3.sdk' '-v' '-c' '-o' 'CMakeFiles/cmTC_3453f.dir/CMakeFortranCompilerABI.F90.o' '-mmacosx-version-min=12.5.0'  '-nodefaultexport' '-mtune=core2' '-dumpdir' 'CMakeFiles/cmTC_3453f.dir/CMakeFortranCompilerABI.F90.']
  ignore line: [Linking Fortran executable cmTC_3453f]
  ignore line: [/usr/local/Cellar/cmake/3.23.2/bin/cmake -E cmake_link_script CMakeFiles/cmTC_3453f.dir/link.txt --verbose=1]
  ignore line: [/usr/local/bin/gfortran  -v -Wl -v  -isysroot /Applications/Xcode_13.4.1.app/Contents/Developer/Platforms/MacOSX.platform/Developer/SDKs/MacOSX12.3.sdk CMakeFiles/cmTC_3453f.dir/CMakeFortranCompilerABI.F90.o -o cmTC_3453f ]
  ignore line: [Driving: /usr/local/bin/gfortran -v -Wl -v -isysroot /Applications/Xcode_13.4.1.app/Contents/Developer/Platforms/MacOSX.platform/Developer/SDKs/MacOSX12.3.sdk CMakeFiles/cmTC_3453f.dir/CMakeFortranCompilerABI.F90.o -o cmTC_3453f -mmacosx-version-min=12.5.0 -asm_macosx_version_min=12.5 -nodefaultexport -l gfortran -shared-libgcc]
  ignore line: [Using built-in specs.]
  ignore line: [COLLECT_GCC=/usr/local/bin/gfortran]
  ignore line: [COLLECT_LTO_WRAPPER=/usr/local/Cellar/gcc/11.3.0_2/bin/../libexec/gcc/x86_64-apple-darwin21/11/lto-wrapper]
  ignore line: [Target: x86_64-apple-darwin21]
  ignore line: [Configured with: ../configure --prefix=/usr/local/opt/gcc --libdir=/usr/local/opt/gcc/lib/gcc/11 --disable-nls --enable-checking=release --with-gcc-major-version-only --enable-languages=c c++ objc obj-c++ fortran d --program-suffix=-11 --with-gmp=/usr/local/opt/gmp --with-mpfr=/usr/local/opt/mpfr --with-mpc=/usr/local/opt/libmpc --with-isl=/usr/local/opt/isl --with-zstd=/usr/local/opt/zstd --with-pkgversion='Homebrew GCC 11.3.0_2' --with-bugurl=https://github.com/Homebrew/homebrew-core/issues --enable-libphobos --build=x86_64-apple-darwin21 --with-system-zlib --with-sysroot=/Library/Developer/CommandLineTools/SDKs/MacOSX12.sdk]
  ignore line: [Thread model: posix]
  ignore line: [Supported LTO compression algorithms: zlib zstd]
  ignore line: [gcc version 11.3.0 (Homebrew GCC 11.3.0_2) ]
  ignore line: [Reading specs from /usr/local/Cellar/gcc/11.3.0_2/bin/../lib/gcc/11/gcc/x86_64-apple-darwin21/11/../../../libgfortran.spec]
  ignore line: [rename spec lib to liborig]
  ignore line: [COLLECT_GCC_OPTIONS='-v' '-isysroot' '/Applications/Xcode_13.4.1.app/Contents/Developer/Platforms/MacOSX.platform/Developer/SDKs/MacOSX12.3.sdk' '-o' 'cmTC_3453f' '-mmacosx-version-min=12.5.0' '-asm_macosx_version_min=12.5' '-nodefaultexport' '-shared-libgcc' '-mtune=core2' '-dumpdir' 'cmTC_3453f-']
  ignore line: [COMPILER_PATH=/usr/local/Cellar/gcc/11.3.0_2/bin/../libexec/gcc/x86_64-apple-darwin21/11/:/usr/local/Cellar/gcc/11.3.0_2/bin/../libexec/gcc/]
  ignore line: [LIBRARY_PATH=/usr/local/Cellar/gcc/11.3.0_2/bin/../lib/gcc/11/gcc/x86_64-apple-darwin21/11/:/usr/local/Cellar/gcc/11.3.0_2/bin/../lib/gcc/11/gcc/:/usr/local/Cellar/gcc/11.3.0_2/bin/../lib/gcc/11/gcc/x86_64-apple-darwin21/11/../../../]
  ignore line: [COLLECT_GCC_OPTIONS='-v' '-isysroot' '/Applications/Xcode_13.4.1.app/Contents/Developer/Platforms/MacOSX.platform/Developer/SDKs/MacOSX12.3.sdk' '-o' 'cmTC_3453f' '-mmacosx-version-min=12.5.0' '-asm_macosx_version_min=12.5' '-nodefaultexport' '-shared-libgcc' '-mtune=core2' '-dumpdir' 'cmTC_3453f.']
  link line: [ /usr/local/Cellar/gcc/11.3.0_2/bin/../libexec/gcc/x86_64-apple-darwin21/11/collect2 -dynamic -arch x86_64 -syslibroot /Applications/Xcode_13.4.1.app/Contents/Developer/Platforms/MacOSX.platform/Developer/SDKs/MacOSX12.3.sdk -macosx_version_min 12.5.0 -o cmTC_3453f -L/usr/local/Cellar/gcc/11.3.0_2/bin/../lib/gcc/11/gcc/x86_64-apple-darwin21/11 -L/usr/local/Cellar/gcc/11.3.0_2/bin/../lib/gcc/11/gcc -L/usr/local/Cellar/gcc/11.3.0_2/bin/../lib/gcc/11/gcc/x86_64-apple-darwin21/11/../../.. -v CMakeFiles/cmTC_3453f.dir/CMakeFortranCompilerABI.F90.o -lgfortran -lemutls_w -lgcc -lquadmath -lm -lemutls_w -lgcc -lSystem -no_compact_unwind]
    arg [/usr/local/Cellar/gcc/11.3.0_2/bin/../libexec/gcc/x86_64-apple-darwin21/11/collect2] ==> ignore
    arg [-dynamic] ==> ignore
    arg [-arch] ==> ignore
    arg [x86_64] ==> ignore
    arg [-syslibroot] ==> ignore
    arg [/Applications/Xcode_13.4.1.app/Contents/Developer/Platforms/MacOSX.platform/Developer/SDKs/MacOSX12.3.sdk] ==> ignore
    arg [-macosx_version_min] ==> ignore
    arg [12.5.0] ==> ignore
    arg [-o] ==> ignore
    arg [cmTC_3453f] ==> ignore
    arg [-L/usr/local/Cellar/gcc/11.3.0_2/bin/../lib/gcc/11/gcc/x86_64-apple-darwin21/11] ==> dir [/usr/local/Cellar/gcc/11.3.0_2/bin/../lib/gcc/11/gcc/x86_64-apple-darwin21/11]
    arg [-L/usr/local/Cellar/gcc/11.3.0_2/bin/../lib/gcc/11/gcc] ==> dir [/usr/local/Cellar/gcc/11.3.0_2/bin/../lib/gcc/11/gcc]
    arg [-L/usr/local/Cellar/gcc/11.3.0_2/bin/../lib/gcc/11/gcc/x86_64-apple-darwin21/11/../../..] ==> dir [/usr/local/Cellar/gcc/11.3.0_2/bin/../lib/gcc/11/gcc/x86_64-apple-darwin21/11/../../..]
    arg [-v] ==> ignore
    arg [CMakeFiles/cmTC_3453f.dir/CMakeFortranCompilerABI.F90.o] ==> ignore
    arg [-lgfortran] ==> lib [gfortran]
    arg [-lemutls_w] ==> lib [emutls_w]
    arg [-lgcc] ==> lib [gcc]
    arg [-lquadmath] ==> lib [quadmath]
    arg [-lm] ==> lib [m]
    arg [-lemutls_w] ==> lib [emutls_w]
    arg [-lgcc] ==> lib [gcc]
    arg [-lSystem] ==> lib [System]
    arg [-no_compact_unwind] ==> ignore
  Library search paths: [;/usr/local/Cellar/gcc/11.3.0_2/lib/gcc/11/gcc/x86_64-apple-darwin21/11;/usr/local/Cellar/gcc/11.3.0_2/lib/gcc/11/gcc;/usr/local/Cellar/gcc/11.3.0_2/lib/gcc/11;/Applications/Xcode_13.4.1.app/Contents/Developer/Platforms/MacOSX.platform/Developer/SDKs/MacOSX12.3.sdk/usr/lib]
  Framework search paths: [;/Applications/Xcode_13.4.1.app/Contents/Developer/Platforms/MacOSX.platform/Developer/SDKs/MacOSX12.3.sdk/System/Library/Frameworks/]
  remove lib [System]
  collapse library dir [/usr/local/Cellar/gcc/11.3.0_2/bin/../lib/gcc/11/gcc/x86_64-apple-darwin21/11] ==> [/usr/local/Cellar/gcc/11.3.0_2/lib/gcc/11/gcc/x86_64-apple-darwin21/11]
  collapse library dir [/usr/local/Cellar/gcc/11.3.0_2/bin/../lib/gcc/11/gcc] ==> [/usr/local/Cellar/gcc/11.3.0_2/lib/gcc/11/gcc]
  collapse library dir [/usr/local/Cellar/gcc/11.3.0_2/bin/../lib/gcc/11/gcc/x86_64-apple-darwin21/11/../../..] ==> [/usr/local/Cellar/gcc/11.3.0_2/lib/gcc/11]
  collapse library dir [/usr/local/Cellar/gcc/11.3.0_2/lib/gcc/11/gcc/x86_64-apple-darwin21/11] ==> [/usr/local/Cellar/gcc/11.3.0_2/lib/gcc/11/gcc/x86_64-apple-darwin21/11]
  collapse library dir [/usr/local/Cellar/gcc/11.3.0_2/lib/gcc/11/gcc] ==> [/usr/local/Cellar/gcc/11.3.0_2/lib/gcc/11/gcc]
  collapse library dir [/usr/local/Cellar/gcc/11.3.0_2/lib/gcc/11] ==> [/usr/local/Cellar/gcc/11.3.0_2/lib/gcc/11]
  collapse library dir [/Applications/Xcode_13.4.1.app/Contents/Developer/Platforms/MacOSX.platform/Developer/SDKs/MacOSX12.3.sdk/usr/lib] ==> [/Applications/Xcode_13.4.1.app/Contents/Developer/Platforms/MacOSX.platform/Developer/SDKs/MacOSX12.3.sdk/usr/lib]
  collapse framework dir [/Applications/Xcode_13.4.1.app/Contents/Developer/Platforms/MacOSX.platform/Developer/SDKs/MacOSX12.3.sdk/System/Library/Frameworks/] ==> [/Applications/Xcode_13.4.1.app/Contents/Developer/Platforms/MacOSX.platform/Developer/SDKs/MacOSX12.3.sdk/System/Library/Frameworks]
  implicit libs: [gfortran;emutls_w;gcc;quadmath;m;emutls_w;gcc]
  implicit objs: []
  implicit dirs: [/usr/local/Cellar/gcc/11.3.0_2/lib/gcc/11/gcc/x86_64-apple-darwin21/11;/usr/local/Cellar/gcc/11.3.0_2/lib/gcc/11/gcc;/usr/local/Cellar/gcc/11.3.0_2/lib/gcc/11;/Applications/Xcode_13.4.1.app/Contents/Developer/Platforms/MacOSX.platform/Developer/SDKs/MacOSX12.3.sdk/usr/lib]
  implicit fwks: [/Applications/Xcode_13.4.1.app/Contents/Developer/Platforms/MacOSX.platform/Developer/SDKs/MacOSX12.3.sdk/System/Library/Frameworks]


Determining if the include file pthread.h exists passed with the following output:
Change Dir: /Users/runner/work/OpenSees/OpenSees/build/CMakeFiles/CMakeTmp

Run Build Command(s):/usr/bin/make -f Makefile cmTC_415de/fast && /Applications/Xcode_13.4.1.app/Contents/Developer/usr/bin/make  -f CMakeFiles/cmTC_415de.dir/build.make CMakeFiles/cmTC_415de.dir/build
Building C object CMakeFiles/cmTC_415de.dir/CheckIncludeFile.c.o
/Applications/Xcode_13.4.1.app/Contents/Developer/Toolchains/XcodeDefault.xctoolchain/usr/bin/cc  -I/Users/runner/.conan/data/libmysqlclient/8.0.25/_/_/package/98e07127027e502b26433a41fd5260c0e912e745/include -isysroot /Applications/Xcode_13.4.1.app/Contents/Developer/Platforms/MacOSX.platform/Developer/SDKs/MacOSX12.3.sdk -MD -MT CMakeFiles/cmTC_415de.dir/CheckIncludeFile.c.o -MF CMakeFiles/cmTC_415de.dir/CheckIncludeFile.c.o.d -o CMakeFiles/cmTC_415de.dir/CheckIncludeFile.c.o -c /Users/runner/work/OpenSees/OpenSees/build/CMakeFiles/CMakeTmp/CheckIncludeFile.c
Linking C executable cmTC_415de
/usr/local/Cellar/cmake/3.23.2/bin/cmake -E cmake_link_script CMakeFiles/cmTC_415de.dir/link.txt --verbose=1
/Applications/Xcode_13.4.1.app/Contents/Developer/Toolchains/XcodeDefault.xctoolchain/usr/bin/cc  -isysroot /Applications/Xcode_13.4.1.app/Contents/Developer/Platforms/MacOSX.platform/Developer/SDKs/MacOSX12.3.sdk -Wl,-search_paths_first -Wl,-headerpad_max_install_names CMakeFiles/cmTC_415de.dir/CheckIncludeFile.c.o -o cmTC_415de 



Performing C SOURCE FILE Test CMAKE_HAVE_LIBC_PTHREAD succeeded with the following output:
Change Dir: /Users/runner/work/OpenSees/OpenSees/build/CMakeFiles/CMakeTmp

Run Build Command(s):/usr/bin/make -f Makefile cmTC_ecd3f/fast && /Applications/Xcode_13.4.1.app/Contents/Developer/usr/bin/make  -f CMakeFiles/cmTC_ecd3f.dir/build.make CMakeFiles/cmTC_ecd3f.dir/build
Building C object CMakeFiles/cmTC_ecd3f.dir/src.c.o
/Applications/Xcode_13.4.1.app/Contents/Developer/Toolchains/XcodeDefault.xctoolchain/usr/bin/cc -DCMAKE_HAVE_LIBC_PTHREAD -I/Users/runner/.conan/data/libmysqlclient/8.0.25/_/_/package/98e07127027e502b26433a41fd5260c0e912e745/include -isysroot /Applications/Xcode_13.4.1.app/Contents/Developer/Platforms/MacOSX.platform/Developer/SDKs/MacOSX12.3.sdk -MD -MT CMakeFiles/cmTC_ecd3f.dir/src.c.o -MF CMakeFiles/cmTC_ecd3f.dir/src.c.o.d -o CMakeFiles/cmTC_ecd3f.dir/src.c.o -c /Users/runner/work/OpenSees/OpenSees/build/CMakeFiles/CMakeTmp/src.c
Linking C executable cmTC_ecd3f
/usr/local/Cellar/cmake/3.23.2/bin/cmake -E cmake_link_script CMakeFiles/cmTC_ecd3f.dir/link.txt --verbose=1
/Applications/Xcode_13.4.1.app/Contents/Developer/Toolchains/XcodeDefault.xctoolchain/usr/bin/cc  -isysroot /Applications/Xcode_13.4.1.app/Contents/Developer/Platforms/MacOSX.platform/Developer/SDKs/MacOSX12.3.sdk -Wl,-search_paths_first -Wl,-headerpad_max_install_names CMakeFiles/cmTC_ecd3f.dir/src.c.o -o cmTC_ecd3f 


Source file was:
#include <pthread.h>

static void* test_func(void* data)
{
  return data;
}

int main(void)
{
  pthread_t thread;
  pthread_create(&thread, NULL, test_func, NULL);
  pthread_detach(thread);
  pthread_cancel(thread);
  pthread_join(thread, NULL);
  pthread_atfork(NULL, NULL, NULL);
  pthread_exit(NULL);

  return 0;
}

Determining if the Fortran dgemm exists passed with the following output:
Change Dir: /Users/runner/work/OpenSees/OpenSees/build/CMakeFiles/CMakeTmp

Run Build Command(s):/usr/bin/make -f Makefile cmTC_1890a/fast && /Applications/Xcode_13.4.1.app/Contents/Developer/usr/bin/make  -f CMakeFiles/cmTC_1890a.dir/build.make CMakeFiles/cmTC_1890a.dir/build
Building Fortran object CMakeFiles/cmTC_1890a.dir/testFortranCompiler.f.o
/usr/local/bin/gfortran   -isysroot /Applications/Xcode_13.4.1.app/Contents/Developer/Platforms/MacOSX.platform/Developer/SDKs/MacOSX12.3.sdk -c /Users/runner/work/OpenSees/OpenSees/build/CMakeFiles/CMakeTmp/testFortranCompiler.f -o CMakeFiles/cmTC_1890a.dir/testFortranCompiler.f.o
Linking Fortran executable cmTC_1890a
/usr/local/Cellar/cmake/3.23.2/bin/cmake -E cmake_link_script CMakeFiles/cmTC_1890a.dir/link.txt --verbose=1
/usr/local/bin/gfortran  -isysroot /Applications/Xcode_13.4.1.app/Contents/Developer/Platforms/MacOSX.platform/Developer/SDKs/MacOSX12.3.sdk CMakeFiles/cmTC_1890a.dir/testFortranCompiler.f.o -o cmTC_1890a  -framework Accelerate 



Determining if the Fortran cheev exists passed with the following output:
Change Dir: /Users/runner/work/OpenSees/OpenSees/build/CMakeFiles/CMakeTmp

Run Build Command(s):/usr/bin/make -f Makefile cmTC_7e07c/fast && /Applications/Xcode_13.4.1.app/Contents/Developer/usr/bin/make  -f CMakeFiles/cmTC_7e07c.dir/build.make CMakeFiles/cmTC_7e07c.dir/build
Building Fortran object CMakeFiles/cmTC_7e07c.dir/testFortranCompiler.f.o
/usr/local/bin/gfortran   -isysroot /Applications/Xcode_13.4.1.app/Contents/Developer/Platforms/MacOSX.platform/Developer/SDKs/MacOSX12.3.sdk -c /Users/runner/work/OpenSees/OpenSees/build/CMakeFiles/CMakeTmp/testFortranCompiler.f -o CMakeFiles/cmTC_7e07c.dir/testFortranCompiler.f.o
Linking Fortran executable cmTC_7e07c
/usr/local/Cellar/cmake/3.23.2/bin/cmake -E cmake_link_script CMakeFiles/cmTC_7e07c.dir/link.txt --verbose=1
/usr/local/bin/gfortran  -isysroot /Applications/Xcode_13.4.1.app/Contents/Developer/Platforms/MacOSX.platform/Developer/SDKs/MacOSX12.3.sdk CMakeFiles/cmTC_7e07c.dir/testFortranCompiler.f.o -o cmTC_7e07c  -framework Accelerate -lm -ldl 



