The system is: Windows - 10.0.18362 - AMD64
Compiling the C compiler identification source file "CMakeCCompilerId.c" succeeded.
Compiler: C:/Program Files (x86)/Microsoft Visual Studio/2019/Enterprise/VC/Tools/MSVC/14.22.27905/bin/HostX64/x64/cl.exe 
Build flags: 
Id flags:  

The output was:
0
Microsoft (R) C/C++ Optimizing Compiler Version 19.22.27905 for x64
Copyright (C) Microsoft Corporation.  All rights reserved.

CMakeCCompilerId.c
Microsoft (R) Incremental Linker Version 14.22.27905.0
Copyright (C) Microsoft Corporation.  All rights reserved.

/out:CMakeCCompilerId.exe 
CMakeCCompilerId.obj 


Compilation of the C compiler identification source "CMakeCCompilerId.c" produced "CMakeCCompilerId.exe"

Compilation of the C compiler identification source "CMakeCCompilerId.c" produced "CMakeCCompilerId.obj"

The C compiler identification is MSVC, found in "C:/Git Projects/OpenSees.NET/OpenSees/OTHER/Tetgen/out/build/x64-Debug/CMakeFiles/3.14.19060802-MSVC_2/CompilerIdC/CMakeCCompilerId.exe"

Compiling the CXX compiler identification source file "CMakeCXXCompilerId.cpp" succeeded.
Compiler: C:/Program Files (x86)/Microsoft Visual Studio/2019/Enterprise/VC/Tools/MSVC/14.22.27905/bin/HostX64/x64/cl.exe 
Build flags: 
Id flags:  

The output was:
0
Microsoft (R) C/C++ Optimizing Compiler Version 19.22.27905 for x64
Copyright (C) Microsoft Corporation.  All rights reserved.

CMakeCXXCompilerId.cpp
Microsoft (R) Incremental Linker Version 14.22.27905.0
Copyright (C) Microsoft Corporation.  All rights reserved.

/out:CMakeCXXCompilerId.exe 
CMakeCXXCompilerId.obj 


Compilation of the CXX compiler identification source "CMakeCXXCompilerId.cpp" produced "CMakeCXXCompilerId.exe"

Compilation of the CXX compiler identification source "CMakeCXXCompilerId.cpp" produced "CMakeCXXCompilerId.obj"

The CXX compiler identification is MSVC, found in "C:/Git Projects/OpenSees.NET/OpenSees/OTHER/Tetgen/out/build/x64-Debug/CMakeFiles/3.14.19060802-MSVC_2/CompilerIdCXX/CMakeCXXCompilerId.exe"

Determining if the C compiler works passed with the following output:
Change Dir: C:/Git Projects/OpenSees.NET/OpenSees/OTHER/Tetgen/out/build/x64-Debug/CMakeFiles/CMakeTmp

Run Build Command(s):C:/Program Files (x86)/Microsoft Visual Studio/2019/Enterprise/Common7/IDE/CommonExtensions/Microsoft/CMake/Ninja/ninja.exe cmTC_55ebb 
[1/2] Building C object CMakeFiles\cmTC_55ebb.dir\testCCompiler.c.obj
[2/2] Linking C executable cmTC_55ebb.exe


Detecting C compiler ABI info compiled with the following output:
Change Dir: C:/Git Projects/OpenSees.NET/OpenSees/OTHER/Tetgen/out/build/x64-Debug/CMakeFiles/CMakeTmp

Run Build Command(s):C:/Program Files (x86)/Microsoft Visual Studio/2019/Enterprise/Common7/IDE/CommonExtensions/Microsoft/CMake/Ninja/ninja.exe cmTC_0578f 
[1/2] Building C object CMakeFiles\cmTC_0578f.dir\CMakeCCompilerABI.c.obj
[2/2] Linking C executable cmTC_0578f.exe




Detecting C [] compiler features compiled with the following output:
Change Dir: C:/Git Projects/OpenSees.NET/OpenSees/OTHER/Tetgen/out/build/x64-Debug/CMakeFiles/CMakeTmp

Run Build Command(s):C:/Program Files (x86)/Microsoft Visual Studio/2019/Enterprise/Common7/IDE/CommonExtensions/Microsoft/CMake/Ninja/ninja.exe cmTC_d6ff3 
[1/2] Building C object CMakeFiles\cmTC_d6ff3.dir\feature_tests.c.obj
[2/2] Linking C executable cmTC_d6ff3.exe


    Feature record: C_FEATURE:1c_function_prototypes
    Feature record: C_FEATURE:1c_variadic_macros
Determining if the CXX compiler works passed with the following output:
Change Dir: C:/Git Projects/OpenSees.NET/OpenSees/OTHER/Tetgen/out/build/x64-Debug/CMakeFiles/CMakeTmp

Run Build Command(s):C:/Program Files (x86)/Microsoft Visual Studio/2019/Enterprise/Common7/IDE/CommonExtensions/Microsoft/CMake/Ninja/ninja.exe cmTC_13b2d 
[1/2] Building CXX object CMakeFiles\cmTC_13b2d.dir\testCXXCompiler.cxx.obj
[2/2] Linking CXX executable cmTC_13b2d.exe


Detecting CXX compiler ABI info compiled with the following output:
Change Dir: C:/Git Projects/OpenSees.NET/OpenSees/OTHER/Tetgen/out/build/x64-Debug/CMakeFiles/CMakeTmp

Run Build Command(s):C:/Program Files (x86)/Microsoft Visual Studio/2019/Enterprise/Common7/IDE/CommonExtensions/Microsoft/CMake/Ninja/ninja.exe cmTC_51241 
[1/2] Building CXX object CMakeFiles\cmTC_51241.dir\CMakeCXXCompilerABI.cpp.obj
[2/2] Linking CXX executable cmTC_51241.exe




Detecting CXX [] compiler features compiled with the following output:
Change Dir: C:/Git Projects/OpenSees.NET/OpenSees/OTHER/Tetgen/out/build/x64-Debug/CMakeFiles/CMakeTmp

Run Build Command(s):C:/Program Files (x86)/Microsoft Visual Studio/2019/Enterprise/Common7/IDE/CommonExtensions/Microsoft/CMake/Ninja/ninja.exe cmTC_82bb4 
[1/2] Building CXX object CMakeFiles\cmTC_82bb4.dir\feature_tests.cxx.obj
[2/2] Linking CXX executable cmTC_82bb4.exe


    Feature record: CXX_FEATURE:1cxx_aggregate_default_initializers
    Feature record: CXX_FEATURE:1cxx_alias_templates
    Feature record: CXX_FEATURE:1cxx_alignas
    Feature record: CXX_FEATURE:1cxx_alignof
    Feature record: CXX_FEATURE:1cxx_attributes
    Feature record: CXX_FEATURE:1cxx_attribute_deprecated
    Feature record: CXX_FEATURE:1cxx_auto_type
    Feature record: CXX_FEATURE:1cxx_binary_literals
    Feature record: CXX_FEATURE:1cxx_constexpr
    Feature record: CXX_FEATURE:1cxx_contextual_conversions
    Feature record: CXX_FEATURE:1cxx_decltype
    Feature record: CXX_FEATURE:1cxx_decltype_auto
    Feature record: CXX_FEATURE:1cxx_decltype_incomplete_return_types
    Feature record: CXX_FEATURE:1cxx_default_function_template_args
    Feature record: CXX_FEATURE:1cxx_defaulted_functions
    Feature record: CXX_FEATURE:1cxx_defaulted_move_initializers
    Feature record: CXX_FEATURE:1cxx_delegating_constructors
    Feature record: CXX_FEATURE:1cxx_deleted_functions
    Feature record: CXX_FEATURE:1cxx_digit_separators
    Feature record: CXX_FEATURE:1cxx_enum_forward_declarations
    Feature record: CXX_FEATURE:1cxx_explicit_conversions
    Feature record: CXX_FEATURE:1cxx_extended_friend_declarations
    Feature record: CXX_FEATURE:1cxx_extern_templates
    Feature record: CXX_FEATURE:1cxx_final
    Feature record: CXX_FEATURE:1cxx_func_identifier
    Feature record: CXX_FEATURE:1cxx_generalized_initializers
    Feature record: CXX_FEATURE:1cxx_generic_lambdas
    Feature record: CXX_FEATURE:1cxx_inheriting_constructors
    Feature record: CXX_FEATURE:1cxx_inline_namespaces
    Feature record: CXX_FEATURE:1cxx_lambdas
    Feature record: CXX_FEATURE:1cxx_lambda_init_captures
    Feature record: CXX_FEATURE:1cxx_local_type_template_args
    Feature record: CXX_FEATURE:1cxx_long_long_type
    Feature record: CXX_FEATURE:1cxx_noexcept
    Feature record: CXX_FEATURE:1cxx_nonstatic_member_init
    Feature record: CXX_FEATURE:1cxx_nullptr
    Feature record: CXX_FEATURE:1cxx_override
    Feature record: CXX_FEATURE:1cxx_range_for
    Feature record: CXX_FEATURE:1cxx_raw_string_literals
    Feature record: CXX_FEATURE:1cxx_reference_qualified_functions
    Feature record: CXX_FEATURE:1cxx_return_type_deduction
    Feature record: CXX_FEATURE:1cxx_right_angle_brackets
    Feature record: CXX_FEATURE:1cxx_rvalue_references
    Feature record: CXX_FEATURE:1cxx_sizeof_member
    Feature record: CXX_FEATURE:1cxx_static_assert
    Feature record: CXX_FEATURE:1cxx_strong_enums
    Feature record: CXX_FEATURE:1cxx_template_template_parameters
    Feature record: CXX_FEATURE:1cxx_thread_local
    Feature record: CXX_FEATURE:1cxx_trailing_return_types
    Feature record: CXX_FEATURE:1cxx_unicode_literals
    Feature record: CXX_FEATURE:1cxx_uniform_initialization
    Feature record: CXX_FEATURE:1cxx_unrestricted_unions
    Feature record: CXX_FEATURE:1cxx_user_literals
    Feature record: CXX_FEATURE:1cxx_variable_templates
    Feature record: CXX_FEATURE:1cxx_variadic_macros
    Feature record: CXX_FEATURE:1cxx_variadic_templates
