f:\opensees.net-12-5-2018\win64-wrapper-dll\proj\openseeswrapper\x64\release\vc141.pdb
f:\opensees.net-12-5-2018\win64-wrapper-dll\proj\openseeswrapper\x64\release\beamintegrationwrapper.obj
f:\opensees.net-12-5-2018\win64-wrapper-dll\proj\openseeswrapper\x64\release\timeserieswrapper.obj
f:\opensees.net-12-5-2018\win64-wrapper-dll\proj\openseeswrapper\x64\release\loadwrapper.obj
f:\opensees.net-12-5-2018\win64-wrapper-dll\proj\openseeswrapper\x64\release\groudmotionwrapper.obj
f:\opensees.net-12-5-2018\win64-wrapper-dll\proj\openseeswrapper\x64\release\vectorwrapper.obj
f:\opensees.net-12-5-2018\win64-wrapper-dll\proj\openseeswrapper\x64\release\matrixwrapper.obj
f:\opensees.net-12-5-2018\win64-wrapper-dll\proj\openseeswrapper\x64\release\sectionrepreswrapper.obj
f:\opensees.net-12-5-2018\win64-wrapper-dll\proj\openseeswrapper\x64\release\reinflayerwrapper.obj
f:\opensees.net-12-5-2018\win64-wrapper-dll\proj\openseeswrapper\x64\release\patchwrapper.obj
f:\opensees.net-12-5-2018\win64-wrapper-dll\proj\openseeswrapper\x64\release\crdtransfwrapper.obj
f:\opensees.net-12-5-2018\win64-wrapper-dll\proj\openseeswrapper\x64\release\quadwrapper.obj
f:\opensees.net-12-5-2018\win64-wrapper-dll\proj\openseeswrapper\x64\release\trusswrapper.obj
f:\opensees.net-12-5-2018\win64-wrapper-dll\proj\openseeswrapper\x64\release\shellwrapper.obj
f:\opensees.net-12-5-2018\win64-wrapper-dll\proj\openseeswrapper\x64\release\surfaceloadwrapper.obj
f:\opensees.net-12-5-2018\win64-wrapper-dll\proj\openseeswrapper\x64\release\quad4fiberoverlaywrapper.obj
f:\opensees.net-12-5-2018\win64-wrapper-dll\proj\openseeswrapper\x64\release\otherelementwrapper.obj
f:\opensees.net-12-5-2018\win64-wrapper-dll\proj\openseeswrapper\x64\release\catenarycablewrapper.obj
f:\opensees.net-12-5-2018\win64-wrapper-dll\proj\openseeswrapper\x64\release\brickwrapper.obj
f:\opensees.net-12-5-2018\win64-wrapper-dll\proj\openseeswrapper\x64\release\bearingwrapper.obj
f:\opensees.net-12-5-2018\win64-wrapper-dll\proj\openseeswrapper\x64\release\beamcolumnwrapper.obj
f:\opensees.net-12-5-2018\win64-wrapper-dll\proj\openseeswrapper\x64\release\adapterwrapper.obj
f:\opensees.net-12-5-2018\win64-wrapper-dll\proj\openseeswrapper\x64\release\zerolengthelementwrapper.obj
f:\opensees.net-12-5-2018\win64-wrapper-dll\proj\openseeswrapper\x64\release\coupledzerolengthwrapper.obj
f:\opensees.net-12-5-2018\win64-wrapper-dll\proj\openseeswrapper\x64\release\ulbeamcolumnwrapper.obj
f:\opensees.net-12-5-2018\win64-wrapper-dll\proj\openseeswrapper\x64\release\elementwrapper.obj
f:\opensees.net-12-5-2018\win64-wrapper-dll\proj\openseeswrapper\x64\release\loadpatternwrapper.obj
f:\opensees.net-12-5-2018\win64-wrapper-dll\proj\openseeswrapper\x64\release\nodewrapper.obj
f:\opensees.net-12-5-2018\win64-wrapper-dll\proj\openseeswrapper\x64\release\domainwrapper.obj
f:\opensees.net-12-5-2018\win64-wrapper-dll\proj\openseeswrapper\x64\release\constraintwrapper.obj
f:\opensees.net-12-5-2018\win64-wrapper-dll\proj\openseeswrapper\x64\release\staticintegratorwrapper.obj
f:\opensees.net-12-5-2018\win64-wrapper-dll\proj\openseeswrapper\x64\release\analysiswrapper.obj
f:\opensees.net-12-5-2018\win64-wrapper-dll\proj\openseeswrapper\x64\release\recorderwrapper.obj
f:\opensees.net-12-5-2018\win64-wrapper-dll\proj\openseeswrapper\x64\release\idwrapper.obj
f:\opensees.net-12-5-2018\win64-wrapper-dll\proj\openseeswrapper\x64\release\yieldsurfacewrapper.obj
f:\opensees.net-12-5-2018\win64-wrapper-dll\proj\openseeswrapper\x64\release\uniaxialmaterialwrapper.obj
f:\opensees.net-12-5-2018\win64-wrapper-dll\proj\openseeswrapper\x64\release\limitcurvewrapper.obj
f:\opensees.net-12-5-2018\win64-wrapper-dll\proj\openseeswrapper\x64\release\sectionintegrationwrapper.obj
f:\opensees.net-12-5-2018\win64-wrapper-dll\proj\openseeswrapper\x64\release\quadpatchfiber3dwrapper.obj
f:\opensees.net-12-5-2018\win64-wrapper-dll\proj\openseeswrapper\x64\release\fiberwrapper.obj
f:\opensees.net-12-5-2018\win64-wrapper-dll\proj\openseeswrapper\x64\release\sectionforcedeformationwrapper.obj
f:\opensees.net-12-5-2018\win64-wrapper-dll\proj\openseeswrapper\x64\release\ndmaterialwrapper.obj
f:\opensees.net-12-5-2018\win64-wrapper-dll\proj\openseeswrapper\x64\release\basedomainwrapper.obj
f:\opensees.net-12-5-2018\win64-wrapper-dll\proj\openseeswrapper\x64\release\domaincomponentwrapper.obj
f:\opensees.net-12-5-2018\win64-wrapper-dll\proj\openseeswrapper\x64\release\damagemodelwrapper.obj
f:\opensees.net-12-5-2018\win64-wrapper-dll\proj\openseeswrapper\x64\release\convergencetestwrapper.obj
f:\opensees.net-12-5-2018\win64-wrapper-dll\proj\openseeswrapper\x64\release\assemblyinfo.obj
f:\opensees.net-12-5-2018\win64-wrapper-dll\proj\openseeswrapper\x64\release\dof_numbererwrapper.obj
f:\opensees.net-12-5-2018\win64-wrapper-dll\proj\openseeswrapper\x64\release\analysismodelwrapper.obj
f:\opensees.net-12-5-2018\win64-wrapper-dll\proj\openseeswrapper\x64\release\transientintegratorwrapper.obj
f:\opensees.net-12-5-2018\win64-wrapper-dll\proj\openseeswrapper\x64\release\integratorwrapper.obj
f:\opensees.net-12-5-2018\win64-wrapper-dll\proj\openseeswrapper\x64\release\incrementalintegratorwrapper.obj
f:\opensees.net-12-5-2018\win64-wrapper-dll\proj\openseeswrapper\x64\release\constrainthandlerwrapper.obj
f:\opensees.net-12-5-2018\win64-wrapper-dll\proj\openseeswrapper\x64\release\algorithmswrapper.obj
f:\opensees.net-12-5-2018\win64-wrapper-dll\proj\openseeswrapper\x64\release\graphnumbererwrapper.obj
f:\opensees.net-12-5-2018\win64-wrapper-dll\proj\openseeswrapper\x64\release\baseelementwrapper.obj
f:\opensees.net-12-5-2018\win64-wrapper-dll\proj\openseeswrapper\x64\release\bandspdwrapper.obj
f:\opensees.net-12-5-2018\win64-wrapper-dll\proj\openseeswrapper\x64\release\bandgenwrapper.obj
f:\opensees.net-12-5-2018\win64-wrapper-dll\proj\openseeswrapper\x64\release\arpacksoewrapper.obj
f:\opensees.net-12-5-2018\win64-wrapper-dll\proj\openseeswrapper\x64\release\materialwrapper.obj
f:\opensees.net-12-5-2018\win64-wrapper-dll\proj\openseeswrapper\x64\release\handlerwrapper.obj
f:\opensees.net-12-5-2018\win64-wrapper-dll\proj\openseeswrapper\x64\release\taggedobjectwrapper.obj
f:\opensees.net-12-5-2018\win64-wrapper-dll\proj\openseeswrapper\x64\release\umfpackgenwrapper.obj
f:\opensees.net-12-5-2018\win64-wrapper-dll\proj\openseeswrapper\x64\release\systemofeqnwrapper.obj
f:\opensees.net-12-5-2018\win64-wrapper-dll\proj\openseeswrapper\x64\release\symbandeigenwrapper.obj
f:\opensees.net-12-5-2018\win64-wrapper-dll\proj\openseeswrapper\x64\release\sparsesymwrapper.obj
f:\opensees.net-12-5-2018\win64-wrapper-dll\proj\openseeswrapper\x64\release\solverwrapper.obj
f:\opensees.net-12-5-2018\win64-wrapper-dll\proj\openseeswrapper\x64\release\profilespdwrapper.obj
f:\opensees.net-12-5-2018\win64-wrapper-dll\proj\openseeswrapper\x64\release\linearsoewrapper.obj
f:\opensees.net-12-5-2018\win64-wrapper-dll\proj\openseeswrapper\x64\release\linearsoesolverwrapper.obj
f:\opensees.net-12-5-2018\win64-wrapper-dll\proj\openseeswrapper\x64\release\fullgenwrapper.obj
f:\opensees.net-12-5-2018\win64-wrapper-dll\proj\openseeswrapper\x64\release\eigensolverwrapper.obj
f:\opensees.net-12-5-2018\win64-wrapper-dll\proj\openseeswrapper\x64\release\eigensoewrapper.obj
f:\opensees.net-12-5-2018\win64-wrapper-dll\proj\openseeswrapper\x64\release\diagonalwrapper.obj
f:\opensees.net-12-5-2018\win64-wrapper-dll\proj\openseeswrapper\x64\release\sparsegenwrapper.obj
f:\opensees.net-12-5-2018\win64-wrapper-dll\proj\openseeswrapper\x64\release\.netframework,version=v4.6.1.assemblyattributes.obj
f:\opensees.net-12-5-2018\win64-wrapper-dll\proj\openseeswrapper\x64\release\.netframework,version=v4.6.1.assemblyattributes.asm
f:\opensees.net-12-5-2018\win64-wrapper-dll\proj\openseeswrapper\x64\release\acceleratorwrapper.obj
f:\opensees.net-12-5-2018\win64-wrapper-dll\proj\openseeswrapper\x64\release\opensees.net.x64.dll.pch
f:\opensees.net-12-5-2018\win64-wrapper-dll\proj\openseeswrapper\x64\release\stdafx.obj
f:\opensees.net-12-5-2018\win64-wrapper-dll\proj\openseeswrapper\x64\release\linesearchwrapper.obj
f:\opensees.net-12-5-2018\win64-wrapper-dll\bin\release\opensees.net.x64.dll
f:\opensees.net-12-5-2018\win64-wrapper-dll\bin\release\opensees.net.x64.dll.pdb
f:\opensees.net-12-5-2018\win64-wrapper-dll\proj\openseeswrapper\x64\release\openseeswrapper.tlog\metagen.write.1.tlog
f:\opensees.net-12-5-2018\win64-wrapper-dll\proj\openseeswrapper\x64\release\app.res
f:\opensees.net-12-5-2018\win64-wrapper-dll\proj\openseeswrapper\x64\release\openseeswrapper.vcxprojassemblyreference.cache
f:\opensees.net-12-5-2018\win64-wrapper-dll\proj\openseeswrapper\x64\release\openseeswrapper.vcxprojresolveassemblyreference.cache
f:\opensees.net-12-5-2018\win64-wrapper-dll\proj\openseeswrapper\x64\release\allcrdtransf3dwrapper.obj
f:\opensees.net-12-5-2018\win64-wrapper-dll\proj\openseeswrapper\x64\release\bandspdlinlapacksolverwrapper.obj
f:\opensees.net-12-5-2018\win64-wrapper-dll\proj\openseeswrapper\x64\release\bandspdlinsoewrapper.obj
f:\opensees.net-12-5-2018\win64-wrapper-dll\proj\openseeswrapper\x64\release\bandspdlinsolverwrapper.obj
f:\opensees.net-12-5-2018\win64-wrapper-dll\proj\openseeswrapper\x64\release\circpatchwrapper.obj
f:\opensees.net-12-5-2018\win64-wrapper-dll\proj\openseeswrapper\x64\release\circreinflayerwrapper.obj
f:\opensees.net-12-5-2018\win64-wrapper-dll\proj\openseeswrapper\x64\release\concrete01wrapper.obj
f:\opensees.net-12-5-2018\win64-wrapper-dll\proj\openseeswrapper\x64\release\concrete02wrapper.obj
f:\opensees.net-12-5-2018\win64-wrapper-dll\proj\openseeswrapper\x64\release\corotcrdtransf2dwrapper.obj
f:\opensees.net-12-5-2018\win64-wrapper-dll\proj\openseeswrapper\x64\release\ctestenergyincrwrapper.obj
f:\opensees.net-12-5-2018\win64-wrapper-dll\proj\openseeswrapper\x64\release\ctestnormdispincrwrapper.obj
f:\opensees.net-12-5-2018\win64-wrapper-dll\proj\openseeswrapper\x64\release\directintegrationanalysiswrapper.obj
f:\opensees.net-12-5-2018\win64-wrapper-dll\proj\openseeswrapper\x64\release\dispbeamcolumn3dwrapper.obj
f:\opensees.net-12-5-2018\win64-wrapper-dll\proj\openseeswrapper\x64\release\earthquakepatternwrapper.obj
f:\opensees.net-12-5-2018\win64-wrapper-dll\proj\openseeswrapper\x64\release\elasticbeam2dwrapper.obj
f:\opensees.net-12-5-2018\win64-wrapper-dll\proj\openseeswrapper\x64\release\elasticisotropicmaterialwrapper.obj
f:\opensees.net-12-5-2018\win64-wrapper-dll\proj\openseeswrapper\x64\release\elasticmaterialwrapper.obj
f:\opensees.net-12-5-2018\win64-wrapper-dll\proj\openseeswrapper\x64\release\elasticsection3dwrapper.obj
f:\opensees.net-12-5-2018\win64-wrapper-dll\proj\openseeswrapper\x64\release\equisolnalgowrapper.obj
f:\opensees.net-12-5-2018\win64-wrapper-dll\proj\openseeswrapper\x64\release\fibersection2dwrapper.obj
f:\opensees.net-12-5-2018\win64-wrapper-dll\proj\openseeswrapper\x64\release\fibersection3dwrapper.obj
f:\opensees.net-12-5-2018\win64-wrapper-dll\proj\openseeswrapper\x64\release\fibersectionreprwrapper.obj
f:\opensees.net-12-5-2018\win64-wrapper-dll\proj\openseeswrapper\x64\release\forcebeamcolumn2dwrapper.obj
f:\opensees.net-12-5-2018\win64-wrapper-dll\proj\openseeswrapper\x64\release\forcebeamcolumn3dwrapper.obj
f:\opensees.net-12-5-2018\win64-wrapper-dll\proj\openseeswrapper\x64\release\fournodequad3dwrapper.obj
f:\opensees.net-12-5-2018\win64-wrapper-dll\proj\openseeswrapper\x64\release\fullgeneigensoewrapper.obj
f:\opensees.net-12-5-2018\win64-wrapper-dll\proj\openseeswrapper\x64\release\fullgeneigensolverwrapper.obj
f:\opensees.net-12-5-2018\win64-wrapper-dll\proj\openseeswrapper\x64\release\linearcrdtransf2dwrapper.obj
f:\opensees.net-12-5-2018\win64-wrapper-dll\proj\openseeswrapper\x64\release\linearserieswrapper.obj
f:\opensees.net-12-5-2018\win64-wrapper-dll\proj\openseeswrapper\x64\release\linearwrapper.obj
f:\opensees.net-12-5-2018\win64-wrapper-dll\proj\openseeswrapper\x64\release\loadcontrolwrapper.obj
f:\opensees.net-12-5-2018\win64-wrapper-dll\proj\openseeswrapper\x64\release\minmaxwrapper.obj
f:\opensees.net-12-5-2018\win64-wrapper-dll\proj\openseeswrapper\x64\release\nodalloadwrapper.obj
f:\opensees.net-12-5-2018\win64-wrapper-dll\proj\openseeswrapper\x64\release\pathserieswrapper.obj
f:\opensees.net-12-5-2018\win64-wrapper-dll\proj\openseeswrapper\x64\release\pathtimeserieswrapper.obj
f:\opensees.net-12-5-2018\win64-wrapper-dll\proj\openseeswrapper\x64\release\pdeltacrdtransf2dwrapper.obj
f:\opensees.net-12-5-2018\win64-wrapper-dll\proj\openseeswrapper\x64\release\plainhandlerwrapper.obj
f:\opensees.net-12-5-2018\win64-wrapper-dll\proj\openseeswrapper\x64\release\profilespdlindirectsolverwrapper.obj
f:\opensees.net-12-5-2018\win64-wrapper-dll\proj\openseeswrapper\x64\release\profilespdlinsoewrapper.obj
f:\opensees.net-12-5-2018\win64-wrapper-dll\proj\openseeswrapper\x64\release\profilespdlinsolverwrapper.obj
f:\opensees.net-12-5-2018\win64-wrapper-dll\proj\openseeswrapper\x64\release\quadpatchwrapper.obj
f:\opensees.net-12-5-2018\win64-wrapper-dll\proj\openseeswrapper\x64\release\rcmwrapper.obj
f:\opensees.net-12-5-2018\win64-wrapper-dll\proj\openseeswrapper\x64\release\solutionalgorithmwrapper.obj
f:\opensees.net-12-5-2018\win64-wrapper-dll\proj\openseeswrapper\x64\release\sp_constraintwrapper.obj
f:\opensees.net-12-5-2018\win64-wrapper-dll\proj\openseeswrapper\x64\release\staticanalysiswrapper.obj
f:\opensees.net-12-5-2018\win64-wrapper-dll\proj\openseeswrapper\x64\release\steel01wrapper.obj
f:\opensees.net-12-5-2018\win64-wrapper-dll\proj\openseeswrapper\x64\release\steel02wrapper.obj
f:\opensees.net-12-5-2018\win64-wrapper-dll\proj\openseeswrapper\x64\release\straightreinflayerwrapper.obj
f:\opensees.net-12-5-2018\win64-wrapper-dll\proj\openseeswrapper\x64\release\symbandeigensoewrapper.obj
f:\opensees.net-12-5-2018\win64-wrapper-dll\proj\openseeswrapper\x64\release\symbandeigensolverwrapper.obj
f:\opensees.net-12-5-2018\win64-wrapper-dll\proj\openseeswrapper\x64\release\timeseriesintegratorwrapper.obj
f:\opensees.net-12-5-2018\win64-wrapper-dll\proj\openseeswrapper\x64\release\transformationconstrainthandlerwrapper.obj
f:\opensees.net-12-5-2018\win64-wrapper-dll\proj\openseeswrapper\x64\release\transientanalysiswrapper.obj
f:\opensees.net-12-5-2018\win64-wrapper-dll\proj\openseeswrapper\x64\release\trapezoidaltimeseriesintegratorwrapper.obj
f:\opensees.net-12-5-2018\win64-wrapper-dll\proj\openseeswrapper\x64\release\uniaxialfiber2dwrapper.obj
f:\opensees.net-12-5-2018\win64-wrapper-dll\proj\openseeswrapper\x64\release\uniaxialfiber3dwrapper.obj
f:\opensees.net-12-5-2018\win64-wrapper-dll\proj\openseeswrapper\x64\release\uniformexcitationwrapper.obj
f:\opensees.net-12-5-2018\win64-wrapper-dll\proj\openseeswrapper\x64\release\opensees.net.x64.pch
f:\opensees.net-12-5-2018\win64-wrapper-dll\\bin\release\opensees.net.x64.dll.pdb
f:\opensees.net-12-5-2018\win64-wrapper-dll\proj\openseeswrapper\x64\release\openseeswrapper.tlog\cl.command.1.tlog
f:\opensees.net-12-5-2018\win64-wrapper-dll\proj\openseeswrapper\x64\release\openseeswrapper.tlog\cl.read.1.tlog
f:\opensees.net-12-5-2018\win64-wrapper-dll\proj\openseeswrapper\x64\release\openseeswrapper.tlog\cl.write.1.tlog
f:\opensees.net-12-5-2018\win64-wrapper-dll\proj\openseeswrapper\x64\release\openseeswrapper.tlog\link.command.1.tlog
f:\opensees.net-12-5-2018\win64-wrapper-dll\proj\openseeswrapper\x64\release\openseeswrapper.tlog\link.delete.1.tlog
f:\opensees.net-12-5-2018\win64-wrapper-dll\proj\openseeswrapper\x64\release\openseeswrapper.tlog\link.read.1.tlog
f:\opensees.net-12-5-2018\win64-wrapper-dll\proj\openseeswrapper\x64\release\openseeswrapper.tlog\link.write.1.tlog
f:\opensees.net-12-5-2018\win64-wrapper-dll\proj\openseeswrapper\x64\release\openseeswrapper.tlog\metagen.read.1.tlog
f:\opensees.net-12-5-2018\win64-wrapper-dll\proj\openseeswrapper\x64\release\openseeswrapper.tlog\rc.command.1.tlog
f:\opensees.net-12-5-2018\win64-wrapper-dll\proj\openseeswrapper\x64\release\openseeswrapper.tlog\rc.read.1.tlog
f:\opensees.net-12-5-2018\win64-wrapper-dll\proj\openseeswrapper\x64\release\openseeswrapper.tlog\rc.write.1.tlog
f:\opensees.net-12-5-2018\win64-wrapper-dll\proj\openseeswrapper\x64\release\openseeswrapper.tlog\system.data.dll.metagen
f:\opensees.net-12-5-2018\win64-wrapper-dll\proj\openseeswrapper\x64\release\openseeswrapper.tlog\system.dll.metagen
f:\opensees.net-12-5-2018\win64-wrapper-dll\proj\openseeswrapper\x64\release\openseeswrapper.tlog\system.xml.dll.metagen
f:\opensees.net-12-5-2018\win64-wrapper-dll\proj\openseeswrapper\x64\release\openseeswrapper.tlog\tzres.dll.bi
